[0.062s] DEBUG:colcon:Command line arguments: ['/usr/bin/colcon', 'build', '--packages-select', 'holoocean_interfaces']
[0.062s] DEBUG:colcon:Parsed command line arguments: Namespace(log_base=None, log_level=None, verb_name='build', build_base='build', install_base='install', merge_install=False, symlink_install=False, test_result_base=None, continue_on_error=False, executor='parallel', parallel_workers=20, event_handlers=None, ignore_user_meta=False, metas=['./colcon.meta'], base_paths=['.'], packages_ignore=None, packages_ignore_regex=None, paths=None, packages_up_to=None, packages_up_to_regex=None, packages_above=None, packages_above_and_dependencies=None, packages_above_depth=None, packages_select_by_dep=None, packages_skip_by_dep=None, packages_skip_up_to=None, packages_select_build_failed=False, packages_skip_build_finished=False, packages_select_test_failures=False, packages_skip_test_passed=False, packages_select=['holoocean_interfaces'], packages_skip=None, packages_select_regex=None, packages_skip_regex=None, packages_start=None, packages_end=None, allow_overriding=[], cmake_args=None, cmake_target=None, cmake_target_skip_unavailable=False, cmake_clean_cache=False, cmake_clean_first=False, cmake_force_configure=False, ament_cmake_args=None, catkin_cmake_args=None, catkin_skip_building_tests=False, verb_parser=<colcon_defaults.argument_parser.defaults.DefaultArgumentsDecorator object at 0x7f60d7bebf40>, verb_extension=<colcon_core.verb.build.BuildVerb object at 0x7f60d7b2d210>, main=<bound method BuildVerb.main of <colcon_core.verb.build.BuildVerb object at 0x7f60d7b2d210>>)
[0.163s] Level 1:colcon.colcon_core.package_discovery:discover_packages(colcon_meta) check parameters
[0.164s] Level 1:colcon.colcon_core.package_discovery:discover_packages(recursive) check parameters
[0.164s] Level 1:colcon.colcon_core.package_discovery:discover_packages(ignore) check parameters
[0.164s] Level 1:colcon.colcon_core.package_discovery:discover_packages(path) check parameters
[0.164s] Level 1:colcon.colcon_core.package_discovery:discover_packages(colcon_meta) discover
[0.164s] Level 1:colcon.colcon_core.package_discovery:discover_packages(recursive) discover
[0.164s] INFO:colcon.colcon_core.package_discovery:Crawling recursively for packages in '/home/bradenmeyers/ros2ws/src/holoocean_interfaces'
[0.164s] Level 1:colcon.colcon_core.package_identification:_identify(.) by extensions ['ignore', 'ignore_ament_install']
[0.164s] Level 1:colcon.colcon_core.package_identification:_identify(.) by extension 'ignore'
[0.164s] Level 1:colcon.colcon_core.package_identification:_identify(.) by extension 'ignore_ament_install'
[0.164s] Level 1:colcon.colcon_core.package_identification:_identify(.) by extensions ['colcon_pkg']
[0.164s] Level 1:colcon.colcon_core.package_identification:_identify(.) by extension 'colcon_pkg'
[0.164s] Level 1:colcon.colcon_core.package_identification:_identify(.) by extensions ['colcon_meta']
[0.164s] Level 1:colcon.colcon_core.package_identification:_identify(.) by extension 'colcon_meta'
[0.164s] Level 1:colcon.colcon_core.package_identification:_identify(.) by extensions ['ros']
[0.164s] Level 1:colcon.colcon_core.package_identification:_identify(.) by extension 'ros'
[0.172s] DEBUG:colcon.colcon_core.package_identification:Package '.' with type 'ros.ament_cmake' and name 'holoocean_interfaces'
[0.172s] Level 1:colcon.colcon_core.package_discovery:discover_packages(recursive) using defaults
[0.172s] Level 1:colcon.colcon_core.package_discovery:discover_packages(ignore) discover
[0.172s] Level 1:colcon.colcon_core.package_discovery:discover_packages(ignore) using defaults
[0.172s] Level 1:colcon.colcon_core.package_discovery:discover_packages(path) discover
[0.172s] Level 1:colcon.colcon_core.package_discovery:discover_packages(path) using defaults
[0.190s] Level 1:colcon.colcon_core.package_discovery:discover_packages(prefix_path) check parameters
[0.190s] Level 1:colcon.colcon_core.package_discovery:discover_packages(prefix_path) discover
[0.191s] DEBUG:colcon.colcon_installed_package_information.package_discovery:Found 5 installed packages in /home/bradenmeyers/ros2ws/install
[0.192s] DEBUG:colcon.colcon_installed_package_information.package_discovery:Found 270 installed packages in /opt/ros/humble
[0.192s] Level 1:colcon.colcon_core.package_discovery:discover_packages(prefix_path) using defaults
[0.213s] Level 5:colcon.colcon_core.verb:set package 'holoocean_interfaces' build argument 'cmake_args' from command line to 'None'
[0.214s] Level 5:colcon.colcon_core.verb:set package 'holoocean_interfaces' build argument 'cmake_target' from command line to 'None'
[0.214s] Level 5:colcon.colcon_core.verb:set package 'holoocean_interfaces' build argument 'cmake_target_skip_unavailable' from command line to 'False'
[0.214s] Level 5:colcon.colcon_core.verb:set package 'holoocean_interfaces' build argument 'cmake_clean_cache' from command line to 'False'
[0.214s] Level 5:colcon.colcon_core.verb:set package 'holoocean_interfaces' build argument 'cmake_clean_first' from command line to 'False'
[0.214s] Level 5:colcon.colcon_core.verb:set package 'holoocean_interfaces' build argument 'cmake_force_configure' from command line to 'False'
[0.214s] Level 5:colcon.colcon_core.verb:set package 'holoocean_interfaces' build argument 'ament_cmake_args' from command line to 'None'
[0.214s] Level 5:colcon.colcon_core.verb:set package 'holoocean_interfaces' build argument 'catkin_cmake_args' from command line to 'None'
[0.214s] Level 5:colcon.colcon_core.verb:set package 'holoocean_interfaces' build argument 'catkin_skip_building_tests' from command line to 'False'
[0.214s] DEBUG:colcon.colcon_core.verb:Building package 'holoocean_interfaces' with the following arguments: {'ament_cmake_args': None, 'build_base': '/home/bradenmeyers/ros2ws/src/holoocean_interfaces/build/holoocean_interfaces', 'catkin_cmake_args': None, 'catkin_skip_building_tests': False, 'cmake_args': None, 'cmake_clean_cache': False, 'cmake_clean_first': False, 'cmake_force_configure': False, 'cmake_target': None, 'cmake_target_skip_unavailable': False, 'install_base': '/home/bradenmeyers/ros2ws/src/holoocean_interfaces/install/holoocean_interfaces', 'merge_install': False, 'path': '/home/bradenmeyers/ros2ws/src/holoocean_interfaces', 'symlink_install': False, 'test_result_base': None}
[0.214s] INFO:colcon.colcon_core.executor:Executing jobs using 'parallel' executor
[0.214s] DEBUG:colcon.colcon_parallel_executor.executor.parallel:run_until_complete
[0.215s] INFO:colcon.colcon_ros.task.ament_cmake.build:Building ROS package in '/home/bradenmeyers/ros2ws/src/holoocean_interfaces' with build type 'ament_cmake'
[0.215s] INFO:colcon.colcon_cmake.task.cmake.build:Building CMake package in '/home/bradenmeyers/ros2ws/src/holoocean_interfaces'
[0.216s] INFO:colcon.colcon_core.plugin_system:Skipping extension 'colcon_core.shell.bat': Not used on non-Windows systems
[0.216s] INFO:colcon.colcon_core.shell:Skip shell extension 'powershell' for command environment: Not usable outside of PowerShell
[0.216s] DEBUG:colcon.colcon_core.shell:Skip shell extension 'dsv' for command environment
[0.221s] DEBUG:colcon.colcon_core.event_handler.log_command:Invoking command in '/home/bradenmeyers/ros2ws/src/holoocean_interfaces/build/holoocean_interfaces': CMAKE_PREFIX_PATH=${CMAKE_PREFIX_PATH}:/opt/ros/humble:/home/bradenmeyers/ros2ws/install/py_pubsub:/home/bradenmeyers/ros2ws/install/python_parameters:/home/bradenmeyers/ros2ws/install/my_package /usr/bin/cmake /home/bradenmeyers/ros2ws/src/holoocean_interfaces -DCMAKE_INSTALL_PREFIX=/home/bradenmeyers/ros2ws/src/holoocean_interfaces/install/holoocean_interfaces
[1.191s] DEBUG:colcon.colcon_core.event_handler.log_command:Invoked command in '/home/bradenmeyers/ros2ws/src/holoocean_interfaces/build/holoocean_interfaces' returned '0': CMAKE_PREFIX_PATH=${CMAKE_PREFIX_PATH}:/opt/ros/humble:/home/bradenmeyers/ros2ws/install/py_pubsub:/home/bradenmeyers/ros2ws/install/python_parameters:/home/bradenmeyers/ros2ws/install/my_package /usr/bin/cmake /home/bradenmeyers/ros2ws/src/holoocean_interfaces -DCMAKE_INSTALL_PREFIX=/home/bradenmeyers/ros2ws/src/holoocean_interfaces/install/holoocean_interfaces
[1.193s] DEBUG:colcon.colcon_core.event_handler.log_command:Invoking command in '/home/bradenmeyers/ros2ws/src/holoocean_interfaces/build/holoocean_interfaces': CMAKE_PREFIX_PATH=${CMAKE_PREFIX_PATH}:/opt/ros/humble:/home/bradenmeyers/ros2ws/install/py_pubsub:/home/bradenmeyers/ros2ws/install/python_parameters:/home/bradenmeyers/ros2ws/install/my_package /usr/bin/cmake --build /home/bradenmeyers/ros2ws/src/holoocean_interfaces/build/holoocean_interfaces -- -j20 -l20
[6.453s] DEBUG:colcon.colcon_core.event_handler.log_command:Invoked command in '/home/bradenmeyers/ros2ws/src/holoocean_interfaces/build/holoocean_interfaces' returned '0': CMAKE_PREFIX_PATH=${CMAKE_PREFIX_PATH}:/opt/ros/humble:/home/bradenmeyers/ros2ws/install/py_pubsub:/home/bradenmeyers/ros2ws/install/python_parameters:/home/bradenmeyers/ros2ws/install/my_package /usr/bin/cmake --build /home/bradenmeyers/ros2ws/src/holoocean_interfaces/build/holoocean_interfaces -- -j20 -l20
[6.780s] DEBUG:colcon.colcon_core.event_handler.log_command:Invoking command in '/home/bradenmeyers/ros2ws/src/holoocean_interfaces/build/holoocean_interfaces': CMAKE_PREFIX_PATH=${CMAKE_PREFIX_PATH}:/opt/ros/humble:/home/bradenmeyers/ros2ws/install/py_pubsub:/home/bradenmeyers/ros2ws/install/python_parameters:/home/bradenmeyers/ros2ws/install/my_package /usr/bin/cmake --install /home/bradenmeyers/ros2ws/src/holoocean_interfaces/build/holoocean_interfaces
[6.850s] Level 1:colcon.colcon_core.environment:create_environment_scripts_only(holoocean_interfaces)
[6.851s] DEBUG:colcon.colcon_core.event_handler.log_command:Invoked command in '/home/bradenmeyers/ros2ws/src/holoocean_interfaces/build/holoocean_interfaces' returned '0': CMAKE_PREFIX_PATH=${CMAKE_PREFIX_PATH}:/opt/ros/humble:/home/bradenmeyers/ros2ws/install/py_pubsub:/home/bradenmeyers/ros2ws/install/python_parameters:/home/bradenmeyers/ros2ws/install/my_package /usr/bin/cmake --install /home/bradenmeyers/ros2ws/src/holoocean_interfaces/build/holoocean_interfaces
[6.852s] Level 1:colcon.colcon_core.environment:checking '/home/bradenmeyers/ros2ws/src/holoocean_interfaces/install/holoocean_interfaces' for CMake module files
[6.852s] Level 1:colcon.colcon_core.environment:checking '/home/bradenmeyers/ros2ws/src/holoocean_interfaces/install/holoocean_interfaces' for CMake config files
[6.853s] Level 1:colcon.colcon_core.shell:create_environment_hook('holoocean_interfaces', 'cmake_prefix_path')
[6.853s] INFO:colcon.colcon_core.shell:Creating environment hook '/home/bradenmeyers/ros2ws/src/holoocean_interfaces/install/holoocean_interfaces/share/holoocean_interfaces/hook/cmake_prefix_path.ps1'
[6.853s] INFO:colcon.colcon_core.shell:Creating environment descriptor '/home/bradenmeyers/ros2ws/src/holoocean_interfaces/install/holoocean_interfaces/share/holoocean_interfaces/hook/cmake_prefix_path.dsv'
[6.853s] INFO:colcon.colcon_core.shell:Creating environment hook '/home/bradenmeyers/ros2ws/src/holoocean_interfaces/install/holoocean_interfaces/share/holoocean_interfaces/hook/cmake_prefix_path.sh'
[6.854s] Level 1:colcon.colcon_core.environment:checking '/home/bradenmeyers/ros2ws/src/holoocean_interfaces/install/holoocean_interfaces/lib'
[6.854s] Level 1:colcon.colcon_core.shell:create_environment_hook('holoocean_interfaces', 'ld_library_path_lib')
[6.854s] INFO:colcon.colcon_core.shell:Creating environment hook '/home/bradenmeyers/ros2ws/src/holoocean_interfaces/install/holoocean_interfaces/share/holoocean_interfaces/hook/ld_library_path_lib.ps1'
[6.854s] INFO:colcon.colcon_core.shell:Creating environment descriptor '/home/bradenmeyers/ros2ws/src/holoocean_interfaces/install/holoocean_interfaces/share/holoocean_interfaces/hook/ld_library_path_lib.dsv'
[6.854s] INFO:colcon.colcon_core.shell:Creating environment hook '/home/bradenmeyers/ros2ws/src/holoocean_interfaces/install/holoocean_interfaces/share/holoocean_interfaces/hook/ld_library_path_lib.sh'
[6.855s] Level 1:colcon.colcon_core.environment:checking '/home/bradenmeyers/ros2ws/src/holoocean_interfaces/install/holoocean_interfaces/bin'
[6.855s] Level 1:colcon.colcon_core.environment:checking '/home/bradenmeyers/ros2ws/src/holoocean_interfaces/install/holoocean_interfaces/lib/pkgconfig/holoocean_interfaces.pc'
[6.855s] Level 1:colcon.colcon_core.environment:checking '/home/bradenmeyers/ros2ws/src/holoocean_interfaces/install/holoocean_interfaces/lib/python3.10/site-packages'
[6.855s] Level 1:colcon.colcon_core.environment:checking '/home/bradenmeyers/ros2ws/src/holoocean_interfaces/install/holoocean_interfaces/bin'
[6.855s] INFO:colcon.colcon_core.shell:Creating package script '/home/bradenmeyers/ros2ws/src/holoocean_interfaces/install/holoocean_interfaces/share/holoocean_interfaces/package.ps1'
[6.856s] INFO:colcon.colcon_core.shell:Creating package descriptor '/home/bradenmeyers/ros2ws/src/holoocean_interfaces/install/holoocean_interfaces/share/holoocean_interfaces/package.dsv'
[6.856s] INFO:colcon.colcon_core.shell:Creating package script '/home/bradenmeyers/ros2ws/src/holoocean_interfaces/install/holoocean_interfaces/share/holoocean_interfaces/package.sh'
[6.856s] INFO:colcon.colcon_core.shell:Creating package script '/home/bradenmeyers/ros2ws/src/holoocean_interfaces/install/holoocean_interfaces/share/holoocean_interfaces/package.bash'
[6.857s] INFO:colcon.colcon_core.shell:Creating package script '/home/bradenmeyers/ros2ws/src/holoocean_interfaces/install/holoocean_interfaces/share/holoocean_interfaces/package.zsh'
[6.857s] Level 1:colcon.colcon_core.environment:create_file_with_runtime_dependencies(/home/bradenmeyers/ros2ws/src/holoocean_interfaces/install/holoocean_interfaces/share/colcon-core/packages/holoocean_interfaces)
[7.142s] Level 1:colcon.colcon_core.environment:create_environment_scripts_only(holoocean_interfaces)
[7.142s] Level 1:colcon.colcon_core.environment:checking '/home/bradenmeyers/ros2ws/src/holoocean_interfaces/install/holoocean_interfaces' for CMake module files
[7.143s] Level 1:colcon.colcon_core.environment:checking '/home/bradenmeyers/ros2ws/src/holoocean_interfaces/install/holoocean_interfaces' for CMake config files
[7.143s] Level 1:colcon.colcon_core.shell:create_environment_hook('holoocean_interfaces', 'cmake_prefix_path')
[7.143s] INFO:colcon.colcon_core.shell:Creating environment hook '/home/bradenmeyers/ros2ws/src/holoocean_interfaces/install/holoocean_interfaces/share/holoocean_interfaces/hook/cmake_prefix_path.ps1'
[7.144s] INFO:colcon.colcon_core.shell:Creating environment descriptor '/home/bradenmeyers/ros2ws/src/holoocean_interfaces/install/holoocean_interfaces/share/holoocean_interfaces/hook/cmake_prefix_path.dsv'
[7.144s] INFO:colcon.colcon_core.shell:Creating environment hook '/home/bradenmeyers/ros2ws/src/holoocean_interfaces/install/holoocean_interfaces/share/holoocean_interfaces/hook/cmake_prefix_path.sh'
[7.144s] Level 1:colcon.colcon_core.environment:checking '/home/bradenmeyers/ros2ws/src/holoocean_interfaces/install/holoocean_interfaces/lib'
[7.145s] Level 1:colcon.colcon_core.shell:create_environment_hook('holoocean_interfaces', 'ld_library_path_lib')
[7.145s] INFO:colcon.colcon_core.shell:Creating environment hook '/home/bradenmeyers/ros2ws/src/holoocean_interfaces/install/holoocean_interfaces/share/holoocean_interfaces/hook/ld_library_path_lib.ps1'
[7.145s] INFO:colcon.colcon_core.shell:Creating environment descriptor '/home/bradenmeyers/ros2ws/src/holoocean_interfaces/install/holoocean_interfaces/share/holoocean_interfaces/hook/ld_library_path_lib.dsv'
[7.145s] INFO:colcon.colcon_core.shell:Creating environment hook '/home/bradenmeyers/ros2ws/src/holoocean_interfaces/install/holoocean_interfaces/share/holoocean_interfaces/hook/ld_library_path_lib.sh'
[7.146s] Level 1:colcon.colcon_core.environment:checking '/home/bradenmeyers/ros2ws/src/holoocean_interfaces/install/holoocean_interfaces/bin'
[7.146s] Level 1:colcon.colcon_core.environment:checking '/home/bradenmeyers/ros2ws/src/holoocean_interfaces/install/holoocean_interfaces/lib/pkgconfig/holoocean_interfaces.pc'
[7.146s] Level 1:colcon.colcon_core.environment:checking '/home/bradenmeyers/ros2ws/src/holoocean_interfaces/install/holoocean_interfaces/lib/python3.10/site-packages'
[7.146s] Level 1:colcon.colcon_core.environment:checking '/home/bradenmeyers/ros2ws/src/holoocean_interfaces/install/holoocean_interfaces/bin'
[7.147s] INFO:colcon.colcon_core.shell:Creating package script '/home/bradenmeyers/ros2ws/src/holoocean_interfaces/install/holoocean_interfaces/share/holoocean_interfaces/package.ps1'
[7.147s] INFO:colcon.colcon_core.shell:Creating package descriptor '/home/bradenmeyers/ros2ws/src/holoocean_interfaces/install/holoocean_interfaces/share/holoocean_interfaces/package.dsv'
[7.147s] INFO:colcon.colcon_core.shell:Creating package script '/home/bradenmeyers/ros2ws/src/holoocean_interfaces/install/holoocean_interfaces/share/holoocean_interfaces/package.sh'
[7.148s] INFO:colcon.colcon_core.shell:Creating package script '/home/bradenmeyers/ros2ws/src/holoocean_interfaces/install/holoocean_interfaces/share/holoocean_interfaces/package.bash'
[7.149s] INFO:colcon.colcon_core.shell:Creating package script '/home/bradenmeyers/ros2ws/src/holoocean_interfaces/install/holoocean_interfaces/share/holoocean_interfaces/package.zsh'
[7.149s] Level 1:colcon.colcon_core.environment:create_file_with_runtime_dependencies(/home/bradenmeyers/ros2ws/src/holoocean_interfaces/install/holoocean_interfaces/share/colcon-core/packages/holoocean_interfaces)
[7.149s] DEBUG:colcon.colcon_parallel_executor.executor.parallel:closing loop
[7.150s] DEBUG:colcon.colcon_parallel_executor.executor.parallel:loop closed
[7.150s] DEBUG:colcon.colcon_parallel_executor.executor.parallel:run_until_complete finished with '0'
[7.150s] DEBUG:colcon.colcon_core.event_reactor:joining thread
[7.155s] INFO:colcon.colcon_core.plugin_system:Skipping extension 'colcon_notification.desktop_notification.terminal_notifier': Not used on non-Darwin systems
[7.155s] INFO:colcon.colcon_core.plugin_system:Skipping extension 'colcon_notification.desktop_notification.win32': Not used on non-Windows systems
[7.155s] INFO:colcon.colcon_notification.desktop_notification:Sending desktop notification using 'notify2'
[7.175s] DEBUG:colcon.colcon_core.event_reactor:joined thread
[7.175s] INFO:colcon.colcon_core.shell:Creating prefix script '/home/bradenmeyers/ros2ws/src/holoocean_interfaces/install/local_setup.ps1'
[7.176s] INFO:colcon.colcon_core.shell:Creating prefix util module '/home/bradenmeyers/ros2ws/src/holoocean_interfaces/install/_local_setup_util_ps1.py'
[7.178s] INFO:colcon.colcon_core.shell:Creating prefix chain script '/home/bradenmeyers/ros2ws/src/holoocean_interfaces/install/setup.ps1'
[7.179s] INFO:colcon.colcon_core.shell:Creating prefix script '/home/bradenmeyers/ros2ws/src/holoocean_interfaces/install/local_setup.sh'
[7.180s] INFO:colcon.colcon_core.shell:Creating prefix util module '/home/bradenmeyers/ros2ws/src/holoocean_interfaces/install/_local_setup_util_sh.py'
[7.180s] INFO:colcon.colcon_core.shell:Creating prefix chain script '/home/bradenmeyers/ros2ws/src/holoocean_interfaces/install/setup.sh'
[7.182s] INFO:colcon.colcon_core.shell:Creating prefix script '/home/bradenmeyers/ros2ws/src/holoocean_interfaces/install/local_setup.bash'
[7.182s] INFO:colcon.colcon_core.shell:Creating prefix chain script '/home/bradenmeyers/ros2ws/src/holoocean_interfaces/install/setup.bash'
[7.183s] INFO:colcon.colcon_core.shell:Creating prefix script '/home/bradenmeyers/ros2ws/src/holoocean_interfaces/install/local_setup.zsh'
[7.183s] INFO:colcon.colcon_core.shell:Creating prefix chain script '/home/bradenmeyers/ros2ws/src/holoocean_interfaces/install/setup.zsh'
