-- Found ament_cmake: 1.3.9 (/opt/ros/humble/share/ament_cmake/cmake)
-- Found rosidl_default_generators: 1.2.0 (/opt/ros/humble/share/rosidl_default_generators/cmake)
-- Using all available rosidl_typesupport_c: rosidl_typesupport_fastrtps_c;rosidl_typesupport_introspection_c
-- Found rosidl_adapter: 3.1.5 (/opt/ros/humble/share/rosidl_adapter/cmake)
-- Using all available rosidl_typesupport_cpp: rosidl_typesupport_fastrtps_cpp;rosidl_typesupport_introspection_cpp
-- Found std_msgs: 4.2.4 (/opt/ros/humble/share/std_msgs/cmake)
-- Found ament_lint_auto: 0.12.11 (/opt/ros/humble/share/ament_lint_auto/cmake)
-- Found ament_cmake_ros: 0.10.0 (/opt/ros/humble/share/ament_cmake_ros/cmake)
-- Using all available rosidl_typesupport_c: rosidl_typesupport_fastrtps_c;rosidl_typesupport_introspection_c
-- Using all available rosidl_typesupport_cpp: rosidl_typesupport_fastrtps_cpp;rosidl_typesupport_introspection_cpp
-- Found PythonInterp: /usr/bin/python3 (found suitable version "3.10.12", minimum required is "3.6") 
-- Found python_cmake_module: 0.10.0 (/opt/ros/humble/share/python_cmake_module/cmake)
-- Found PythonLibs: /usr/lib/x86_64-linux-gnu/libpython3.10.so (found suitable version "3.10.12", minimum required is "3.5") 
-- Using PYTHON_EXECUTABLE: /usr/bin/python3
-- Using PYTHON_INCLUDE_DIRS: /usr/include/python3.10
-- Using PYTHON_LIBRARIES: /usr/lib/x86_64-linux-gnu/libpython3.10.so
-- Found PythonExtra: .so  
-- Added test 'cppcheck' to perform static code analysis on C / C++ code
-- Configured cppcheck include dirs: $<BUILD_INTERFACE:/home/bradenmeyers/ros2ws/src/holoocean_interfaces/build/holoocean_interfaces/rosidl_generator_c>;$<BUILD_INTERFACE:/home/bradenmeyers/ros2ws/src/holoocean_interfaces/build/holoocean_interfaces/rosidl_typesupport_fastrtps_c>;$<BUILD_INTERFACE:/home/bradenmeyers/ros2ws/src/holoocean_interfaces/build/holoocean_interfaces/rosidl_typesupport_introspection_c>;$<BUILD_INTERFACE:/home/bradenmeyers/ros2ws/src/holoocean_interfaces/build/holoocean_interfaces/rosidl_generator_cpp>;$<BUILD_INTERFACE:/home/bradenmeyers/ros2ws/src/holoocean_interfaces/build/holoocean_interfaces/rosidl_typesupport_fastrtps_cpp>;$<BUILD_INTERFACE:/home/bradenmeyers/ros2ws/src/holoocean_interfaces/build/holoocean_interfaces/rosidl_typesupport_introspection_cpp>;/home/bradenmeyers/ros2ws/src/holoocean_interfaces/build/holoocean_interfaces/rosidl_generator_c;/home/bradenmeyers/ros2ws/src/holoocean_interfaces/build/holoocean_interfaces/rosidl_generator_py
-- Configured cppcheck exclude dirs and/or files: 
-- Added test 'flake8' to check Python code syntax and style conventions
-- Added test 'lint_cmake' to check CMake code style
-- Added test 'pep257' to check Python code against some of the docstring style conventions in PEP 257
-- Added test 'uncrustify' to check C / C++ code style
-- Configured uncrustify additional arguments: 
-- Added test 'xmllint' to check XML markup files
-- Configuring done
-- Generating done
-- Build files have been written to: /home/bradenmeyers/ros2ws/src/holoocean_interfaces/build/holoocean_interfaces
[  1%] [34m[1mGenerating C code for ROS interfaces[0m
[  1%] [34m[1mGenerating C++ code for ROS interfaces[0m
[  1%] Built target ament_cmake_python_copy_holoocean_interfaces
running egg_info
creating holoocean_interfaces.egg-info
writing holoocean_interfaces.egg-info/PKG-INFO
writing dependency_links to holoocean_interfaces.egg-info/dependency_links.txt
writing top-level names to holoocean_interfaces.egg-info/top_level.txt
writing manifest file 'holoocean_interfaces.egg-info/SOURCES.txt'
reading manifest file 'holoocean_interfaces.egg-info/SOURCES.txt'
writing manifest file 'holoocean_interfaces.egg-info/SOURCES.txt'
[  1%] Built target ament_cmake_python_build_holoocean_interfaces_egg
[  1%] Built target holoocean_interfaces__cpp
[  2%] [34m[1mGenerating C++ type support for eProsima Fast-RTPS[0m
[  3%] [34m[1mGenerating C++ type support dispatch for ROS interfaces[0m
[  3%] [34m[1mGenerating C++ introspection for ROS interfaces[0m
[  3%] [32mBuilding C object CMakeFiles/holoocean_interfaces__rosidl_generator_c.dir/rosidl_generator_c/holoocean_interfaces/msg/detail/imu_sensor__functions.c.o[0m
[  4%] [32mBuilding C object CMakeFiles/holoocean_interfaces__rosidl_generator_c.dir/rosidl_generator_c/holoocean_interfaces/msg/detail/gps_sensor__functions.c.o[0m
[  5%] [32mBuilding C object CMakeFiles/holoocean_interfaces__rosidl_generator_c.dir/rosidl_generator_c/holoocean_interfaces/msg/detail/acoustic_beacon_sensor__functions.c.o[0m
[  6%] [32mBuilding C object CMakeFiles/holoocean_interfaces__rosidl_generator_c.dir/rosidl_generator_c/holoocean_interfaces/msg/detail/dvl_sensor__functions.c.o[0m
[  8%] [32mBuilding C object CMakeFiles/holoocean_interfaces__rosidl_generator_c.dir/rosidl_generator_c/holoocean_interfaces/msg/detail/location_sensor__functions.c.o[0m
[  8%] [32mBuilding C object CMakeFiles/holoocean_interfaces__rosidl_generator_c.dir/rosidl_generator_c/holoocean_interfaces/msg/detail/imaging_sonar__functions.c.o[0m
[ 10%] [32mBuilding C object CMakeFiles/holoocean_interfaces__rosidl_generator_c.dir/rosidl_generator_c/holoocean_interfaces/msg/detail/depth_sensor__functions.c.o[0m
[ 10%] [32mBuilding C object CMakeFiles/holoocean_interfaces__rosidl_generator_c.dir/rosidl_generator_c/holoocean_interfaces/msg/detail/range_finder_sensor__functions.c.o[0m
[ 10%] [32mBuilding C object CMakeFiles/holoocean_interfaces__rosidl_generator_c.dir/rosidl_generator_c/holoocean_interfaces/msg/detail/rgb_camera__functions.c.o[0m
[ 11%] [32mBuilding C object CMakeFiles/holoocean_interfaces__rosidl_generator_c.dir/rosidl_generator_c/holoocean_interfaces/msg/detail/pose_sensor__functions.c.o[0m
[ 12%] [32mBuilding C object CMakeFiles/holoocean_interfaces__rosidl_generator_c.dir/rosidl_generator_c/holoocean_interfaces/msg/detail/velocity_sensor__functions.c.o[0m
[ 13%] [32mBuilding C object CMakeFiles/holoocean_interfaces__rosidl_generator_c.dir/rosidl_generator_c/holoocean_interfaces/msg/detail/rotation_sensor__functions.c.o[0m
[ 13%] [32mBuilding C object CMakeFiles/holoocean_interfaces__rosidl_generator_c.dir/rosidl_generator_c/holoocean_interfaces/msg/detail/orientation_sensor__functions.c.o[0m
[ 14%] [32m[1mLinking C shared library libholoocean_interfaces__rosidl_generator_c.so[0m
[ 14%] Built target holoocean_interfaces__rosidl_generator_c
[ 15%] [34m[1mGenerating C type support for eProsima Fast-RTPS[0m
[ 16%] [34m[1mGenerating C introspection for ROS interfaces[0m
[ 17%] [34m[1mGenerating C type support dispatch for ROS interfaces[0m
[ 18%] [32mBuilding CXX object CMakeFiles/holoocean_interfaces__rosidl_typesupport_cpp.dir/rosidl_typesupport_cpp/holoocean_interfaces/msg/imaging_sonar__type_support.cpp.o[0m
[ 19%] [32mBuilding CXX object CMakeFiles/holoocean_interfaces__rosidl_typesupport_cpp.dir/rosidl_typesupport_cpp/holoocean_interfaces/msg/dvl_sensor__type_support.cpp.o[0m
[ 20%] [32mBuilding CXX object CMakeFiles/holoocean_interfaces__rosidl_typesupport_cpp.dir/rosidl_typesupport_cpp/holoocean_interfaces/msg/imu_sensor__type_support.cpp.o[0m
[ 20%] [32mBuilding CXX object CMakeFiles/holoocean_interfaces__rosidl_typesupport_cpp.dir/rosidl_typesupport_cpp/holoocean_interfaces/msg/gps_sensor__type_support.cpp.o[0m
[ 21%] [32mBuilding CXX object CMakeFiles/holoocean_interfaces__rosidl_typesupport_cpp.dir/rosidl_typesupport_cpp/holoocean_interfaces/msg/acoustic_beacon_sensor__type_support.cpp.o[0m
[ 22%] [32mBuilding CXX object CMakeFiles/holoocean_interfaces__rosidl_typesupport_cpp.dir/rosidl_typesupport_cpp/holoocean_interfaces/msg/depth_sensor__type_support.cpp.o[0m
[ 22%] [32mBuilding CXX object CMakeFiles/holoocean_interfaces__rosidl_typesupport_cpp.dir/rosidl_typesupport_cpp/holoocean_interfaces/msg/pose_sensor__type_support.cpp.o[0m
[ 23%] [32mBuilding CXX object CMakeFiles/holoocean_interfaces__rosidl_typesupport_cpp.dir/rosidl_typesupport_cpp/holoocean_interfaces/msg/rgb_camera__type_support.cpp.o[0m
[ 24%] [32mBuilding CXX object CMakeFiles/holoocean_interfaces__rosidl_typesupport_cpp.dir/rosidl_typesupport_cpp/holoocean_interfaces/msg/location_sensor__type_support.cpp.o[0m
[ 25%] [32mBuilding CXX object CMakeFiles/holoocean_interfaces__rosidl_typesupport_cpp.dir/rosidl_typesupport_cpp/holoocean_interfaces/msg/range_finder_sensor__type_support.cpp.o[0m
[ 26%] [32mBuilding CXX object CMakeFiles/holoocean_interfaces__rosidl_typesupport_cpp.dir/rosidl_typesupport_cpp/holoocean_interfaces/msg/orientation_sensor__type_support.cpp.o[0m
[ 27%] [32mBuilding CXX object CMakeFiles/holoocean_interfaces__rosidl_typesupport_cpp.dir/rosidl_typesupport_cpp/holoocean_interfaces/msg/velocity_sensor__type_support.cpp.o[0m
[ 27%] [32mBuilding CXX object CMakeFiles/holoocean_interfaces__rosidl_typesupport_cpp.dir/rosidl_typesupport_cpp/holoocean_interfaces/msg/rotation_sensor__type_support.cpp.o[0m
[ 27%] [32mBuilding CXX object CMakeFiles/holoocean_interfaces__rosidl_typesupport_c.dir/rosidl_typesupport_c/holoocean_interfaces/msg/dvl_sensor__type_support.cpp.o[0m
[ 28%] [32mBuilding CXX object CMakeFiles/holoocean_interfaces__rosidl_typesupport_c.dir/rosidl_typesupport_c/holoocean_interfaces/msg/gps_sensor__type_support.cpp.o[0m
[ 29%] [32mBuilding CXX object CMakeFiles/holoocean_interfaces__rosidl_typesupport_c.dir/rosidl_typesupport_c/holoocean_interfaces/msg/imu_sensor__type_support.cpp.o[0m
[ 30%] [32mBuilding CXX object CMakeFiles/holoocean_interfaces__rosidl_typesupport_introspection_cpp.dir/rosidl_typesupport_introspection_cpp/holoocean_interfaces/msg/detail/dvl_sensor__type_support.cpp.o[0m
[ 31%] [32mBuilding CXX object CMakeFiles/holoocean_interfaces__rosidl_typesupport_c.dir/rosidl_typesupport_c/holoocean_interfaces/msg/acoustic_beacon_sensor__type_support.cpp.o[0m
[ 32%] [32mBuilding CXX object CMakeFiles/holoocean_interfaces__rosidl_typesupport_c.dir/rosidl_typesupport_c/holoocean_interfaces/msg/imaging_sonar__type_support.cpp.o[0m
[ 32%] [32mBuilding CXX object CMakeFiles/holoocean_interfaces__rosidl_typesupport_c.dir/rosidl_typesupport_c/holoocean_interfaces/msg/depth_sensor__type_support.cpp.o[0m
[ 33%] [32mBuilding CXX object CMakeFiles/holoocean_interfaces__rosidl_typesupport_c.dir/rosidl_typesupport_c/holoocean_interfaces/msg/rgb_camera__type_support.cpp.o[0m
[ 34%] [32mBuilding CXX object CMakeFiles/holoocean_interfaces__rosidl_typesupport_c.dir/rosidl_typesupport_c/holoocean_interfaces/msg/pose_sensor__type_support.cpp.o[0m
[ 36%] [32mBuilding CXX object CMakeFiles/holoocean_interfaces__rosidl_typesupport_introspection_cpp.dir/rosidl_typesupport_introspection_cpp/holoocean_interfaces/msg/detail/imu_sensor__type_support.cpp.o[0m
[ 36%] [32mBuilding CXX object CMakeFiles/holoocean_interfaces__rosidl_typesupport_c.dir/rosidl_typesupport_c/holoocean_interfaces/msg/location_sensor__type_support.cpp.o[0m
[ 37%] [32mBuilding CXX object CMakeFiles/holoocean_interfaces__rosidl_typesupport_c.dir/rosidl_typesupport_c/holoocean_interfaces/msg/range_finder_sensor__type_support.cpp.o[0m
[ 37%] [32mBuilding CXX object CMakeFiles/holoocean_interfaces__rosidl_typesupport_c.dir/rosidl_typesupport_c/holoocean_interfaces/msg/rotation_sensor__type_support.cpp.o[0m
[ 38%] [32mBuilding CXX object CMakeFiles/holoocean_interfaces__rosidl_typesupport_c.dir/rosidl_typesupport_c/holoocean_interfaces/msg/orientation_sensor__type_support.cpp.o[0m
[ 39%] [32mBuilding CXX object CMakeFiles/holoocean_interfaces__rosidl_typesupport_introspection_cpp.dir/rosidl_typesupport_introspection_cpp/holoocean_interfaces/msg/detail/gps_sensor__type_support.cpp.o[0m
[ 40%] [32mBuilding CXX object CMakeFiles/holoocean_interfaces__rosidl_typesupport_c.dir/rosidl_typesupport_c/holoocean_interfaces/msg/velocity_sensor__type_support.cpp.o[0m
[ 41%] [32mBuilding CXX object CMakeFiles/holoocean_interfaces__rosidl_typesupport_fastrtps_cpp.dir/rosidl_typesupport_fastrtps_cpp/holoocean_interfaces/msg/detail/dds_fastrtps/dvl_sensor__type_support.cpp.o[0m
[ 42%] [32mBuilding CXX object CMakeFiles/holoocean_interfaces__rosidl_typesupport_fastrtps_cpp.dir/rosidl_typesupport_fastrtps_cpp/holoocean_interfaces/msg/detail/dds_fastrtps/imu_sensor__type_support.cpp.o[0m
[ 43%] [32mBuilding CXX object CMakeFiles/holoocean_interfaces__rosidl_typesupport_fastrtps_cpp.dir/rosidl_typesupport_fastrtps_cpp/holoocean_interfaces/msg/detail/dds_fastrtps/gps_sensor__type_support.cpp.o[0m
[ 44%] [32mBuilding CXX object CMakeFiles/holoocean_interfaces__rosidl_typesupport_introspection_cpp.dir/rosidl_typesupport_introspection_cpp/holoocean_interfaces/msg/detail/acoustic_beacon_sensor__type_support.cpp.o[0m
[ 44%] [32mBuilding CXX object CMakeFiles/holoocean_interfaces__rosidl_typesupport_fastrtps_cpp.dir/rosidl_typesupport_fastrtps_cpp/holoocean_interfaces/msg/detail/dds_fastrtps/acoustic_beacon_sensor__type_support.cpp.o[0m
[ 44%] [32mBuilding CXX object CMakeFiles/holoocean_interfaces__rosidl_typesupport_introspection_cpp.dir/rosidl_typesupport_introspection_cpp/holoocean_interfaces/msg/detail/imaging_sonar__type_support.cpp.o[0m
[ 45%] [32m[1mLinking CXX shared library libholoocean_interfaces__rosidl_typesupport_c.so[0m
[ 46%] [32mBuilding CXX object CMakeFiles/holoocean_interfaces__rosidl_typesupport_introspection_cpp.dir/rosidl_typesupport_introspection_cpp/holoocean_interfaces/msg/detail/depth_sensor__type_support.cpp.o[0m
[ 47%] [32mBuilding CXX object CMakeFiles/holoocean_interfaces__rosidl_typesupport_introspection_cpp.dir/rosidl_typesupport_introspection_cpp/holoocean_interfaces/msg/detail/rgb_camera__type_support.cpp.o[0m
[ 48%] [32mBuilding CXX object CMakeFiles/holoocean_interfaces__rosidl_typesupport_fastrtps_cpp.dir/rosidl_typesupport_fastrtps_cpp/holoocean_interfaces/msg/detail/dds_fastrtps/imaging_sonar__type_support.cpp.o[0m
[ 49%] [32mBuilding CXX object CMakeFiles/holoocean_interfaces__rosidl_typesupport_fastrtps_cpp.dir/rosidl_typesupport_fastrtps_cpp/holoocean_interfaces/msg/detail/dds_fastrtps/depth_sensor__type_support.cpp.o[0m
[ 50%] [32m[1mLinking CXX shared library libholoocean_interfaces__rosidl_typesupport_cpp.so[0m
[ 51%] [32mBuilding CXX object CMakeFiles/holoocean_interfaces__rosidl_typesupport_fastrtps_cpp.dir/rosidl_typesupport_fastrtps_cpp/holoocean_interfaces/msg/detail/dds_fastrtps/rgb_camera__type_support.cpp.o[0m
[ 52%] [32mBuilding CXX object CMakeFiles/holoocean_interfaces__rosidl_typesupport_fastrtps_cpp.dir/rosidl_typesupport_fastrtps_cpp/holoocean_interfaces/msg/detail/dds_fastrtps/pose_sensor__type_support.cpp.o[0m
[ 53%] [32mBuilding CXX object CMakeFiles/holoocean_interfaces__rosidl_typesupport_introspection_cpp.dir/rosidl_typesupport_introspection_cpp/holoocean_interfaces/msg/detail/pose_sensor__type_support.cpp.o[0m
[ 53%] Built target holoocean_interfaces__rosidl_typesupport_cpp
[ 53%] Built target holoocean_interfaces__rosidl_typesupport_c
[ 54%] [32mBuilding CXX object CMakeFiles/holoocean_interfaces__rosidl_typesupport_introspection_cpp.dir/rosidl_typesupport_introspection_cpp/holoocean_interfaces/msg/detail/location_sensor__type_support.cpp.o[0m
[ 55%] [32mBuilding C object CMakeFiles/holoocean_interfaces__rosidl_typesupport_introspection_c.dir/rosidl_typesupport_introspection_c/holoocean_interfaces/msg/detail/dvl_sensor__type_support.c.o[0m
[ 56%] [32mBuilding C object CMakeFiles/holoocean_interfaces__rosidl_typesupport_introspection_c.dir/rosidl_typesupport_introspection_c/holoocean_interfaces/msg/detail/imu_sensor__type_support.c.o[0m
[ 56%] [32mBuilding C object CMakeFiles/holoocean_interfaces__rosidl_typesupport_introspection_c.dir/rosidl_typesupport_introspection_c/holoocean_interfaces/msg/detail/gps_sensor__type_support.c.o[0m
[ 56%] [32mBuilding CXX object CMakeFiles/holoocean_interfaces__rosidl_typesupport_introspection_cpp.dir/rosidl_typesupport_introspection_cpp/holoocean_interfaces/msg/detail/range_finder_sensor__type_support.cpp.o[0m
[ 57%] [32mBuilding C object CMakeFiles/holoocean_interfaces__rosidl_typesupport_introspection_c.dir/rosidl_typesupport_introspection_c/holoocean_interfaces/msg/detail/acoustic_beacon_sensor__type_support.c.o[0m
[ 58%] [32mBuilding CXX object CMakeFiles/holoocean_interfaces__rosidl_typesupport_fastrtps_c.dir/rosidl_typesupport_fastrtps_c/holoocean_interfaces/msg/detail/dvl_sensor__type_support_c.cpp.o[0m
[ 59%] [32mBuilding C object CMakeFiles/holoocean_interfaces__rosidl_typesupport_introspection_c.dir/rosidl_typesupport_introspection_c/holoocean_interfaces/msg/detail/imaging_sonar__type_support.c.o[0m
[ 60%] [32mBuilding C object CMakeFiles/holoocean_interfaces__rosidl_typesupport_introspection_c.dir/rosidl_typesupport_introspection_c/holoocean_interfaces/msg/detail/depth_sensor__type_support.c.o[0m
[ 60%] [32mBuilding CXX object CMakeFiles/holoocean_interfaces__rosidl_typesupport_fastrtps_c.dir/rosidl_typesupport_fastrtps_c/holoocean_interfaces/msg/detail/imu_sensor__type_support_c.cpp.o[0m
[ 61%] [32mBuilding C object CMakeFiles/holoocean_interfaces__rosidl_typesupport_introspection_c.dir/rosidl_typesupport_introspection_c/holoocean_interfaces/msg/detail/rgb_camera__type_support.c.o[0m
[ 61%] [32mBuilding C object CMakeFiles/holoocean_interfaces__rosidl_typesupport_introspection_c.dir/rosidl_typesupport_introspection_c/holoocean_interfaces/msg/detail/pose_sensor__type_support.c.o[0m
[ 61%] [32mBuilding CXX object CMakeFiles/holoocean_interfaces__rosidl_typesupport_fastrtps_cpp.dir/rosidl_typesupport_fastrtps_cpp/holoocean_interfaces/msg/detail/dds_fastrtps/location_sensor__type_support.cpp.o[0m
[ 62%] [32mBuilding C object CMakeFiles/holoocean_interfaces__rosidl_typesupport_introspection_c.dir/rosidl_typesupport_introspection_c/holoocean_interfaces/msg/detail/location_sensor__type_support.c.o[0m
[ 63%] [32mBuilding CXX object CMakeFiles/holoocean_interfaces__rosidl_typesupport_fastrtps_cpp.dir/rosidl_typesupport_fastrtps_cpp/holoocean_interfaces/msg/detail/dds_fastrtps/range_finder_sensor__type_support.cpp.o[0m
[ 64%] [32mBuilding CXX object CMakeFiles/holoocean_interfaces__rosidl_typesupport_introspection_cpp.dir/rosidl_typesupport_introspection_cpp/holoocean_interfaces/msg/detail/rotation_sensor__type_support.cpp.o[0m
[ 65%] [32mBuilding CXX object CMakeFiles/holoocean_interfaces__rosidl_typesupport_fastrtps_cpp.dir/rosidl_typesupport_fastrtps_cpp/holoocean_interfaces/msg/detail/dds_fastrtps/rotation_sensor__type_support.cpp.o[0m
[ 66%] [32mBuilding CXX object CMakeFiles/holoocean_interfaces__rosidl_typesupport_fastrtps_cpp.dir/rosidl_typesupport_fastrtps_cpp/holoocean_interfaces/msg/detail/dds_fastrtps/orientation_sensor__type_support.cpp.o[0m
[ 67%] [32mBuilding CXX object CMakeFiles/holoocean_interfaces__rosidl_typesupport_introspection_cpp.dir/rosidl_typesupport_introspection_cpp/holoocean_interfaces/msg/detail/orientation_sensor__type_support.cpp.o[0m
[ 68%] [32mBuilding CXX object CMakeFiles/holoocean_interfaces__rosidl_typesupport_introspection_cpp.dir/rosidl_typesupport_introspection_cpp/holoocean_interfaces/msg/detail/velocity_sensor__type_support.cpp.o[0m
[ 69%] [32mBuilding C object CMakeFiles/holoocean_interfaces__rosidl_typesupport_introspection_c.dir/rosidl_typesupport_introspection_c/holoocean_interfaces/msg/detail/range_finder_sensor__type_support.c.o[0m
[ 70%] [32mBuilding C object CMakeFiles/holoocean_interfaces__rosidl_typesupport_introspection_c.dir/rosidl_typesupport_introspection_c/holoocean_interfaces/msg/detail/rotation_sensor__type_support.c.o[0m
[ 71%] [32mBuilding CXX object CMakeFiles/holoocean_interfaces__rosidl_typesupport_fastrtps_cpp.dir/rosidl_typesupport_fastrtps_cpp/holoocean_interfaces/msg/detail/dds_fastrtps/velocity_sensor__type_support.cpp.o[0m
[ 72%] [32mBuilding CXX object CMakeFiles/holoocean_interfaces__rosidl_typesupport_fastrtps_c.dir/rosidl_typesupport_fastrtps_c/holoocean_interfaces/msg/detail/gps_sensor__type_support_c.cpp.o[0m
[ 73%] [32mBuilding CXX object CMakeFiles/holoocean_interfaces__rosidl_typesupport_fastrtps_c.dir/rosidl_typesupport_fastrtps_c/holoocean_interfaces/msg/detail/imaging_sonar__type_support_c.cpp.o[0m
[ 75%] [32mBuilding CXX object CMakeFiles/holoocean_interfaces__rosidl_typesupport_fastrtps_c.dir/rosidl_typesupport_fastrtps_c/holoocean_interfaces/msg/detail/acoustic_beacon_sensor__type_support_c.cpp.o[0m
[ 75%] [32mBuilding CXX object CMakeFiles/holoocean_interfaces__rosidl_typesupport_fastrtps_c.dir/rosidl_typesupport_fastrtps_c/holoocean_interfaces/msg/detail/depth_sensor__type_support_c.cpp.o[0m
[ 76%] [32mBuilding C object CMakeFiles/holoocean_interfaces__rosidl_typesupport_introspection_c.dir/rosidl_typesupport_introspection_c/holoocean_interfaces/msg/detail/orientation_sensor__type_support.c.o[0m
[ 76%] [32mBuilding CXX object CMakeFiles/holoocean_interfaces__rosidl_typesupport_fastrtps_c.dir/rosidl_typesupport_fastrtps_c/holoocean_interfaces/msg/detail/rgb_camera__type_support_c.cpp.o[0m
[ 77%] [32mBuilding CXX object CMakeFiles/holoocean_interfaces__rosidl_typesupport_fastrtps_c.dir/rosidl_typesupport_fastrtps_c/holoocean_interfaces/msg/detail/pose_sensor__type_support_c.cpp.o[0m
[ 78%] [32mBuilding CXX object CMakeFiles/holoocean_interfaces__rosidl_typesupport_fastrtps_c.dir/rosidl_typesupport_fastrtps_c/holoocean_interfaces/msg/detail/location_sensor__type_support_c.cpp.o[0m
[ 78%] [32mBuilding C object CMakeFiles/holoocean_interfaces__rosidl_typesupport_introspection_c.dir/rosidl_typesupport_introspection_c/holoocean_interfaces/msg/detail/velocity_sensor__type_support.c.o[0m
[ 79%] [32mBuilding CXX object CMakeFiles/holoocean_interfaces__rosidl_typesupport_fastrtps_c.dir/rosidl_typesupport_fastrtps_c/holoocean_interfaces/msg/detail/range_finder_sensor__type_support_c.cpp.o[0m
[ 80%] [32m[1mLinking C shared library libholoocean_interfaces__rosidl_typesupport_introspection_c.so[0m
[ 81%] [32mBuilding CXX object CMakeFiles/holoocean_interfaces__rosidl_typesupport_fastrtps_c.dir/rosidl_typesupport_fastrtps_c/holoocean_interfaces/msg/detail/rotation_sensor__type_support_c.cpp.o[0m
[ 81%] Built target holoocean_interfaces__rosidl_typesupport_introspection_c
[ 81%] [32mBuilding CXX object CMakeFiles/holoocean_interfaces__rosidl_typesupport_fastrtps_c.dir/rosidl_typesupport_fastrtps_c/holoocean_interfaces/msg/detail/orientation_sensor__type_support_c.cpp.o[0m
[ 82%] [32mBuilding CXX object CMakeFiles/holoocean_interfaces__rosidl_typesupport_fastrtps_c.dir/rosidl_typesupport_fastrtps_c/holoocean_interfaces/msg/detail/velocity_sensor__type_support_c.cpp.o[0m
[ 83%] [32m[1mLinking CXX shared library libholoocean_interfaces__rosidl_typesupport_introspection_cpp.so[0m
[ 83%] Built target holoocean_interfaces__rosidl_typesupport_introspection_cpp
[ 84%] [32m[1mLinking CXX shared library libholoocean_interfaces__rosidl_typesupport_fastrtps_c.so[0m
[ 84%] [32m[1mLinking CXX shared library libholoocean_interfaces__rosidl_typesupport_fastrtps_cpp.so[0m
[ 84%] Built target holoocean_interfaces__rosidl_typesupport_fastrtps_c
[ 84%] Built target holoocean_interfaces__rosidl_typesupport_fastrtps_cpp
[ 84%] Built target holoocean_interfaces
[ 85%] [34m[1mGenerating Python code for ROS interfaces[0m
[ 85%] Built target holoocean_interfaces__py
[ 86%] [32mBuilding C object CMakeFiles/holoocean_interfaces__rosidl_generator_py.dir/rosidl_generator_py/holoocean_interfaces/msg/_dvl_sensor_s.c.o[0m
[ 86%] [32mBuilding C object CMakeFiles/holoocean_interfaces__rosidl_generator_py.dir/rosidl_generator_py/holoocean_interfaces/msg/_imu_sensor_s.c.o[0m
[ 88%] [32mBuilding C object CMakeFiles/holoocean_interfaces__rosidl_generator_py.dir/rosidl_generator_py/holoocean_interfaces/msg/_imaging_sonar_s.c.o[0m
[ 88%] [32mBuilding C object CMakeFiles/holoocean_interfaces__rosidl_generator_py.dir/rosidl_generator_py/holoocean_interfaces/msg/_acoustic_beacon_sensor_s.c.o[0m
[ 89%] [32mBuilding C object CMakeFiles/holoocean_interfaces__rosidl_generator_py.dir/rosidl_generator_py/holoocean_interfaces/msg/_gps_sensor_s.c.o[0m
[ 90%] [32mBuilding C object CMakeFiles/holoocean_interfaces__rosidl_generator_py.dir/rosidl_generator_py/holoocean_interfaces/msg/_pose_sensor_s.c.o[0m
[ 91%] [32mBuilding C object CMakeFiles/holoocean_interfaces__rosidl_generator_py.dir/rosidl_generator_py/holoocean_interfaces/msg/_rotation_sensor_s.c.o[0m
[ 92%] [32mBuilding C object CMakeFiles/holoocean_interfaces__rosidl_generator_py.dir/rosidl_generator_py/holoocean_interfaces/msg/_velocity_sensor_s.c.o[0m
[ 93%] [32mBuilding C object CMakeFiles/holoocean_interfaces__rosidl_generator_py.dir/rosidl_generator_py/holoocean_interfaces/msg/_depth_sensor_s.c.o[0m
[ 93%] [32mBuilding C object CMakeFiles/holoocean_interfaces__rosidl_generator_py.dir/rosidl_generator_py/holoocean_interfaces/msg/_rgb_camera_s.c.o[0m
[ 95%] [32mBuilding C object CMakeFiles/holoocean_interfaces__rosidl_generator_py.dir/rosidl_generator_py/holoocean_interfaces/msg/_location_sensor_s.c.o[0m
[ 95%] [32mBuilding C object CMakeFiles/holoocean_interfaces__rosidl_generator_py.dir/rosidl_generator_py/holoocean_interfaces/msg/_range_finder_sensor_s.c.o[0m
[ 95%] [32mBuilding C object CMakeFiles/holoocean_interfaces__rosidl_generator_py.dir/rosidl_generator_py/holoocean_interfaces/msg/_orientation_sensor_s.c.o[0m
[ 96%] [32m[1mLinking C shared library rosidl_generator_py/holoocean_interfaces/libholoocean_interfaces__rosidl_generator_py.so[0m
[ 96%] Built target holoocean_interfaces__rosidl_generator_py
[ 97%] [32mBuilding C object CMakeFiles/holoocean_interfaces__rosidl_typesupport_fastrtps_c__pyext.dir/rosidl_generator_py/holoocean_interfaces/_holoocean_interfaces_s.ep.rosidl_typesupport_fastrtps_c.c.o[0m
[ 98%] [32mBuilding C object CMakeFiles/holoocean_interfaces__rosidl_typesupport_introspection_c__pyext.dir/rosidl_generator_py/holoocean_interfaces/_holoocean_interfaces_s.ep.rosidl_typesupport_introspection_c.c.o[0m
[ 99%] [32mBuilding C object CMakeFiles/holoocean_interfaces__rosidl_typesupport_c__pyext.dir/rosidl_generator_py/holoocean_interfaces/_holoocean_interfaces_s.ep.rosidl_typesupport_c.c.o[0m
[ 99%] [32m[1mLinking C shared library rosidl_generator_py/holoocean_interfaces/holoocean_interfaces_s__rosidl_typesupport_c.cpython-310-x86_64-linux-gnu.so[0m
[ 99%] [32m[1mLinking C shared library rosidl_generator_py/holoocean_interfaces/holoocean_interfaces_s__rosidl_typesupport_fastrtps_c.cpython-310-x86_64-linux-gnu.so[0m
[100%] [32m[1mLinking C shared library rosidl_generator_py/holoocean_interfaces/holoocean_interfaces_s__rosidl_typesupport_introspection_c.cpython-310-x86_64-linux-gnu.so[0m
[100%] Built target holoocean_interfaces__rosidl_typesupport_c__pyext
[100%] Built target holoocean_interfaces__rosidl_typesupport_fastrtps_c__pyext
[100%] Built target holoocean_interfaces__rosidl_typesupport_introspection_c__pyext
-- Install configuration: ""
-- Installing: /home/bradenmeyers/ros2ws/src/holoocean_interfaces/install/holoocean_interfaces/share/ament_index/resource_index/rosidl_interfaces/holoocean_interfaces
-- Installing: /home/bradenmeyers/ros2ws/src/holoocean_interfaces/install/holoocean_interfaces/include/holoocean_interfaces/holoocean_interfaces
-- Installing: /home/bradenmeyers/ros2ws/src/holoocean_interfaces/install/holoocean_interfaces/include/holoocean_interfaces/holoocean_interfaces/msg
-- Installing: /home/bradenmeyers/ros2ws/src/holoocean_interfaces/install/holoocean_interfaces/include/holoocean_interfaces/holoocean_interfaces/msg/orientation_sensor.h
-- Installing: /home/bradenmeyers/ros2ws/src/holoocean_interfaces/install/holoocean_interfaces/include/holoocean_interfaces/holoocean_interfaces/msg/pose_sensor.h
-- Installing: /home/bradenmeyers/ros2ws/src/holoocean_interfaces/install/holoocean_interfaces/include/holoocean_interfaces/holoocean_interfaces/msg/imu_sensor.h
-- Installing: /home/bradenmeyers/ros2ws/src/holoocean_interfaces/install/holoocean_interfaces/include/holoocean_interfaces/holoocean_interfaces/msg/acoustic_beacon_sensor.h
-- Installing: /home/bradenmeyers/ros2ws/src/holoocean_interfaces/install/holoocean_interfaces/include/holoocean_interfaces/holoocean_interfaces/msg/location_sensor.h
-- Installing: /home/bradenmeyers/ros2ws/src/holoocean_interfaces/install/holoocean_interfaces/include/holoocean_interfaces/holoocean_interfaces/msg/depth_sensor.h
-- Installing: /home/bradenmeyers/ros2ws/src/holoocean_interfaces/install/holoocean_interfaces/include/holoocean_interfaces/holoocean_interfaces/msg/dvl_sensor.h
-- Installing: /home/bradenmeyers/ros2ws/src/holoocean_interfaces/install/holoocean_interfaces/include/holoocean_interfaces/holoocean_interfaces/msg/imaging_sonar.h
-- Installing: /home/bradenmeyers/ros2ws/src/holoocean_interfaces/install/holoocean_interfaces/include/holoocean_interfaces/holoocean_interfaces/msg/velocity_sensor.h
-- Installing: /home/bradenmeyers/ros2ws/src/holoocean_interfaces/install/holoocean_interfaces/include/holoocean_interfaces/holoocean_interfaces/msg/rgb_camera.h
-- Installing: /home/bradenmeyers/ros2ws/src/holoocean_interfaces/install/holoocean_interfaces/include/holoocean_interfaces/holoocean_interfaces/msg/rosidl_generator_c__visibility_control.h
-- Installing: /home/bradenmeyers/ros2ws/src/holoocean_interfaces/install/holoocean_interfaces/include/holoocean_interfaces/holoocean_interfaces/msg/range_finder_sensor.h
-- Installing: /home/bradenmeyers/ros2ws/src/holoocean_interfaces/install/holoocean_interfaces/include/holoocean_interfaces/holoocean_interfaces/msg/rotation_sensor.h
-- Installing: /home/bradenmeyers/ros2ws/src/holoocean_interfaces/install/holoocean_interfaces/include/holoocean_interfaces/holoocean_interfaces/msg/gps_sensor.h
-- Installing: /home/bradenmeyers/ros2ws/src/holoocean_interfaces/install/holoocean_interfaces/include/holoocean_interfaces/holoocean_interfaces/msg/detail
-- Installing: /home/bradenmeyers/ros2ws/src/holoocean_interfaces/install/holoocean_interfaces/include/holoocean_interfaces/holoocean_interfaces/msg/detail/acoustic_beacon_sensor__functions.c
-- Installing: /home/bradenmeyers/ros2ws/src/holoocean_interfaces/install/holoocean_interfaces/include/holoocean_interfaces/holoocean_interfaces/msg/detail/acoustic_beacon_sensor__struct.h
-- Installing: /home/bradenmeyers/ros2ws/src/holoocean_interfaces/install/holoocean_interfaces/include/holoocean_interfaces/holoocean_interfaces/msg/detail/depth_sensor__struct.h
-- Installing: /home/bradenmeyers/ros2ws/src/holoocean_interfaces/install/holoocean_interfaces/include/holoocean_interfaces/holoocean_interfaces/msg/detail/rgb_camera__functions.h
-- Installing: /home/bradenmeyers/ros2ws/src/holoocean_interfaces/install/holoocean_interfaces/include/holoocean_interfaces/holoocean_interfaces/msg/detail/range_finder_sensor__struct.h
-- Installing: /home/bradenmeyers/ros2ws/src/holoocean_interfaces/install/holoocean_interfaces/include/holoocean_interfaces/holoocean_interfaces/msg/detail/pose_sensor__functions.h
-- Installing: /home/bradenmeyers/ros2ws/src/holoocean_interfaces/install/holoocean_interfaces/include/holoocean_interfaces/holoocean_interfaces/msg/detail/pose_sensor__type_support.h
-- Installing: /home/bradenmeyers/ros2ws/src/holoocean_interfaces/install/holoocean_interfaces/include/holoocean_interfaces/holoocean_interfaces/msg/detail/dvl_sensor__type_support.h
-- Installing: /home/bradenmeyers/ros2ws/src/holoocean_interfaces/install/holoocean_interfaces/include/holoocean_interfaces/holoocean_interfaces/msg/detail/imaging_sonar__functions.h
-- Installing: /home/bradenmeyers/ros2ws/src/holoocean_interfaces/install/holoocean_interfaces/include/holoocean_interfaces/holoocean_interfaces/msg/detail/velocity_sensor__functions.c
-- Installing: /home/bradenmeyers/ros2ws/src/holoocean_interfaces/install/holoocean_interfaces/include/holoocean_interfaces/holoocean_interfaces/msg/detail/dvl_sensor__struct.h
-- Installing: /home/bradenmeyers/ros2ws/src/holoocean_interfaces/install/holoocean_interfaces/include/holoocean_interfaces/holoocean_interfaces/msg/detail/range_finder_sensor__type_support.h
-- Installing: /home/bradenmeyers/ros2ws/src/holoocean_interfaces/install/holoocean_interfaces/include/holoocean_interfaces/holoocean_interfaces/msg/detail/orientation_sensor__type_support.h
-- Installing: /home/bradenmeyers/ros2ws/src/holoocean_interfaces/install/holoocean_interfaces/include/holoocean_interfaces/holoocean_interfaces/msg/detail/location_sensor__type_support.h
-- Installing: /home/bradenmeyers/ros2ws/src/holoocean_interfaces/install/holoocean_interfaces/include/holoocean_interfaces/holoocean_interfaces/msg/detail/rotation_sensor__functions.c
-- Installing: /home/bradenmeyers/ros2ws/src/holoocean_interfaces/install/holoocean_interfaces/include/holoocean_interfaces/holoocean_interfaces/msg/detail/imu_sensor__struct.h
-- Installing: /home/bradenmeyers/ros2ws/src/holoocean_interfaces/install/holoocean_interfaces/include/holoocean_interfaces/holoocean_interfaces/msg/detail/rotation_sensor__struct.h
-- Installing: /home/bradenmeyers/ros2ws/src/holoocean_interfaces/install/holoocean_interfaces/include/holoocean_interfaces/holoocean_interfaces/msg/detail/orientation_sensor__struct.h
-- Installing: /home/bradenmeyers/ros2ws/src/holoocean_interfaces/install/holoocean_interfaces/include/holoocean_interfaces/holoocean_interfaces/msg/detail/velocity_sensor__functions.h
-- Installing: /home/bradenmeyers/ros2ws/src/holoocean_interfaces/install/holoocean_interfaces/include/holoocean_interfaces/holoocean_interfaces/msg/detail/location_sensor__functions.c
-- Installing: /home/bradenmeyers/ros2ws/src/holoocean_interfaces/install/holoocean_interfaces/include/holoocean_interfaces/holoocean_interfaces/msg/detail/orientation_sensor__functions.c
-- Installing: /home/bradenmeyers/ros2ws/src/holoocean_interfaces/install/holoocean_interfaces/include/holoocean_interfaces/holoocean_interfaces/msg/detail/orientation_sensor__functions.h
-- Installing: /home/bradenmeyers/ros2ws/src/holoocean_interfaces/install/holoocean_interfaces/include/holoocean_interfaces/holoocean_interfaces/msg/detail/depth_sensor__type_support.h
-- Installing: /home/bradenmeyers/ros2ws/src/holoocean_interfaces/install/holoocean_interfaces/include/holoocean_interfaces/holoocean_interfaces/msg/detail/range_finder_sensor__functions.h
-- Installing: /home/bradenmeyers/ros2ws/src/holoocean_interfaces/install/holoocean_interfaces/include/holoocean_interfaces/holoocean_interfaces/msg/detail/location_sensor__struct.h
-- Installing: /home/bradenmeyers/ros2ws/src/holoocean_interfaces/install/holoocean_interfaces/include/holoocean_interfaces/holoocean_interfaces/msg/detail/imu_sensor__functions.h
-- Installing: /home/bradenmeyers/ros2ws/src/holoocean_interfaces/install/holoocean_interfaces/include/holoocean_interfaces/holoocean_interfaces/msg/detail/pose_sensor__struct.h
-- Installing: /home/bradenmeyers/ros2ws/src/holoocean_interfaces/install/holoocean_interfaces/include/holoocean_interfaces/holoocean_interfaces/msg/detail/rgb_camera__struct.h
-- Installing: /home/bradenmeyers/ros2ws/src/holoocean_interfaces/install/holoocean_interfaces/include/holoocean_interfaces/holoocean_interfaces/msg/detail/gps_sensor__type_support.h
-- Installing: /home/bradenmeyers/ros2ws/src/holoocean_interfaces/install/holoocean_interfaces/include/holoocean_interfaces/holoocean_interfaces/msg/detail/imaging_sonar__struct.h
-- Installing: /home/bradenmeyers/ros2ws/src/holoocean_interfaces/install/holoocean_interfaces/include/holoocean_interfaces/holoocean_interfaces/msg/detail/depth_sensor__functions.h
-- Installing: /home/bradenmeyers/ros2ws/src/holoocean_interfaces/install/holoocean_interfaces/include/holoocean_interfaces/holoocean_interfaces/msg/detail/depth_sensor__functions.c
-- Installing: /home/bradenmeyers/ros2ws/src/holoocean_interfaces/install/holoocean_interfaces/include/holoocean_interfaces/holoocean_interfaces/msg/detail/gps_sensor__struct.h
-- Installing: /home/bradenmeyers/ros2ws/src/holoocean_interfaces/install/holoocean_interfaces/include/holoocean_interfaces/holoocean_interfaces/msg/detail/rgb_camera__functions.c
-- Installing: /home/bradenmeyers/ros2ws/src/holoocean_interfaces/install/holoocean_interfaces/include/holoocean_interfaces/holoocean_interfaces/msg/detail/gps_sensor__functions.h
-- Installing: /home/bradenmeyers/ros2ws/src/holoocean_interfaces/install/holoocean_interfaces/include/holoocean_interfaces/holoocean_interfaces/msg/detail/gps_sensor__functions.c
-- Installing: /home/bradenmeyers/ros2ws/src/holoocean_interfaces/install/holoocean_interfaces/include/holoocean_interfaces/holoocean_interfaces/msg/detail/dvl_sensor__functions.h
-- Installing: /home/bradenmeyers/ros2ws/src/holoocean_interfaces/install/holoocean_interfaces/include/holoocean_interfaces/holoocean_interfaces/msg/detail/velocity_sensor__struct.h
-- Installing: /home/bradenmeyers/ros2ws/src/holoocean_interfaces/install/holoocean_interfaces/include/holoocean_interfaces/holoocean_interfaces/msg/detail/imaging_sonar__type_support.h
-- Installing: /home/bradenmeyers/ros2ws/src/holoocean_interfaces/install/holoocean_interfaces/include/holoocean_interfaces/holoocean_interfaces/msg/detail/acoustic_beacon_sensor__type_support.h
-- Installing: /home/bradenmeyers/ros2ws/src/holoocean_interfaces/install/holoocean_interfaces/include/holoocean_interfaces/holoocean_interfaces/msg/detail/rotation_sensor__functions.h
-- Installing: /home/bradenmeyers/ros2ws/src/holoocean_interfaces/install/holoocean_interfaces/include/holoocean_interfaces/holoocean_interfaces/msg/detail/pose_sensor__functions.c
-- Installing: /home/bradenmeyers/ros2ws/src/holoocean_interfaces/install/holoocean_interfaces/include/holoocean_interfaces/holoocean_interfaces/msg/detail/acoustic_beacon_sensor__functions.h
-- Installing: /home/bradenmeyers/ros2ws/src/holoocean_interfaces/install/holoocean_interfaces/include/holoocean_interfaces/holoocean_interfaces/msg/detail/imu_sensor__type_support.h
-- Installing: /home/bradenmeyers/ros2ws/src/holoocean_interfaces/install/holoocean_interfaces/include/holoocean_interfaces/holoocean_interfaces/msg/detail/location_sensor__functions.h
-- Installing: /home/bradenmeyers/ros2ws/src/holoocean_interfaces/install/holoocean_interfaces/include/holoocean_interfaces/holoocean_interfaces/msg/detail/dvl_sensor__functions.c
-- Installing: /home/bradenmeyers/ros2ws/src/holoocean_interfaces/install/holoocean_interfaces/include/holoocean_interfaces/holoocean_interfaces/msg/detail/rgb_camera__type_support.h
-- Installing: /home/bradenmeyers/ros2ws/src/holoocean_interfaces/install/holoocean_interfaces/include/holoocean_interfaces/holoocean_interfaces/msg/detail/imaging_sonar__functions.c
-- Installing: /home/bradenmeyers/ros2ws/src/holoocean_interfaces/install/holoocean_interfaces/include/holoocean_interfaces/holoocean_interfaces/msg/detail/imu_sensor__functions.c
-- Installing: /home/bradenmeyers/ros2ws/src/holoocean_interfaces/install/holoocean_interfaces/include/holoocean_interfaces/holoocean_interfaces/msg/detail/range_finder_sensor__functions.c
-- Installing: /home/bradenmeyers/ros2ws/src/holoocean_interfaces/install/holoocean_interfaces/include/holoocean_interfaces/holoocean_interfaces/msg/detail/velocity_sensor__type_support.h
-- Installing: /home/bradenmeyers/ros2ws/src/holoocean_interfaces/install/holoocean_interfaces/include/holoocean_interfaces/holoocean_interfaces/msg/detail/rotation_sensor__type_support.h
-- Installing: /home/bradenmeyers/ros2ws/src/holoocean_interfaces/install/holoocean_interfaces/share/holoocean_interfaces/environment/library_path.sh
-- Installing: /home/bradenmeyers/ros2ws/src/holoocean_interfaces/install/holoocean_interfaces/share/holoocean_interfaces/environment/library_path.dsv
-- Installing: /home/bradenmeyers/ros2ws/src/holoocean_interfaces/install/holoocean_interfaces/lib/libholoocean_interfaces__rosidl_generator_c.so
-- Set runtime path of "/home/bradenmeyers/ros2ws/src/holoocean_interfaces/install/holoocean_interfaces/lib/libholoocean_interfaces__rosidl_generator_c.so" to ""
-- Up-to-date: /home/bradenmeyers/ros2ws/src/holoocean_interfaces/install/holoocean_interfaces/include/holoocean_interfaces/holoocean_interfaces
-- Up-to-date: /home/bradenmeyers/ros2ws/src/holoocean_interfaces/install/holoocean_interfaces/include/holoocean_interfaces/holoocean_interfaces/msg
-- Installing: /home/bradenmeyers/ros2ws/src/holoocean_interfaces/install/holoocean_interfaces/include/holoocean_interfaces/holoocean_interfaces/msg/rosidl_typesupport_fastrtps_c__visibility_control.h
-- Up-to-date: /home/bradenmeyers/ros2ws/src/holoocean_interfaces/install/holoocean_interfaces/include/holoocean_interfaces/holoocean_interfaces/msg/detail
-- Installing: /home/bradenmeyers/ros2ws/src/holoocean_interfaces/install/holoocean_interfaces/include/holoocean_interfaces/holoocean_interfaces/msg/detail/range_finder_sensor__rosidl_typesupport_fastrtps_c.h
-- Installing: /home/bradenmeyers/ros2ws/src/holoocean_interfaces/install/holoocean_interfaces/include/holoocean_interfaces/holoocean_interfaces/msg/detail/pose_sensor__rosidl_typesupport_fastrtps_c.h
-- Installing: /home/bradenmeyers/ros2ws/src/holoocean_interfaces/install/holoocean_interfaces/include/holoocean_interfaces/holoocean_interfaces/msg/detail/depth_sensor__rosidl_typesupport_fastrtps_c.h
-- Installing: /home/bradenmeyers/ros2ws/src/holoocean_interfaces/install/holoocean_interfaces/include/holoocean_interfaces/holoocean_interfaces/msg/detail/orientation_sensor__rosidl_typesupport_fastrtps_c.h
-- Installing: /home/bradenmeyers/ros2ws/src/holoocean_interfaces/install/holoocean_interfaces/include/holoocean_interfaces/holoocean_interfaces/msg/detail/dvl_sensor__rosidl_typesupport_fastrtps_c.h
-- Installing: /home/bradenmeyers/ros2ws/src/holoocean_interfaces/install/holoocean_interfaces/include/holoocean_interfaces/holoocean_interfaces/msg/detail/rgb_camera__rosidl_typesupport_fastrtps_c.h
-- Installing: /home/bradenmeyers/ros2ws/src/holoocean_interfaces/install/holoocean_interfaces/include/holoocean_interfaces/holoocean_interfaces/msg/detail/acoustic_beacon_sensor__rosidl_typesupport_fastrtps_c.h
-- Installing: /home/bradenmeyers/ros2ws/src/holoocean_interfaces/install/holoocean_interfaces/include/holoocean_interfaces/holoocean_interfaces/msg/detail/location_sensor__rosidl_typesupport_fastrtps_c.h
-- Installing: /home/bradenmeyers/ros2ws/src/holoocean_interfaces/install/holoocean_interfaces/include/holoocean_interfaces/holoocean_interfaces/msg/detail/gps_sensor__rosidl_typesupport_fastrtps_c.h
-- Installing: /home/bradenmeyers/ros2ws/src/holoocean_interfaces/install/holoocean_interfaces/include/holoocean_interfaces/holoocean_interfaces/msg/detail/rotation_sensor__rosidl_typesupport_fastrtps_c.h
-- Installing: /home/bradenmeyers/ros2ws/src/holoocean_interfaces/install/holoocean_interfaces/include/holoocean_interfaces/holoocean_interfaces/msg/detail/imaging_sonar__rosidl_typesupport_fastrtps_c.h
-- Installing: /home/bradenmeyers/ros2ws/src/holoocean_interfaces/install/holoocean_interfaces/include/holoocean_interfaces/holoocean_interfaces/msg/detail/imu_sensor__rosidl_typesupport_fastrtps_c.h
-- Installing: /home/bradenmeyers/ros2ws/src/holoocean_interfaces/install/holoocean_interfaces/include/holoocean_interfaces/holoocean_interfaces/msg/detail/velocity_sensor__rosidl_typesupport_fastrtps_c.h
-- Installing: /home/bradenmeyers/ros2ws/src/holoocean_interfaces/install/holoocean_interfaces/lib/libholoocean_interfaces__rosidl_typesupport_fastrtps_c.so
-- Set runtime path of "/home/bradenmeyers/ros2ws/src/holoocean_interfaces/install/holoocean_interfaces/lib/libholoocean_interfaces__rosidl_typesupport_fastrtps_c.so" to ""
-- Up-to-date: /home/bradenmeyers/ros2ws/src/holoocean_interfaces/install/holoocean_interfaces/include/holoocean_interfaces/holoocean_interfaces
-- Up-to-date: /home/bradenmeyers/ros2ws/src/holoocean_interfaces/install/holoocean_interfaces/include/holoocean_interfaces/holoocean_interfaces/msg
-- Installing: /home/bradenmeyers/ros2ws/src/holoocean_interfaces/install/holoocean_interfaces/include/holoocean_interfaces/holoocean_interfaces/msg/rosidl_typesupport_introspection_c__visibility_control.h
-- Up-to-date: /home/bradenmeyers/ros2ws/src/holoocean_interfaces/install/holoocean_interfaces/include/holoocean_interfaces/holoocean_interfaces/msg/detail
-- Installing: /home/bradenmeyers/ros2ws/src/holoocean_interfaces/install/holoocean_interfaces/include/holoocean_interfaces/holoocean_interfaces/msg/detail/rotation_sensor__rosidl_typesupport_introspection_c.h
-- Installing: /home/bradenmeyers/ros2ws/src/holoocean_interfaces/install/holoocean_interfaces/include/holoocean_interfaces/holoocean_interfaces/msg/detail/gps_sensor__rosidl_typesupport_introspection_c.h
-- Installing: /home/bradenmeyers/ros2ws/src/holoocean_interfaces/install/holoocean_interfaces/include/holoocean_interfaces/holoocean_interfaces/msg/detail/pose_sensor__type_support.c
-- Installing: /home/bradenmeyers/ros2ws/src/holoocean_interfaces/install/holoocean_interfaces/include/holoocean_interfaces/holoocean_interfaces/msg/detail/depth_sensor__type_support.c
-- Installing: /home/bradenmeyers/ros2ws/src/holoocean_interfaces/install/holoocean_interfaces/include/holoocean_interfaces/holoocean_interfaces/msg/detail/dvl_sensor__type_support.c
-- Installing: /home/bradenmeyers/ros2ws/src/holoocean_interfaces/install/holoocean_interfaces/include/holoocean_interfaces/holoocean_interfaces/msg/detail/location_sensor__rosidl_typesupport_introspection_c.h
-- Installing: /home/bradenmeyers/ros2ws/src/holoocean_interfaces/install/holoocean_interfaces/include/holoocean_interfaces/holoocean_interfaces/msg/detail/imu_sensor__rosidl_typesupport_introspection_c.h
-- Installing: /home/bradenmeyers/ros2ws/src/holoocean_interfaces/install/holoocean_interfaces/include/holoocean_interfaces/holoocean_interfaces/msg/detail/imaging_sonar__type_support.c
-- Installing: /home/bradenmeyers/ros2ws/src/holoocean_interfaces/install/holoocean_interfaces/include/holoocean_interfaces/holoocean_interfaces/msg/detail/acoustic_beacon_sensor__rosidl_typesupport_introspection_c.h
-- Installing: /home/bradenmeyers/ros2ws/src/holoocean_interfaces/install/holoocean_interfaces/include/holoocean_interfaces/holoocean_interfaces/msg/detail/imaging_sonar__rosidl_typesupport_introspection_c.h
-- Installing: /home/bradenmeyers/ros2ws/src/holoocean_interfaces/install/holoocean_interfaces/include/holoocean_interfaces/holoocean_interfaces/msg/detail/velocity_sensor__type_support.c
-- Installing: /home/bradenmeyers/ros2ws/src/holoocean_interfaces/install/holoocean_interfaces/include/holoocean_interfaces/holoocean_interfaces/msg/detail/velocity_sensor__rosidl_typesupport_introspection_c.h
-- Installing: /home/bradenmeyers/ros2ws/src/holoocean_interfaces/install/holoocean_interfaces/include/holoocean_interfaces/holoocean_interfaces/msg/detail/pose_sensor__rosidl_typesupport_introspection_c.h
-- Installing: /home/bradenmeyers/ros2ws/src/holoocean_interfaces/install/holoocean_interfaces/include/holoocean_interfaces/holoocean_interfaces/msg/detail/gps_sensor__type_support.c
-- Installing: /home/bradenmeyers/ros2ws/src/holoocean_interfaces/install/holoocean_interfaces/include/holoocean_interfaces/holoocean_interfaces/msg/detail/range_finder_sensor__rosidl_typesupport_introspection_c.h
-- Installing: /home/bradenmeyers/ros2ws/src/holoocean_interfaces/install/holoocean_interfaces/include/holoocean_interfaces/holoocean_interfaces/msg/detail/location_sensor__type_support.c
-- Installing: /home/bradenmeyers/ros2ws/src/holoocean_interfaces/install/holoocean_interfaces/include/holoocean_interfaces/holoocean_interfaces/msg/detail/rotation_sensor__type_support.c
-- Installing: /home/bradenmeyers/ros2ws/src/holoocean_interfaces/install/holoocean_interfaces/include/holoocean_interfaces/holoocean_interfaces/msg/detail/dvl_sensor__rosidl_typesupport_introspection_c.h
-- Installing: /home/bradenmeyers/ros2ws/src/holoocean_interfaces/install/holoocean_interfaces/include/holoocean_interfaces/holoocean_interfaces/msg/detail/rgb_camera__type_support.c
-- Installing: /home/bradenmeyers/ros2ws/src/holoocean_interfaces/install/holoocean_interfaces/include/holoocean_interfaces/holoocean_interfaces/msg/detail/range_finder_sensor__type_support.c
-- Installing: /home/bradenmeyers/ros2ws/src/holoocean_interfaces/install/holoocean_interfaces/include/holoocean_interfaces/holoocean_interfaces/msg/detail/rgb_camera__rosidl_typesupport_introspection_c.h
-- Installing: /home/bradenmeyers/ros2ws/src/holoocean_interfaces/install/holoocean_interfaces/include/holoocean_interfaces/holoocean_interfaces/msg/detail/acoustic_beacon_sensor__type_support.c
-- Installing: /home/bradenmeyers/ros2ws/src/holoocean_interfaces/install/holoocean_interfaces/include/holoocean_interfaces/holoocean_interfaces/msg/detail/imu_sensor__type_support.c
-- Installing: /home/bradenmeyers/ros2ws/src/holoocean_interfaces/install/holoocean_interfaces/include/holoocean_interfaces/holoocean_interfaces/msg/detail/depth_sensor__rosidl_typesupport_introspection_c.h
-- Installing: /home/bradenmeyers/ros2ws/src/holoocean_interfaces/install/holoocean_interfaces/include/holoocean_interfaces/holoocean_interfaces/msg/detail/orientation_sensor__type_support.c
-- Installing: /home/bradenmeyers/ros2ws/src/holoocean_interfaces/install/holoocean_interfaces/include/holoocean_interfaces/holoocean_interfaces/msg/detail/orientation_sensor__rosidl_typesupport_introspection_c.h
-- Installing: /home/bradenmeyers/ros2ws/src/holoocean_interfaces/install/holoocean_interfaces/lib/libholoocean_interfaces__rosidl_typesupport_introspection_c.so
-- Set runtime path of "/home/bradenmeyers/ros2ws/src/holoocean_interfaces/install/holoocean_interfaces/lib/libholoocean_interfaces__rosidl_typesupport_introspection_c.so" to ""
-- Installing: /home/bradenmeyers/ros2ws/src/holoocean_interfaces/install/holoocean_interfaces/lib/libholoocean_interfaces__rosidl_typesupport_c.so
-- Set runtime path of "/home/bradenmeyers/ros2ws/src/holoocean_interfaces/install/holoocean_interfaces/lib/libholoocean_interfaces__rosidl_typesupport_c.so" to ""
-- Up-to-date: /home/bradenmeyers/ros2ws/src/holoocean_interfaces/install/holoocean_interfaces/include/holoocean_interfaces/holoocean_interfaces
-- Up-to-date: /home/bradenmeyers/ros2ws/src/holoocean_interfaces/install/holoocean_interfaces/include/holoocean_interfaces/holoocean_interfaces/msg
-- Installing: /home/bradenmeyers/ros2ws/src/holoocean_interfaces/install/holoocean_interfaces/include/holoocean_interfaces/holoocean_interfaces/msg/depth_sensor.hpp
-- Installing: /home/bradenmeyers/ros2ws/src/holoocean_interfaces/install/holoocean_interfaces/include/holoocean_interfaces/holoocean_interfaces/msg/range_finder_sensor.hpp
-- Installing: /home/bradenmeyers/ros2ws/src/holoocean_interfaces/install/holoocean_interfaces/include/holoocean_interfaces/holoocean_interfaces/msg/rotation_sensor.hpp
-- Installing: /home/bradenmeyers/ros2ws/src/holoocean_interfaces/install/holoocean_interfaces/include/holoocean_interfaces/holoocean_interfaces/msg/acoustic_beacon_sensor.hpp
-- Installing: /home/bradenmeyers/ros2ws/src/holoocean_interfaces/install/holoocean_interfaces/include/holoocean_interfaces/holoocean_interfaces/msg/velocity_sensor.hpp
-- Installing: /home/bradenmeyers/ros2ws/src/holoocean_interfaces/install/holoocean_interfaces/include/holoocean_interfaces/holoocean_interfaces/msg/dvl_sensor.hpp
-- Installing: /home/bradenmeyers/ros2ws/src/holoocean_interfaces/install/holoocean_interfaces/include/holoocean_interfaces/holoocean_interfaces/msg/imu_sensor.hpp
-- Installing: /home/bradenmeyers/ros2ws/src/holoocean_interfaces/install/holoocean_interfaces/include/holoocean_interfaces/holoocean_interfaces/msg/imaging_sonar.hpp
-- Installing: /home/bradenmeyers/ros2ws/src/holoocean_interfaces/install/holoocean_interfaces/include/holoocean_interfaces/holoocean_interfaces/msg/orientation_sensor.hpp
-- Installing: /home/bradenmeyers/ros2ws/src/holoocean_interfaces/install/holoocean_interfaces/include/holoocean_interfaces/holoocean_interfaces/msg/location_sensor.hpp
-- Installing: /home/bradenmeyers/ros2ws/src/holoocean_interfaces/install/holoocean_interfaces/include/holoocean_interfaces/holoocean_interfaces/msg/gps_sensor.hpp
-- Up-to-date: /home/bradenmeyers/ros2ws/src/holoocean_interfaces/install/holoocean_interfaces/include/holoocean_interfaces/holoocean_interfaces/msg/detail
-- Installing: /home/bradenmeyers/ros2ws/src/holoocean_interfaces/install/holoocean_interfaces/include/holoocean_interfaces/holoocean_interfaces/msg/detail/rgb_camera__struct.hpp
-- Installing: /home/bradenmeyers/ros2ws/src/holoocean_interfaces/install/holoocean_interfaces/include/holoocean_interfaces/holoocean_interfaces/msg/detail/dvl_sensor__builder.hpp
-- Installing: /home/bradenmeyers/ros2ws/src/holoocean_interfaces/install/holoocean_interfaces/include/holoocean_interfaces/holoocean_interfaces/msg/detail/acoustic_beacon_sensor__builder.hpp
-- Installing: /home/bradenmeyers/ros2ws/src/holoocean_interfaces/install/holoocean_interfaces/include/holoocean_interfaces/holoocean_interfaces/msg/detail/acoustic_beacon_sensor__struct.hpp
-- Installing: /home/bradenmeyers/ros2ws/src/holoocean_interfaces/install/holoocean_interfaces/include/holoocean_interfaces/holoocean_interfaces/msg/detail/acoustic_beacon_sensor__traits.hpp
-- Installing: /home/bradenmeyers/ros2ws/src/holoocean_interfaces/install/holoocean_interfaces/include/holoocean_interfaces/holoocean_interfaces/msg/detail/velocity_sensor__traits.hpp
-- Installing: /home/bradenmeyers/ros2ws/src/holoocean_interfaces/install/holoocean_interfaces/include/holoocean_interfaces/holoocean_interfaces/msg/detail/depth_sensor__struct.hpp
-- Installing: /home/bradenmeyers/ros2ws/src/holoocean_interfaces/install/holoocean_interfaces/include/holoocean_interfaces/holoocean_interfaces/msg/detail/imaging_sonar__traits.hpp
-- Installing: /home/bradenmeyers/ros2ws/src/holoocean_interfaces/install/holoocean_interfaces/include/holoocean_interfaces/holoocean_interfaces/msg/detail/imu_sensor__struct.hpp
-- Installing: /home/bradenmeyers/ros2ws/src/holoocean_interfaces/install/holoocean_interfaces/include/holoocean_interfaces/holoocean_interfaces/msg/detail/depth_sensor__traits.hpp
-- Installing: /home/bradenmeyers/ros2ws/src/holoocean_interfaces/install/holoocean_interfaces/include/holoocean_interfaces/holoocean_interfaces/msg/detail/rotation_sensor__builder.hpp
-- Installing: /home/bradenmeyers/ros2ws/src/holoocean_interfaces/install/holoocean_interfaces/include/holoocean_interfaces/holoocean_interfaces/msg/detail/location_sensor__builder.hpp
-- Installing: /home/bradenmeyers/ros2ws/src/holoocean_interfaces/install/holoocean_interfaces/include/holoocean_interfaces/holoocean_interfaces/msg/detail/gps_sensor__traits.hpp
-- Installing: /home/bradenmeyers/ros2ws/src/holoocean_interfaces/install/holoocean_interfaces/include/holoocean_interfaces/holoocean_interfaces/msg/detail/imu_sensor__traits.hpp
-- Installing: /home/bradenmeyers/ros2ws/src/holoocean_interfaces/install/holoocean_interfaces/include/holoocean_interfaces/holoocean_interfaces/msg/detail/rotation_sensor__traits.hpp
-- Installing: /home/bradenmeyers/ros2ws/src/holoocean_interfaces/install/holoocean_interfaces/include/holoocean_interfaces/holoocean_interfaces/msg/detail/gps_sensor__builder.hpp
-- Installing: /home/bradenmeyers/ros2ws/src/holoocean_interfaces/install/holoocean_interfaces/include/holoocean_interfaces/holoocean_interfaces/msg/detail/gps_sensor__struct.hpp
-- Installing: /home/bradenmeyers/ros2ws/src/holoocean_interfaces/install/holoocean_interfaces/include/holoocean_interfaces/holoocean_interfaces/msg/detail/range_finder_sensor__traits.hpp
-- Installing: /home/bradenmeyers/ros2ws/src/holoocean_interfaces/install/holoocean_interfaces/include/holoocean_interfaces/holoocean_interfaces/msg/detail/imaging_sonar__builder.hpp
-- Installing: /home/bradenmeyers/ros2ws/src/holoocean_interfaces/install/holoocean_interfaces/include/holoocean_interfaces/holoocean_interfaces/msg/detail/pose_sensor__traits.hpp
-- Installing: /home/bradenmeyers/ros2ws/src/holoocean_interfaces/install/holoocean_interfaces/include/holoocean_interfaces/holoocean_interfaces/msg/detail/location_sensor__traits.hpp
-- Installing: /home/bradenmeyers/ros2ws/src/holoocean_interfaces/install/holoocean_interfaces/include/holoocean_interfaces/holoocean_interfaces/msg/detail/rgb_camera__builder.hpp
-- Installing: /home/bradenmeyers/ros2ws/src/holoocean_interfaces/install/holoocean_interfaces/include/holoocean_interfaces/holoocean_interfaces/msg/detail/pose_sensor__struct.hpp
-- Installing: /home/bradenmeyers/ros2ws/src/holoocean_interfaces/install/holoocean_interfaces/include/holoocean_interfaces/holoocean_interfaces/msg/detail/location_sensor__struct.hpp
-- Installing: /home/bradenmeyers/ros2ws/src/holoocean_interfaces/install/holoocean_interfaces/include/holoocean_interfaces/holoocean_interfaces/msg/detail/velocity_sensor__builder.hpp
-- Installing: /home/bradenmeyers/ros2ws/src/holoocean_interfaces/install/holoocean_interfaces/include/holoocean_interfaces/holoocean_interfaces/msg/detail/rotation_sensor__struct.hpp
-- Installing: /home/bradenmeyers/ros2ws/src/holoocean_interfaces/install/holoocean_interfaces/include/holoocean_interfaces/holoocean_interfaces/msg/detail/range_finder_sensor__struct.hpp
-- Installing: /home/bradenmeyers/ros2ws/src/holoocean_interfaces/install/holoocean_interfaces/include/holoocean_interfaces/holoocean_interfaces/msg/detail/imu_sensor__builder.hpp
-- Installing: /home/bradenmeyers/ros2ws/src/holoocean_interfaces/install/holoocean_interfaces/include/holoocean_interfaces/holoocean_interfaces/msg/detail/velocity_sensor__struct.hpp
-- Installing: /home/bradenmeyers/ros2ws/src/holoocean_interfaces/install/holoocean_interfaces/include/holoocean_interfaces/holoocean_interfaces/msg/detail/dvl_sensor__struct.hpp
-- Installing: /home/bradenmeyers/ros2ws/src/holoocean_interfaces/install/holoocean_interfaces/include/holoocean_interfaces/holoocean_interfaces/msg/detail/imaging_sonar__struct.hpp
-- Installing: /home/bradenmeyers/ros2ws/src/holoocean_interfaces/install/holoocean_interfaces/include/holoocean_interfaces/holoocean_interfaces/msg/detail/pose_sensor__builder.hpp
-- Installing: /home/bradenmeyers/ros2ws/src/holoocean_interfaces/install/holoocean_interfaces/include/holoocean_interfaces/holoocean_interfaces/msg/detail/orientation_sensor__builder.hpp
-- Installing: /home/bradenmeyers/ros2ws/src/holoocean_interfaces/install/holoocean_interfaces/include/holoocean_interfaces/holoocean_interfaces/msg/detail/dvl_sensor__traits.hpp
-- Installing: /home/bradenmeyers/ros2ws/src/holoocean_interfaces/install/holoocean_interfaces/include/holoocean_interfaces/holoocean_interfaces/msg/detail/depth_sensor__builder.hpp
-- Installing: /home/bradenmeyers/ros2ws/src/holoocean_interfaces/install/holoocean_interfaces/include/holoocean_interfaces/holoocean_interfaces/msg/detail/range_finder_sensor__builder.hpp
-- Installing: /home/bradenmeyers/ros2ws/src/holoocean_interfaces/install/holoocean_interfaces/include/holoocean_interfaces/holoocean_interfaces/msg/detail/orientation_sensor__traits.hpp
-- Installing: /home/bradenmeyers/ros2ws/src/holoocean_interfaces/install/holoocean_interfaces/include/holoocean_interfaces/holoocean_interfaces/msg/detail/rgb_camera__traits.hpp
-- Installing: /home/bradenmeyers/ros2ws/src/holoocean_interfaces/install/holoocean_interfaces/include/holoocean_interfaces/holoocean_interfaces/msg/detail/orientation_sensor__struct.hpp
-- Installing: /home/bradenmeyers/ros2ws/src/holoocean_interfaces/install/holoocean_interfaces/include/holoocean_interfaces/holoocean_interfaces/msg/pose_sensor.hpp
-- Installing: /home/bradenmeyers/ros2ws/src/holoocean_interfaces/install/holoocean_interfaces/include/holoocean_interfaces/holoocean_interfaces/msg/rgb_camera.hpp
-- Up-to-date: /home/bradenmeyers/ros2ws/src/holoocean_interfaces/install/holoocean_interfaces/include/holoocean_interfaces/holoocean_interfaces
-- Up-to-date: /home/bradenmeyers/ros2ws/src/holoocean_interfaces/install/holoocean_interfaces/include/holoocean_interfaces/holoocean_interfaces/msg
-- Installing: /home/bradenmeyers/ros2ws/src/holoocean_interfaces/install/holoocean_interfaces/include/holoocean_interfaces/holoocean_interfaces/msg/rosidl_typesupport_fastrtps_cpp__visibility_control.h
-- Up-to-date: /home/bradenmeyers/ros2ws/src/holoocean_interfaces/install/holoocean_interfaces/include/holoocean_interfaces/holoocean_interfaces/msg/detail
-- Installing: /home/bradenmeyers/ros2ws/src/holoocean_interfaces/install/holoocean_interfaces/include/holoocean_interfaces/holoocean_interfaces/msg/detail/dds_fastrtps
-- Installing: /home/bradenmeyers/ros2ws/src/holoocean_interfaces/install/holoocean_interfaces/include/holoocean_interfaces/holoocean_interfaces/msg/detail/imaging_sonar__rosidl_typesupport_fastrtps_cpp.hpp
-- Installing: /home/bradenmeyers/ros2ws/src/holoocean_interfaces/install/holoocean_interfaces/include/holoocean_interfaces/holoocean_interfaces/msg/detail/gps_sensor__rosidl_typesupport_fastrtps_cpp.hpp
-- Installing: /home/bradenmeyers/ros2ws/src/holoocean_interfaces/install/holoocean_interfaces/include/holoocean_interfaces/holoocean_interfaces/msg/detail/dvl_sensor__rosidl_typesupport_fastrtps_cpp.hpp
-- Installing: /home/bradenmeyers/ros2ws/src/holoocean_interfaces/install/holoocean_interfaces/include/holoocean_interfaces/holoocean_interfaces/msg/detail/rotation_sensor__rosidl_typesupport_fastrtps_cpp.hpp
-- Installing: /home/bradenmeyers/ros2ws/src/holoocean_interfaces/install/holoocean_interfaces/include/holoocean_interfaces/holoocean_interfaces/msg/detail/depth_sensor__rosidl_typesupport_fastrtps_cpp.hpp
-- Installing: /home/bradenmeyers/ros2ws/src/holoocean_interfaces/install/holoocean_interfaces/include/holoocean_interfaces/holoocean_interfaces/msg/detail/acoustic_beacon_sensor__rosidl_typesupport_fastrtps_cpp.hpp
-- Installing: /home/bradenmeyers/ros2ws/src/holoocean_interfaces/install/holoocean_interfaces/include/holoocean_interfaces/holoocean_interfaces/msg/detail/imu_sensor__rosidl_typesupport_fastrtps_cpp.hpp
-- Installing: /home/bradenmeyers/ros2ws/src/holoocean_interfaces/install/holoocean_interfaces/include/holoocean_interfaces/holoocean_interfaces/msg/detail/pose_sensor__rosidl_typesupport_fastrtps_cpp.hpp
-- Installing: /home/bradenmeyers/ros2ws/src/holoocean_interfaces/install/holoocean_interfaces/include/holoocean_interfaces/holoocean_interfaces/msg/detail/rgb_camera__rosidl_typesupport_fastrtps_cpp.hpp
-- Installing: /home/bradenmeyers/ros2ws/src/holoocean_interfaces/install/holoocean_interfaces/include/holoocean_interfaces/holoocean_interfaces/msg/detail/velocity_sensor__rosidl_typesupport_fastrtps_cpp.hpp
-- Installing: /home/bradenmeyers/ros2ws/src/holoocean_interfaces/install/holoocean_interfaces/include/holoocean_interfaces/holoocean_interfaces/msg/detail/range_finder_sensor__rosidl_typesupport_fastrtps_cpp.hpp
-- Installing: /home/bradenmeyers/ros2ws/src/holoocean_interfaces/install/holoocean_interfaces/include/holoocean_interfaces/holoocean_interfaces/msg/detail/location_sensor__rosidl_typesupport_fastrtps_cpp.hpp
-- Installing: /home/bradenmeyers/ros2ws/src/holoocean_interfaces/install/holoocean_interfaces/include/holoocean_interfaces/holoocean_interfaces/msg/detail/orientation_sensor__rosidl_typesupport_fastrtps_cpp.hpp
-- Installing: /home/bradenmeyers/ros2ws/src/holoocean_interfaces/install/holoocean_interfaces/lib/libholoocean_interfaces__rosidl_typesupport_fastrtps_cpp.so
-- Set runtime path of "/home/bradenmeyers/ros2ws/src/holoocean_interfaces/install/holoocean_interfaces/lib/libholoocean_interfaces__rosidl_typesupport_fastrtps_cpp.so" to ""
-- Up-to-date: /home/bradenmeyers/ros2ws/src/holoocean_interfaces/install/holoocean_interfaces/include/holoocean_interfaces/holoocean_interfaces
-- Up-to-date: /home/bradenmeyers/ros2ws/src/holoocean_interfaces/install/holoocean_interfaces/include/holoocean_interfaces/holoocean_interfaces/msg
-- Up-to-date: /home/bradenmeyers/ros2ws/src/holoocean_interfaces/install/holoocean_interfaces/include/holoocean_interfaces/holoocean_interfaces/msg/detail
-- Installing: /home/bradenmeyers/ros2ws/src/holoocean_interfaces/install/holoocean_interfaces/include/holoocean_interfaces/holoocean_interfaces/msg/detail/rgb_camera__rosidl_typesupport_introspection_cpp.hpp
-- Installing: /home/bradenmeyers/ros2ws/src/holoocean_interfaces/install/holoocean_interfaces/include/holoocean_interfaces/holoocean_interfaces/msg/detail/dvl_sensor__type_support.cpp
-- Installing: /home/bradenmeyers/ros2ws/src/holoocean_interfaces/install/holoocean_interfaces/include/holoocean_interfaces/holoocean_interfaces/msg/detail/rotation_sensor__type_support.cpp
-- Installing: /home/bradenmeyers/ros2ws/src/holoocean_interfaces/install/holoocean_interfaces/include/holoocean_interfaces/holoocean_interfaces/msg/detail/gps_sensor__rosidl_typesupport_introspection_cpp.hpp
-- Installing: /home/bradenmeyers/ros2ws/src/holoocean_interfaces/install/holoocean_interfaces/include/holoocean_interfaces/holoocean_interfaces/msg/detail/imu_sensor__type_support.cpp
-- Installing: /home/bradenmeyers/ros2ws/src/holoocean_interfaces/install/holoocean_interfaces/include/holoocean_interfaces/holoocean_interfaces/msg/detail/velocity_sensor__rosidl_typesupport_introspection_cpp.hpp
-- Installing: /home/bradenmeyers/ros2ws/src/holoocean_interfaces/install/holoocean_interfaces/include/holoocean_interfaces/holoocean_interfaces/msg/detail/range_finder_sensor__type_support.cpp
-- Installing: /home/bradenmeyers/ros2ws/src/holoocean_interfaces/install/holoocean_interfaces/include/holoocean_interfaces/holoocean_interfaces/msg/detail/pose_sensor__type_support.cpp
-- Installing: /home/bradenmeyers/ros2ws/src/holoocean_interfaces/install/holoocean_interfaces/include/holoocean_interfaces/holoocean_interfaces/msg/detail/pose_sensor__rosidl_typesupport_introspection_cpp.hpp
-- Installing: /home/bradenmeyers/ros2ws/src/holoocean_interfaces/install/holoocean_interfaces/include/holoocean_interfaces/holoocean_interfaces/msg/detail/acoustic_beacon_sensor__type_support.cpp
-- Installing: /home/bradenmeyers/ros2ws/src/holoocean_interfaces/install/holoocean_interfaces/include/holoocean_interfaces/holoocean_interfaces/msg/detail/range_finder_sensor__rosidl_typesupport_introspection_cpp.hpp
-- Installing: /home/bradenmeyers/ros2ws/src/holoocean_interfaces/install/holoocean_interfaces/include/holoocean_interfaces/holoocean_interfaces/msg/detail/gps_sensor__type_support.cpp
-- Installing: /home/bradenmeyers/ros2ws/src/holoocean_interfaces/install/holoocean_interfaces/include/holoocean_interfaces/holoocean_interfaces/msg/detail/imaging_sonar__type_support.cpp
-- Installing: /home/bradenmeyers/ros2ws/src/holoocean_interfaces/install/holoocean_interfaces/include/holoocean_interfaces/holoocean_interfaces/msg/detail/depth_sensor__type_support.cpp
-- Installing: /home/bradenmeyers/ros2ws/src/holoocean_interfaces/install/holoocean_interfaces/include/holoocean_interfaces/holoocean_interfaces/msg/detail/imu_sensor__rosidl_typesupport_introspection_cpp.hpp
-- Installing: /home/bradenmeyers/ros2ws/src/holoocean_interfaces/install/holoocean_interfaces/include/holoocean_interfaces/holoocean_interfaces/msg/detail/orientation_sensor__rosidl_typesupport_introspection_cpp.hpp
-- Installing: /home/bradenmeyers/ros2ws/src/holoocean_interfaces/install/holoocean_interfaces/include/holoocean_interfaces/holoocean_interfaces/msg/detail/location_sensor__rosidl_typesupport_introspection_cpp.hpp
-- Installing: /home/bradenmeyers/ros2ws/src/holoocean_interfaces/install/holoocean_interfaces/include/holoocean_interfaces/holoocean_interfaces/msg/detail/rotation_sensor__rosidl_typesupport_introspection_cpp.hpp
-- Installing: /home/bradenmeyers/ros2ws/src/holoocean_interfaces/install/holoocean_interfaces/include/holoocean_interfaces/holoocean_interfaces/msg/detail/rgb_camera__type_support.cpp
-- Installing: /home/bradenmeyers/ros2ws/src/holoocean_interfaces/install/holoocean_interfaces/include/holoocean_interfaces/holoocean_interfaces/msg/detail/depth_sensor__rosidl_typesupport_introspection_cpp.hpp
-- Installing: /home/bradenmeyers/ros2ws/src/holoocean_interfaces/install/holoocean_interfaces/include/holoocean_interfaces/holoocean_interfaces/msg/detail/dvl_sensor__rosidl_typesupport_introspection_cpp.hpp
-- Installing: /home/bradenmeyers/ros2ws/src/holoocean_interfaces/install/holoocean_interfaces/include/holoocean_interfaces/holoocean_interfaces/msg/detail/imaging_sonar__rosidl_typesupport_introspection_cpp.hpp
-- Installing: /home/bradenmeyers/ros2ws/src/holoocean_interfaces/install/holoocean_interfaces/include/holoocean_interfaces/holoocean_interfaces/msg/detail/location_sensor__type_support.cpp
-- Installing: /home/bradenmeyers/ros2ws/src/holoocean_interfaces/install/holoocean_interfaces/include/holoocean_interfaces/holoocean_interfaces/msg/detail/velocity_sensor__type_support.cpp
-- Installing: /home/bradenmeyers/ros2ws/src/holoocean_interfaces/install/holoocean_interfaces/include/holoocean_interfaces/holoocean_interfaces/msg/detail/acoustic_beacon_sensor__rosidl_typesupport_introspection_cpp.hpp
-- Installing: /home/bradenmeyers/ros2ws/src/holoocean_interfaces/install/holoocean_interfaces/include/holoocean_interfaces/holoocean_interfaces/msg/detail/orientation_sensor__type_support.cpp
-- Installing: /home/bradenmeyers/ros2ws/src/holoocean_interfaces/install/holoocean_interfaces/lib/libholoocean_interfaces__rosidl_typesupport_introspection_cpp.so
-- Set runtime path of "/home/bradenmeyers/ros2ws/src/holoocean_interfaces/install/holoocean_interfaces/lib/libholoocean_interfaces__rosidl_typesupport_introspection_cpp.so" to ""
-- Installing: /home/bradenmeyers/ros2ws/src/holoocean_interfaces/install/holoocean_interfaces/lib/libholoocean_interfaces__rosidl_typesupport_cpp.so
-- Set runtime path of "/home/bradenmeyers/ros2ws/src/holoocean_interfaces/install/holoocean_interfaces/lib/libholoocean_interfaces__rosidl_typesupport_cpp.so" to ""
-- Installing: /home/bradenmeyers/ros2ws/src/holoocean_interfaces/install/holoocean_interfaces/share/holoocean_interfaces/environment/pythonpath.sh
-- Installing: /home/bradenmeyers/ros2ws/src/holoocean_interfaces/install/holoocean_interfaces/share/holoocean_interfaces/environment/pythonpath.dsv
-- Installing: /home/bradenmeyers/ros2ws/src/holoocean_interfaces/install/holoocean_interfaces/local/lib/python3.10/dist-packages/holoocean_interfaces-0.0.0-py3.10.egg-info
-- Installing: /home/bradenmeyers/ros2ws/src/holoocean_interfaces/install/holoocean_interfaces/local/lib/python3.10/dist-packages/holoocean_interfaces-0.0.0-py3.10.egg-info/dependency_links.txt
-- Installing: /home/bradenmeyers/ros2ws/src/holoocean_interfaces/install/holoocean_interfaces/local/lib/python3.10/dist-packages/holoocean_interfaces-0.0.0-py3.10.egg-info/PKG-INFO
-- Installing: /home/bradenmeyers/ros2ws/src/holoocean_interfaces/install/holoocean_interfaces/local/lib/python3.10/dist-packages/holoocean_interfaces-0.0.0-py3.10.egg-info/SOURCES.txt
-- Installing: /home/bradenmeyers/ros2ws/src/holoocean_interfaces/install/holoocean_interfaces/local/lib/python3.10/dist-packages/holoocean_interfaces-0.0.0-py3.10.egg-info/top_level.txt
-- Installing: /home/bradenmeyers/ros2ws/src/holoocean_interfaces/install/holoocean_interfaces/local/lib/python3.10/dist-packages/holoocean_interfaces
-- Installing: /home/bradenmeyers/ros2ws/src/holoocean_interfaces/install/holoocean_interfaces/local/lib/python3.10/dist-packages/holoocean_interfaces/_holoocean_interfaces_s.ep.rosidl_typesupport_fastrtps_c.c
-- Installing: /home/bradenmeyers/ros2ws/src/holoocean_interfaces/install/holoocean_interfaces/local/lib/python3.10/dist-packages/holoocean_interfaces/holoocean_interfaces_s__rosidl_typesupport_c.cpython-310-x86_64-linux-gnu.so
-- Installing: /home/bradenmeyers/ros2ws/src/holoocean_interfaces/install/holoocean_interfaces/local/lib/python3.10/dist-packages/holoocean_interfaces/_holoocean_interfaces_s.ep.rosidl_typesupport_introspection_c.c
-- Installing: /home/bradenmeyers/ros2ws/src/holoocean_interfaces/install/holoocean_interfaces/local/lib/python3.10/dist-packages/holoocean_interfaces/holoocean_interfaces_s__rosidl_typesupport_introspection_c.cpython-310-x86_64-linux-gnu.so
-- Installing: /home/bradenmeyers/ros2ws/src/holoocean_interfaces/install/holoocean_interfaces/local/lib/python3.10/dist-packages/holoocean_interfaces/holoocean_interfaces_s__rosidl_typesupport_fastrtps_c.cpython-310-x86_64-linux-gnu.so
-- Installing: /home/bradenmeyers/ros2ws/src/holoocean_interfaces/install/holoocean_interfaces/local/lib/python3.10/dist-packages/holoocean_interfaces/msg
-- Installing: /home/bradenmeyers/ros2ws/src/holoocean_interfaces/install/holoocean_interfaces/local/lib/python3.10/dist-packages/holoocean_interfaces/msg/_rotation_sensor_s.c
-- Installing: /home/bradenmeyers/ros2ws/src/holoocean_interfaces/install/holoocean_interfaces/local/lib/python3.10/dist-packages/holoocean_interfaces/msg/_pose_sensor.py
-- Installing: /home/bradenmeyers/ros2ws/src/holoocean_interfaces/install/holoocean_interfaces/local/lib/python3.10/dist-packages/holoocean_interfaces/msg/_range_finder_sensor.py
-- Installing: /home/bradenmeyers/ros2ws/src/holoocean_interfaces/install/holoocean_interfaces/local/lib/python3.10/dist-packages/holoocean_interfaces/msg/_location_sensor_s.c
-- Installing: /home/bradenmeyers/ros2ws/src/holoocean_interfaces/install/holoocean_interfaces/local/lib/python3.10/dist-packages/holoocean_interfaces/msg/_acoustic_beacon_sensor_s.c
-- Installing: /home/bradenmeyers/ros2ws/src/holoocean_interfaces/install/holoocean_interfaces/local/lib/python3.10/dist-packages/holoocean_interfaces/msg/_imu_sensor.py
-- Installing: /home/bradenmeyers/ros2ws/src/holoocean_interfaces/install/holoocean_interfaces/local/lib/python3.10/dist-packages/holoocean_interfaces/msg/_rgb_camera_s.c
-- Installing: /home/bradenmeyers/ros2ws/src/holoocean_interfaces/install/holoocean_interfaces/local/lib/python3.10/dist-packages/holoocean_interfaces/msg/_orientation_sensor_s.c
-- Installing: /home/bradenmeyers/ros2ws/src/holoocean_interfaces/install/holoocean_interfaces/local/lib/python3.10/dist-packages/holoocean_interfaces/msg/_depth_sensor.py
-- Installing: /home/bradenmeyers/ros2ws/src/holoocean_interfaces/install/holoocean_interfaces/local/lib/python3.10/dist-packages/holoocean_interfaces/msg/_imu_sensor_s.c
-- Installing: /home/bradenmeyers/ros2ws/src/holoocean_interfaces/install/holoocean_interfaces/local/lib/python3.10/dist-packages/holoocean_interfaces/msg/_gps_sensor_s.c
-- Installing: /home/bradenmeyers/ros2ws/src/holoocean_interfaces/install/holoocean_interfaces/local/lib/python3.10/dist-packages/holoocean_interfaces/msg/_depth_sensor_s.c
-- Installing: /home/bradenmeyers/ros2ws/src/holoocean_interfaces/install/holoocean_interfaces/local/lib/python3.10/dist-packages/holoocean_interfaces/msg/_velocity_sensor.py
-- Installing: /home/bradenmeyers/ros2ws/src/holoocean_interfaces/install/holoocean_interfaces/local/lib/python3.10/dist-packages/holoocean_interfaces/msg/_rgb_camera.py
-- Installing: /home/bradenmeyers/ros2ws/src/holoocean_interfaces/install/holoocean_interfaces/local/lib/python3.10/dist-packages/holoocean_interfaces/msg/_dvl_sensor.py
-- Installing: /home/bradenmeyers/ros2ws/src/holoocean_interfaces/install/holoocean_interfaces/local/lib/python3.10/dist-packages/holoocean_interfaces/msg/_rotation_sensor.py
-- Installing: /home/bradenmeyers/ros2ws/src/holoocean_interfaces/install/holoocean_interfaces/local/lib/python3.10/dist-packages/holoocean_interfaces/msg/_imaging_sonar.py
-- Installing: /home/bradenmeyers/ros2ws/src/holoocean_interfaces/install/holoocean_interfaces/local/lib/python3.10/dist-packages/holoocean_interfaces/msg/_gps_sensor.py
-- Installing: /home/bradenmeyers/ros2ws/src/holoocean_interfaces/install/holoocean_interfaces/local/lib/python3.10/dist-packages/holoocean_interfaces/msg/_orientation_sensor.py
-- Installing: /home/bradenmeyers/ros2ws/src/holoocean_interfaces/install/holoocean_interfaces/local/lib/python3.10/dist-packages/holoocean_interfaces/msg/_pose_sensor_s.c
-- Installing: /home/bradenmeyers/ros2ws/src/holoocean_interfaces/install/holoocean_interfaces/local/lib/python3.10/dist-packages/holoocean_interfaces/msg/_location_sensor.py
-- Installing: /home/bradenmeyers/ros2ws/src/holoocean_interfaces/install/holoocean_interfaces/local/lib/python3.10/dist-packages/holoocean_interfaces/msg/_velocity_sensor_s.c
-- Installing: /home/bradenmeyers/ros2ws/src/holoocean_interfaces/install/holoocean_interfaces/local/lib/python3.10/dist-packages/holoocean_interfaces/msg/_range_finder_sensor_s.c
-- Installing: /home/bradenmeyers/ros2ws/src/holoocean_interfaces/install/holoocean_interfaces/local/lib/python3.10/dist-packages/holoocean_interfaces/msg/_acoustic_beacon_sensor.py
-- Installing: /home/bradenmeyers/ros2ws/src/holoocean_interfaces/install/holoocean_interfaces/local/lib/python3.10/dist-packages/holoocean_interfaces/msg/_dvl_sensor_s.c
-- Installing: /home/bradenmeyers/ros2ws/src/holoocean_interfaces/install/holoocean_interfaces/local/lib/python3.10/dist-packages/holoocean_interfaces/msg/__init__.py
-- Installing: /home/bradenmeyers/ros2ws/src/holoocean_interfaces/install/holoocean_interfaces/local/lib/python3.10/dist-packages/holoocean_interfaces/msg/_imaging_sonar_s.c
-- Installing: /home/bradenmeyers/ros2ws/src/holoocean_interfaces/install/holoocean_interfaces/local/lib/python3.10/dist-packages/holoocean_interfaces/libholoocean_interfaces__rosidl_generator_py.so
-- Installing: /home/bradenmeyers/ros2ws/src/holoocean_interfaces/install/holoocean_interfaces/local/lib/python3.10/dist-packages/holoocean_interfaces/_holoocean_interfaces_s.ep.rosidl_typesupport_c.c
-- Installing: /home/bradenmeyers/ros2ws/src/holoocean_interfaces/install/holoocean_interfaces/local/lib/python3.10/dist-packages/holoocean_interfaces/__init__.py
Listing '/home/bradenmeyers/ros2ws/src/holoocean_interfaces/install/holoocean_interfaces/local/lib/python3.10/dist-packages/holoocean_interfaces'...
Compiling '/home/bradenmeyers/ros2ws/src/holoocean_interfaces/install/holoocean_interfaces/local/lib/python3.10/dist-packages/holoocean_interfaces/__init__.py'...
Listing '/home/bradenmeyers/ros2ws/src/holoocean_interfaces/install/holoocean_interfaces/local/lib/python3.10/dist-packages/holoocean_interfaces/msg'...
Compiling '/home/bradenmeyers/ros2ws/src/holoocean_interfaces/install/holoocean_interfaces/local/lib/python3.10/dist-packages/holoocean_interfaces/msg/__init__.py'...
Compiling '/home/bradenmeyers/ros2ws/src/holoocean_interfaces/install/holoocean_interfaces/local/lib/python3.10/dist-packages/holoocean_interfaces/msg/_acoustic_beacon_sensor.py'...
Compiling '/home/bradenmeyers/ros2ws/src/holoocean_interfaces/install/holoocean_interfaces/local/lib/python3.10/dist-packages/holoocean_interfaces/msg/_depth_sensor.py'...
Compiling '/home/bradenmeyers/ros2ws/src/holoocean_interfaces/install/holoocean_interfaces/local/lib/python3.10/dist-packages/holoocean_interfaces/msg/_dvl_sensor.py'...
Compiling '/home/bradenmeyers/ros2ws/src/holoocean_interfaces/install/holoocean_interfaces/local/lib/python3.10/dist-packages/holoocean_interfaces/msg/_gps_sensor.py'...
Compiling '/home/bradenmeyers/ros2ws/src/holoocean_interfaces/install/holoocean_interfaces/local/lib/python3.10/dist-packages/holoocean_interfaces/msg/_imaging_sonar.py'...
Compiling '/home/bradenmeyers/ros2ws/src/holoocean_interfaces/install/holoocean_interfaces/local/lib/python3.10/dist-packages/holoocean_interfaces/msg/_imu_sensor.py'...
Compiling '/home/bradenmeyers/ros2ws/src/holoocean_interfaces/install/holoocean_interfaces/local/lib/python3.10/dist-packages/holoocean_interfaces/msg/_location_sensor.py'...
Compiling '/home/bradenmeyers/ros2ws/src/holoocean_interfaces/install/holoocean_interfaces/local/lib/python3.10/dist-packages/holoocean_interfaces/msg/_orientation_sensor.py'...
Compiling '/home/bradenmeyers/ros2ws/src/holoocean_interfaces/install/holoocean_interfaces/local/lib/python3.10/dist-packages/holoocean_interfaces/msg/_pose_sensor.py'...
Compiling '/home/bradenmeyers/ros2ws/src/holoocean_interfaces/install/holoocean_interfaces/local/lib/python3.10/dist-packages/holoocean_interfaces/msg/_range_finder_sensor.py'...
Compiling '/home/bradenmeyers/ros2ws/src/holoocean_interfaces/install/holoocean_interfaces/local/lib/python3.10/dist-packages/holoocean_interfaces/msg/_rgb_camera.py'...
Compiling '/home/bradenmeyers/ros2ws/src/holoocean_interfaces/install/holoocean_interfaces/local/lib/python3.10/dist-packages/holoocean_interfaces/msg/_rotation_sensor.py'...
Compiling '/home/bradenmeyers/ros2ws/src/holoocean_interfaces/install/holoocean_interfaces/local/lib/python3.10/dist-packages/holoocean_interfaces/msg/_velocity_sensor.py'...
-- Installing: /home/bradenmeyers/ros2ws/src/holoocean_interfaces/install/holoocean_interfaces/local/lib/python3.10/dist-packages/holoocean_interfaces/holoocean_interfaces_s__rosidl_typesupport_fastrtps_c.cpython-310-x86_64-linux-gnu.so
-- Set runtime path of "/home/bradenmeyers/ros2ws/src/holoocean_interfaces/install/holoocean_interfaces/local/lib/python3.10/dist-packages/holoocean_interfaces/holoocean_interfaces_s__rosidl_typesupport_fastrtps_c.cpython-310-x86_64-linux-gnu.so" to ""
-- Installing: /home/bradenmeyers/ros2ws/src/holoocean_interfaces/install/holoocean_interfaces/local/lib/python3.10/dist-packages/holoocean_interfaces/holoocean_interfaces_s__rosidl_typesupport_introspection_c.cpython-310-x86_64-linux-gnu.so
-- Set runtime path of "/home/bradenmeyers/ros2ws/src/holoocean_interfaces/install/holoocean_interfaces/local/lib/python3.10/dist-packages/holoocean_interfaces/holoocean_interfaces_s__rosidl_typesupport_introspection_c.cpython-310-x86_64-linux-gnu.so" to ""
-- Installing: /home/bradenmeyers/ros2ws/src/holoocean_interfaces/install/holoocean_interfaces/local/lib/python3.10/dist-packages/holoocean_interfaces/holoocean_interfaces_s__rosidl_typesupport_c.cpython-310-x86_64-linux-gnu.so
-- Set runtime path of "/home/bradenmeyers/ros2ws/src/holoocean_interfaces/install/holoocean_interfaces/local/lib/python3.10/dist-packages/holoocean_interfaces/holoocean_interfaces_s__rosidl_typesupport_c.cpython-310-x86_64-linux-gnu.so" to ""
-- Installing: /home/bradenmeyers/ros2ws/src/holoocean_interfaces/install/holoocean_interfaces/lib/libholoocean_interfaces__rosidl_generator_py.so
-- Set runtime path of "/home/bradenmeyers/ros2ws/src/holoocean_interfaces/install/holoocean_interfaces/lib/libholoocean_interfaces__rosidl_generator_py.so" to ""
-- Installing: /home/bradenmeyers/ros2ws/src/holoocean_interfaces/install/holoocean_interfaces/share/holoocean_interfaces/msg/DVLSensor.idl
-- Installing: /home/bradenmeyers/ros2ws/src/holoocean_interfaces/install/holoocean_interfaces/share/holoocean_interfaces/msg/IMUSensor.idl
-- Installing: /home/bradenmeyers/ros2ws/src/holoocean_interfaces/install/holoocean_interfaces/share/holoocean_interfaces/msg/GPSSensor.idl
-- Installing: /home/bradenmeyers/ros2ws/src/holoocean_interfaces/install/holoocean_interfaces/share/holoocean_interfaces/msg/AcousticBeaconSensor.idl
-- Installing: /home/bradenmeyers/ros2ws/src/holoocean_interfaces/install/holoocean_interfaces/share/holoocean_interfaces/msg/ImagingSonar.idl
-- Installing: /home/bradenmeyers/ros2ws/src/holoocean_interfaces/install/holoocean_interfaces/share/holoocean_interfaces/msg/DepthSensor.idl
-- Installing: /home/bradenmeyers/ros2ws/src/holoocean_interfaces/install/holoocean_interfaces/share/holoocean_interfaces/msg/RGBCamera.idl
-- Installing: /home/bradenmeyers/ros2ws/src/holoocean_interfaces/install/holoocean_interfaces/share/holoocean_interfaces/msg/PoseSensor.idl
-- Installing: /home/bradenmeyers/ros2ws/src/holoocean_interfaces/install/holoocean_interfaces/share/holoocean_interfaces/msg/LocationSensor.idl
-- Installing: /home/bradenmeyers/ros2ws/src/holoocean_interfaces/install/holoocean_interfaces/share/holoocean_interfaces/msg/RangeFinderSensor.idl
-- Installing: /home/bradenmeyers/ros2ws/src/holoocean_interfaces/install/holoocean_interfaces/share/holoocean_interfaces/msg/RotationSensor.idl
-- Installing: /home/bradenmeyers/ros2ws/src/holoocean_interfaces/install/holoocean_interfaces/share/holoocean_interfaces/msg/OrientationSensor.idl
-- Installing: /home/bradenmeyers/ros2ws/src/holoocean_interfaces/install/holoocean_interfaces/share/holoocean_interfaces/msg/VelocitySensor.idl
-- Installing: /home/bradenmeyers/ros2ws/src/holoocean_interfaces/install/holoocean_interfaces/share/holoocean_interfaces/msg/DVLSensor.msg
-- Installing: /home/bradenmeyers/ros2ws/src/holoocean_interfaces/install/holoocean_interfaces/share/holoocean_interfaces/msg/IMUSensor.msg
-- Installing: /home/bradenmeyers/ros2ws/src/holoocean_interfaces/install/holoocean_interfaces/share/holoocean_interfaces/msg/GPSSensor.msg
-- Installing: /home/bradenmeyers/ros2ws/src/holoocean_interfaces/install/holoocean_interfaces/share/holoocean_interfaces/msg/AcousticBeaconSensor.msg
-- Installing: /home/bradenmeyers/ros2ws/src/holoocean_interfaces/install/holoocean_interfaces/share/holoocean_interfaces/msg/ImagingSonar.msg
-- Installing: /home/bradenmeyers/ros2ws/src/holoocean_interfaces/install/holoocean_interfaces/share/holoocean_interfaces/msg/DepthSensor.msg
-- Installing: /home/bradenmeyers/ros2ws/src/holoocean_interfaces/install/holoocean_interfaces/share/holoocean_interfaces/msg/RGBCamera.msg
-- Installing: /home/bradenmeyers/ros2ws/src/holoocean_interfaces/install/holoocean_interfaces/share/holoocean_interfaces/msg/PoseSensor.msg
-- Installing: /home/bradenmeyers/ros2ws/src/holoocean_interfaces/install/holoocean_interfaces/share/holoocean_interfaces/msg/LocationSensor.msg
-- Installing: /home/bradenmeyers/ros2ws/src/holoocean_interfaces/install/holoocean_interfaces/share/holoocean_interfaces/msg/RangeFinderSensor.msg
-- Installing: /home/bradenmeyers/ros2ws/src/holoocean_interfaces/install/holoocean_interfaces/share/holoocean_interfaces/msg/RotationSensor.msg
-- Installing: /home/bradenmeyers/ros2ws/src/holoocean_interfaces/install/holoocean_interfaces/share/holoocean_interfaces/msg/OrientationSensor.msg
-- Installing: /home/bradenmeyers/ros2ws/src/holoocean_interfaces/install/holoocean_interfaces/share/holoocean_interfaces/msg/VelocitySensor.msg
-- Installing: /home/bradenmeyers/ros2ws/src/holoocean_interfaces/install/holoocean_interfaces/share/ament_index/resource_index/package_run_dependencies/holoocean_interfaces
-- Installing: /home/bradenmeyers/ros2ws/src/holoocean_interfaces/install/holoocean_interfaces/share/ament_index/resource_index/parent_prefix_path/holoocean_interfaces
-- Installing: /home/bradenmeyers/ros2ws/src/holoocean_interfaces/install/holoocean_interfaces/share/holoocean_interfaces/environment/ament_prefix_path.sh
-- Installing: /home/bradenmeyers/ros2ws/src/holoocean_interfaces/install/holoocean_interfaces/share/holoocean_interfaces/environment/ament_prefix_path.dsv
-- Installing: /home/bradenmeyers/ros2ws/src/holoocean_interfaces/install/holoocean_interfaces/share/holoocean_interfaces/environment/path.sh
-- Installing: /home/bradenmeyers/ros2ws/src/holoocean_interfaces/install/holoocean_interfaces/share/holoocean_interfaces/environment/path.dsv
-- Installing: /home/bradenmeyers/ros2ws/src/holoocean_interfaces/install/holoocean_interfaces/share/holoocean_interfaces/local_setup.bash
-- Installing: /home/bradenmeyers/ros2ws/src/holoocean_interfaces/install/holoocean_interfaces/share/holoocean_interfaces/local_setup.sh
-- Installing: /home/bradenmeyers/ros2ws/src/holoocean_interfaces/install/holoocean_interfaces/share/holoocean_interfaces/local_setup.zsh
-- Installing: /home/bradenmeyers/ros2ws/src/holoocean_interfaces/install/holoocean_interfaces/share/holoocean_interfaces/local_setup.dsv
-- Installing: /home/bradenmeyers/ros2ws/src/holoocean_interfaces/install/holoocean_interfaces/share/holoocean_interfaces/package.dsv
-- Installing: /home/bradenmeyers/ros2ws/src/holoocean_interfaces/install/holoocean_interfaces/share/ament_index/resource_index/packages/holoocean_interfaces
-- Installing: /home/bradenmeyers/ros2ws/src/holoocean_interfaces/install/holoocean_interfaces/share/holoocean_interfaces/cmake/export_holoocean_interfaces__rosidl_generator_cExport.cmake
-- Installing: /home/bradenmeyers/ros2ws/src/holoocean_interfaces/install/holoocean_interfaces/share/holoocean_interfaces/cmake/export_holoocean_interfaces__rosidl_generator_cExport-noconfig.cmake
-- Installing: /home/bradenmeyers/ros2ws/src/holoocean_interfaces/install/holoocean_interfaces/share/holoocean_interfaces/cmake/export_holoocean_interfaces__rosidl_typesupport_fastrtps_cExport.cmake
-- Installing: /home/bradenmeyers/ros2ws/src/holoocean_interfaces/install/holoocean_interfaces/share/holoocean_interfaces/cmake/export_holoocean_interfaces__rosidl_typesupport_fastrtps_cExport-noconfig.cmake
-- Installing: /home/bradenmeyers/ros2ws/src/holoocean_interfaces/install/holoocean_interfaces/share/holoocean_interfaces/cmake/holoocean_interfaces__rosidl_typesupport_introspection_cExport.cmake
-- Installing: /home/bradenmeyers/ros2ws/src/holoocean_interfaces/install/holoocean_interfaces/share/holoocean_interfaces/cmake/holoocean_interfaces__rosidl_typesupport_introspection_cExport-noconfig.cmake
-- Installing: /home/bradenmeyers/ros2ws/src/holoocean_interfaces/install/holoocean_interfaces/share/holoocean_interfaces/cmake/holoocean_interfaces__rosidl_typesupport_cExport.cmake
-- Installing: /home/bradenmeyers/ros2ws/src/holoocean_interfaces/install/holoocean_interfaces/share/holoocean_interfaces/cmake/holoocean_interfaces__rosidl_typesupport_cExport-noconfig.cmake
-- Installing: /home/bradenmeyers/ros2ws/src/holoocean_interfaces/install/holoocean_interfaces/share/holoocean_interfaces/cmake/export_holoocean_interfaces__rosidl_generator_cppExport.cmake
-- Installing: /home/bradenmeyers/ros2ws/src/holoocean_interfaces/install/holoocean_interfaces/share/holoocean_interfaces/cmake/export_holoocean_interfaces__rosidl_typesupport_fastrtps_cppExport.cmake
-- Installing: /home/bradenmeyers/ros2ws/src/holoocean_interfaces/install/holoocean_interfaces/share/holoocean_interfaces/cmake/export_holoocean_interfaces__rosidl_typesupport_fastrtps_cppExport-noconfig.cmake
-- Installing: /home/bradenmeyers/ros2ws/src/holoocean_interfaces/install/holoocean_interfaces/share/holoocean_interfaces/cmake/holoocean_interfaces__rosidl_typesupport_introspection_cppExport.cmake
-- Installing: /home/bradenmeyers/ros2ws/src/holoocean_interfaces/install/holoocean_interfaces/share/holoocean_interfaces/cmake/holoocean_interfaces__rosidl_typesupport_introspection_cppExport-noconfig.cmake
-- Installing: /home/bradenmeyers/ros2ws/src/holoocean_interfaces/install/holoocean_interfaces/share/holoocean_interfaces/cmake/holoocean_interfaces__rosidl_typesupport_cppExport.cmake
-- Installing: /home/bradenmeyers/ros2ws/src/holoocean_interfaces/install/holoocean_interfaces/share/holoocean_interfaces/cmake/holoocean_interfaces__rosidl_typesupport_cppExport-noconfig.cmake
-- Installing: /home/bradenmeyers/ros2ws/src/holoocean_interfaces/install/holoocean_interfaces/share/holoocean_interfaces/cmake/export_holoocean_interfaces__rosidl_generator_pyExport.cmake
-- Installing: /home/bradenmeyers/ros2ws/src/holoocean_interfaces/install/holoocean_interfaces/share/holoocean_interfaces/cmake/export_holoocean_interfaces__rosidl_generator_pyExport-noconfig.cmake
-- Installing: /home/bradenmeyers/ros2ws/src/holoocean_interfaces/install/holoocean_interfaces/share/holoocean_interfaces/cmake/rosidl_cmake-extras.cmake
-- Installing: /home/bradenmeyers/ros2ws/src/holoocean_interfaces/install/holoocean_interfaces/share/holoocean_interfaces/cmake/ament_cmake_export_dependencies-extras.cmake
-- Installing: /home/bradenmeyers/ros2ws/src/holoocean_interfaces/install/holoocean_interfaces/share/holoocean_interfaces/cmake/ament_cmake_export_include_directories-extras.cmake
-- Installing: /home/bradenmeyers/ros2ws/src/holoocean_interfaces/install/holoocean_interfaces/share/holoocean_interfaces/cmake/ament_cmake_export_libraries-extras.cmake
-- Installing: /home/bradenmeyers/ros2ws/src/holoocean_interfaces/install/holoocean_interfaces/share/holoocean_interfaces/cmake/ament_cmake_export_targets-extras.cmake
-- Installing: /home/bradenmeyers/ros2ws/src/holoocean_interfaces/install/holoocean_interfaces/share/holoocean_interfaces/cmake/rosidl_cmake_export_typesupport_targets-extras.cmake
-- Installing: /home/bradenmeyers/ros2ws/src/holoocean_interfaces/install/holoocean_interfaces/share/holoocean_interfaces/cmake/rosidl_cmake_export_typesupport_libraries-extras.cmake
-- Installing: /home/bradenmeyers/ros2ws/src/holoocean_interfaces/install/holoocean_interfaces/share/holoocean_interfaces/cmake/holoocean_interfacesConfig.cmake
-- Installing: /home/bradenmeyers/ros2ws/src/holoocean_interfaces/install/holoocean_interfaces/share/holoocean_interfaces/cmake/holoocean_interfacesConfig-version.cmake
-- Installing: /home/bradenmeyers/ros2ws/src/holoocean_interfaces/install/holoocean_interfaces/share/holoocean_interfaces/package.xml
