[35m[1mConsolidate compiler generated dependencies of target holoocean_interfaces__rosidl_generator_c[0m
[  0%] Built target holoocean_interfaces__cpp
[ 12%] Built target holoocean_interfaces__rosidl_generator_c
[ 12%] Built target ament_cmake_python_copy_holoocean_interfaces
[35m[1mConsolidate compiler generated dependencies of target holoocean_interfaces__rosidl_typesupport_cpp[0m
[35m[1mConsolidate compiler generated dependencies of target holoocean_interfaces__rosidl_typesupport_fastrtps_cpp[0m
[35m[1mConsolidate compiler generated dependencies of target holoocean_interfaces__rosidl_typesupport_introspection_cpp[0m
[35m[1mConsolidate compiler generated dependencies of target holoocean_interfaces__rosidl_typesupport_introspection_c[0m
[35m[1mConsolidate compiler generated dependencies of target holoocean_interfaces__rosidl_typesupport_fastrtps_c[0m
[35m[1mConsolidate compiler generated dependencies of target holoocean_interfaces__rosidl_typesupport_c[0m
[ 32%] Built target holoocean_interfaces__rosidl_typesupport_introspection_c
[ 36%] Built target holoocean_interfaces__rosidl_typesupport_c
[ 54%] Built target holoocean_interfaces__rosidl_typesupport_introspection_cpp
[ 63%] Built target holoocean_interfaces__rosidl_typesupport_cpp
[ 72%] Built target holoocean_interfaces__rosidl_typesupport_fastrtps_cpp
[ 84%] Built target holoocean_interfaces__rosidl_typesupport_fastrtps_c
[ 84%] Built target holoocean_interfaces
[ 85%] Built target holoocean_interfaces__py
[35m[1mConsolidate compiler generated dependencies of target holoocean_interfaces__rosidl_generator_py[0m
[ 96%] Built target holoocean_interfaces__rosidl_generator_py
[35m[1mConsolidate compiler generated dependencies of target holoocean_interfaces__rosidl_typesupport_fastrtps_c__pyext[0m
[35m[1mConsolidate compiler generated dependencies of target holoocean_interfaces__rosidl_typesupport_introspection_c__pyext[0m
[35m[1mConsolidate compiler generated dependencies of target holoocean_interfaces__rosidl_typesupport_c__pyext[0m
[ 99%] Built target holoocean_interfaces__rosidl_typesupport_fastrtps_c__pyext
[ 99%] Built target holoocean_interfaces__rosidl_typesupport_introspection_c__pyext
[100%] Built target holoocean_interfaces__rosidl_typesupport_c__pyext
running egg_info
writing holoocean_interfaces.egg-info/PKG-INFO
writing dependency_links to holoocean_interfaces.egg-info/dependency_links.txt
writing top-level names to holoocean_interfaces.egg-info/top_level.txt
reading manifest file 'holoocean_interfaces.egg-info/SOURCES.txt'
writing manifest file 'holoocean_interfaces.egg-info/SOURCES.txt'
[100%] Built target ament_cmake_python_build_holoocean_interfaces_egg
-- Install configuration: ""
-- Up-to-date: /home/bradenmeyers/ros2ws/src/holoocean_interfaces/install/holoocean_interfaces/share/ament_index/resource_index/rosidl_interfaces/holoocean_interfaces
-- Up-to-date: /home/bradenmeyers/ros2ws/src/holoocean_interfaces/install/holoocean_interfaces/include/holoocean_interfaces/holoocean_interfaces
-- Up-to-date: /home/bradenmeyers/ros2ws/src/holoocean_interfaces/install/holoocean_interfaces/include/holoocean_interfaces/holoocean_interfaces/msg
-- Up-to-date: /home/bradenmeyers/ros2ws/src/holoocean_interfaces/install/holoocean_interfaces/include/holoocean_interfaces/holoocean_interfaces/msg/orientation_sensor.h
-- Up-to-date: /home/bradenmeyers/ros2ws/src/holoocean_interfaces/install/holoocean_interfaces/include/holoocean_interfaces/holoocean_interfaces/msg/pose_sensor.h
-- Up-to-date: /home/bradenmeyers/ros2ws/src/holoocean_interfaces/install/holoocean_interfaces/include/holoocean_interfaces/holoocean_interfaces/msg/imu_sensor.h
-- Up-to-date: /home/bradenmeyers/ros2ws/src/holoocean_interfaces/install/holoocean_interfaces/include/holoocean_interfaces/holoocean_interfaces/msg/acoustic_beacon_sensor.h
-- Up-to-date: /home/bradenmeyers/ros2ws/src/holoocean_interfaces/install/holoocean_interfaces/include/holoocean_interfaces/holoocean_interfaces/msg/location_sensor.h
-- Up-to-date: /home/bradenmeyers/ros2ws/src/holoocean_interfaces/install/holoocean_interfaces/include/holoocean_interfaces/holoocean_interfaces/msg/depth_sensor.h
-- Up-to-date: /home/bradenmeyers/ros2ws/src/holoocean_interfaces/install/holoocean_interfaces/include/holoocean_interfaces/holoocean_interfaces/msg/dvl_sensor.h
-- Up-to-date: /home/bradenmeyers/ros2ws/src/holoocean_interfaces/install/holoocean_interfaces/include/holoocean_interfaces/holoocean_interfaces/msg/imaging_sonar.h
-- Up-to-date: /home/bradenmeyers/ros2ws/src/holoocean_interfaces/install/holoocean_interfaces/include/holoocean_interfaces/holoocean_interfaces/msg/velocity_sensor.h
-- Up-to-date: /home/bradenmeyers/ros2ws/src/holoocean_interfaces/install/holoocean_interfaces/include/holoocean_interfaces/holoocean_interfaces/msg/rgb_camera.h
-- Up-to-date: /home/bradenmeyers/ros2ws/src/holoocean_interfaces/install/holoocean_interfaces/include/holoocean_interfaces/holoocean_interfaces/msg/rosidl_generator_c__visibility_control.h
-- Up-to-date: /home/bradenmeyers/ros2ws/src/holoocean_interfaces/install/holoocean_interfaces/include/holoocean_interfaces/holoocean_interfaces/msg/range_finder_sensor.h
-- Up-to-date: /home/bradenmeyers/ros2ws/src/holoocean_interfaces/install/holoocean_interfaces/include/holoocean_interfaces/holoocean_interfaces/msg/rotation_sensor.h
-- Up-to-date: /home/bradenmeyers/ros2ws/src/holoocean_interfaces/install/holoocean_interfaces/include/holoocean_interfaces/holoocean_interfaces/msg/gps_sensor.h
-- Up-to-date: /home/bradenmeyers/ros2ws/src/holoocean_interfaces/install/holoocean_interfaces/include/holoocean_interfaces/holoocean_interfaces/msg/detail
-- Up-to-date: /home/bradenmeyers/ros2ws/src/holoocean_interfaces/install/holoocean_interfaces/include/holoocean_interfaces/holoocean_interfaces/msg/detail/acoustic_beacon_sensor__functions.c
-- Up-to-date: /home/bradenmeyers/ros2ws/src/holoocean_interfaces/install/holoocean_interfaces/include/holoocean_interfaces/holoocean_interfaces/msg/detail/acoustic_beacon_sensor__struct.h
-- Up-to-date: /home/bradenmeyers/ros2ws/src/holoocean_interfaces/install/holoocean_interfaces/include/holoocean_interfaces/holoocean_interfaces/msg/detail/depth_sensor__struct.h
-- Up-to-date: /home/bradenmeyers/ros2ws/src/holoocean_interfaces/install/holoocean_interfaces/include/holoocean_interfaces/holoocean_interfaces/msg/detail/rgb_camera__functions.h
-- Up-to-date: /home/bradenmeyers/ros2ws/src/holoocean_interfaces/install/holoocean_interfaces/include/holoocean_interfaces/holoocean_interfaces/msg/detail/range_finder_sensor__struct.h
-- Up-to-date: /home/bradenmeyers/ros2ws/src/holoocean_interfaces/install/holoocean_interfaces/include/holoocean_interfaces/holoocean_interfaces/msg/detail/pose_sensor__functions.h
-- Up-to-date: /home/bradenmeyers/ros2ws/src/holoocean_interfaces/install/holoocean_interfaces/include/holoocean_interfaces/holoocean_interfaces/msg/detail/pose_sensor__type_support.h
-- Up-to-date: /home/bradenmeyers/ros2ws/src/holoocean_interfaces/install/holoocean_interfaces/include/holoocean_interfaces/holoocean_interfaces/msg/detail/dvl_sensor__type_support.h
-- Up-to-date: /home/bradenmeyers/ros2ws/src/holoocean_interfaces/install/holoocean_interfaces/include/holoocean_interfaces/holoocean_interfaces/msg/detail/imaging_sonar__functions.h
-- Up-to-date: /home/bradenmeyers/ros2ws/src/holoocean_interfaces/install/holoocean_interfaces/include/holoocean_interfaces/holoocean_interfaces/msg/detail/velocity_sensor__functions.c
-- Up-to-date: /home/bradenmeyers/ros2ws/src/holoocean_interfaces/install/holoocean_interfaces/include/holoocean_interfaces/holoocean_interfaces/msg/detail/dvl_sensor__struct.h
-- Up-to-date: /home/bradenmeyers/ros2ws/src/holoocean_interfaces/install/holoocean_interfaces/include/holoocean_interfaces/holoocean_interfaces/msg/detail/range_finder_sensor__type_support.h
-- Up-to-date: /home/bradenmeyers/ros2ws/src/holoocean_interfaces/install/holoocean_interfaces/include/holoocean_interfaces/holoocean_interfaces/msg/detail/orientation_sensor__type_support.h
-- Up-to-date: /home/bradenmeyers/ros2ws/src/holoocean_interfaces/install/holoocean_interfaces/include/holoocean_interfaces/holoocean_interfaces/msg/detail/location_sensor__type_support.h
-- Up-to-date: /home/bradenmeyers/ros2ws/src/holoocean_interfaces/install/holoocean_interfaces/include/holoocean_interfaces/holoocean_interfaces/msg/detail/rotation_sensor__functions.c
-- Up-to-date: /home/bradenmeyers/ros2ws/src/holoocean_interfaces/install/holoocean_interfaces/include/holoocean_interfaces/holoocean_interfaces/msg/detail/imu_sensor__struct.h
-- Up-to-date: /home/bradenmeyers/ros2ws/src/holoocean_interfaces/install/holoocean_interfaces/include/holoocean_interfaces/holoocean_interfaces/msg/detail/rotation_sensor__struct.h
-- Up-to-date: /home/bradenmeyers/ros2ws/src/holoocean_interfaces/install/holoocean_interfaces/include/holoocean_interfaces/holoocean_interfaces/msg/detail/orientation_sensor__struct.h
-- Up-to-date: /home/bradenmeyers/ros2ws/src/holoocean_interfaces/install/holoocean_interfaces/include/holoocean_interfaces/holoocean_interfaces/msg/detail/velocity_sensor__functions.h
-- Up-to-date: /home/bradenmeyers/ros2ws/src/holoocean_interfaces/install/holoocean_interfaces/include/holoocean_interfaces/holoocean_interfaces/msg/detail/location_sensor__functions.c
-- Up-to-date: /home/bradenmeyers/ros2ws/src/holoocean_interfaces/install/holoocean_interfaces/include/holoocean_interfaces/holoocean_interfaces/msg/detail/orientation_sensor__functions.c
-- Up-to-date: /home/bradenmeyers/ros2ws/src/holoocean_interfaces/install/holoocean_interfaces/include/holoocean_interfaces/holoocean_interfaces/msg/detail/orientation_sensor__functions.h
-- Up-to-date: /home/bradenmeyers/ros2ws/src/holoocean_interfaces/install/holoocean_interfaces/include/holoocean_interfaces/holoocean_interfaces/msg/detail/depth_sensor__type_support.h
-- Up-to-date: /home/bradenmeyers/ros2ws/src/holoocean_interfaces/install/holoocean_interfaces/include/holoocean_interfaces/holoocean_interfaces/msg/detail/range_finder_sensor__functions.h
-- Up-to-date: /home/bradenmeyers/ros2ws/src/holoocean_interfaces/install/holoocean_interfaces/include/holoocean_interfaces/holoocean_interfaces/msg/detail/location_sensor__struct.h
-- Up-to-date: /home/bradenmeyers/ros2ws/src/holoocean_interfaces/install/holoocean_interfaces/include/holoocean_interfaces/holoocean_interfaces/msg/detail/imu_sensor__functions.h
-- Up-to-date: /home/bradenmeyers/ros2ws/src/holoocean_interfaces/install/holoocean_interfaces/include/holoocean_interfaces/holoocean_interfaces/msg/detail/pose_sensor__struct.h
-- Up-to-date: /home/bradenmeyers/ros2ws/src/holoocean_interfaces/install/holoocean_interfaces/include/holoocean_interfaces/holoocean_interfaces/msg/detail/rgb_camera__struct.h
-- Up-to-date: /home/bradenmeyers/ros2ws/src/holoocean_interfaces/install/holoocean_interfaces/include/holoocean_interfaces/holoocean_interfaces/msg/detail/gps_sensor__type_support.h
-- Up-to-date: /home/bradenmeyers/ros2ws/src/holoocean_interfaces/install/holoocean_interfaces/include/holoocean_interfaces/holoocean_interfaces/msg/detail/imaging_sonar__struct.h
-- Up-to-date: /home/bradenmeyers/ros2ws/src/holoocean_interfaces/install/holoocean_interfaces/include/holoocean_interfaces/holoocean_interfaces/msg/detail/depth_sensor__functions.h
-- Up-to-date: /home/bradenmeyers/ros2ws/src/holoocean_interfaces/install/holoocean_interfaces/include/holoocean_interfaces/holoocean_interfaces/msg/detail/depth_sensor__functions.c
-- Up-to-date: /home/bradenmeyers/ros2ws/src/holoocean_interfaces/install/holoocean_interfaces/include/holoocean_interfaces/holoocean_interfaces/msg/detail/gps_sensor__struct.h
-- Up-to-date: /home/bradenmeyers/ros2ws/src/holoocean_interfaces/install/holoocean_interfaces/include/holoocean_interfaces/holoocean_interfaces/msg/detail/rgb_camera__functions.c
-- Up-to-date: /home/bradenmeyers/ros2ws/src/holoocean_interfaces/install/holoocean_interfaces/include/holoocean_interfaces/holoocean_interfaces/msg/detail/gps_sensor__functions.h
-- Up-to-date: /home/bradenmeyers/ros2ws/src/holoocean_interfaces/install/holoocean_interfaces/include/holoocean_interfaces/holoocean_interfaces/msg/detail/gps_sensor__functions.c
-- Up-to-date: /home/bradenmeyers/ros2ws/src/holoocean_interfaces/install/holoocean_interfaces/include/holoocean_interfaces/holoocean_interfaces/msg/detail/dvl_sensor__functions.h
-- Up-to-date: /home/bradenmeyers/ros2ws/src/holoocean_interfaces/install/holoocean_interfaces/include/holoocean_interfaces/holoocean_interfaces/msg/detail/velocity_sensor__struct.h
-- Up-to-date: /home/bradenmeyers/ros2ws/src/holoocean_interfaces/install/holoocean_interfaces/include/holoocean_interfaces/holoocean_interfaces/msg/detail/imaging_sonar__type_support.h
-- Up-to-date: /home/bradenmeyers/ros2ws/src/holoocean_interfaces/install/holoocean_interfaces/include/holoocean_interfaces/holoocean_interfaces/msg/detail/acoustic_beacon_sensor__type_support.h
-- Up-to-date: /home/bradenmeyers/ros2ws/src/holoocean_interfaces/install/holoocean_interfaces/include/holoocean_interfaces/holoocean_interfaces/msg/detail/rotation_sensor__functions.h
-- Up-to-date: /home/bradenmeyers/ros2ws/src/holoocean_interfaces/install/holoocean_interfaces/include/holoocean_interfaces/holoocean_interfaces/msg/detail/pose_sensor__functions.c
-- Up-to-date: /home/bradenmeyers/ros2ws/src/holoocean_interfaces/install/holoocean_interfaces/include/holoocean_interfaces/holoocean_interfaces/msg/detail/acoustic_beacon_sensor__functions.h
-- Up-to-date: /home/bradenmeyers/ros2ws/src/holoocean_interfaces/install/holoocean_interfaces/include/holoocean_interfaces/holoocean_interfaces/msg/detail/imu_sensor__type_support.h
-- Up-to-date: /home/bradenmeyers/ros2ws/src/holoocean_interfaces/install/holoocean_interfaces/include/holoocean_interfaces/holoocean_interfaces/msg/detail/location_sensor__functions.h
-- Up-to-date: /home/bradenmeyers/ros2ws/src/holoocean_interfaces/install/holoocean_interfaces/include/holoocean_interfaces/holoocean_interfaces/msg/detail/dvl_sensor__functions.c
-- Up-to-date: /home/bradenmeyers/ros2ws/src/holoocean_interfaces/install/holoocean_interfaces/include/holoocean_interfaces/holoocean_interfaces/msg/detail/rgb_camera__type_support.h
-- Up-to-date: /home/bradenmeyers/ros2ws/src/holoocean_interfaces/install/holoocean_interfaces/include/holoocean_interfaces/holoocean_interfaces/msg/detail/imaging_sonar__functions.c
-- Up-to-date: /home/bradenmeyers/ros2ws/src/holoocean_interfaces/install/holoocean_interfaces/include/holoocean_interfaces/holoocean_interfaces/msg/detail/imu_sensor__functions.c
-- Up-to-date: /home/bradenmeyers/ros2ws/src/holoocean_interfaces/install/holoocean_interfaces/include/holoocean_interfaces/holoocean_interfaces/msg/detail/range_finder_sensor__functions.c
-- Up-to-date: /home/bradenmeyers/ros2ws/src/holoocean_interfaces/install/holoocean_interfaces/include/holoocean_interfaces/holoocean_interfaces/msg/detail/velocity_sensor__type_support.h
-- Up-to-date: /home/bradenmeyers/ros2ws/src/holoocean_interfaces/install/holoocean_interfaces/include/holoocean_interfaces/holoocean_interfaces/msg/detail/rotation_sensor__type_support.h
-- Up-to-date: /home/bradenmeyers/ros2ws/src/holoocean_interfaces/install/holoocean_interfaces/share/holoocean_interfaces/environment/library_path.sh
-- Up-to-date: /home/bradenmeyers/ros2ws/src/holoocean_interfaces/install/holoocean_interfaces/share/holoocean_interfaces/environment/library_path.dsv
-- Up-to-date: /home/bradenmeyers/ros2ws/src/holoocean_interfaces/install/holoocean_interfaces/lib/libholoocean_interfaces__rosidl_generator_c.so
-- Up-to-date: /home/bradenmeyers/ros2ws/src/holoocean_interfaces/install/holoocean_interfaces/include/holoocean_interfaces/holoocean_interfaces
-- Up-to-date: /home/bradenmeyers/ros2ws/src/holoocean_interfaces/install/holoocean_interfaces/include/holoocean_interfaces/holoocean_interfaces/msg
-- Up-to-date: /home/bradenmeyers/ros2ws/src/holoocean_interfaces/install/holoocean_interfaces/include/holoocean_interfaces/holoocean_interfaces/msg/rosidl_typesupport_fastrtps_c__visibility_control.h
-- Up-to-date: /home/bradenmeyers/ros2ws/src/holoocean_interfaces/install/holoocean_interfaces/include/holoocean_interfaces/holoocean_interfaces/msg/detail
-- Up-to-date: /home/bradenmeyers/ros2ws/src/holoocean_interfaces/install/holoocean_interfaces/include/holoocean_interfaces/holoocean_interfaces/msg/detail/range_finder_sensor__rosidl_typesupport_fastrtps_c.h
-- Up-to-date: /home/bradenmeyers/ros2ws/src/holoocean_interfaces/install/holoocean_interfaces/include/holoocean_interfaces/holoocean_interfaces/msg/detail/pose_sensor__rosidl_typesupport_fastrtps_c.h
-- Up-to-date: /home/bradenmeyers/ros2ws/src/holoocean_interfaces/install/holoocean_interfaces/include/holoocean_interfaces/holoocean_interfaces/msg/detail/depth_sensor__rosidl_typesupport_fastrtps_c.h
-- Up-to-date: /home/bradenmeyers/ros2ws/src/holoocean_interfaces/install/holoocean_interfaces/include/holoocean_interfaces/holoocean_interfaces/msg/detail/orientation_sensor__rosidl_typesupport_fastrtps_c.h
-- Up-to-date: /home/bradenmeyers/ros2ws/src/holoocean_interfaces/install/holoocean_interfaces/include/holoocean_interfaces/holoocean_interfaces/msg/detail/dvl_sensor__rosidl_typesupport_fastrtps_c.h
-- Up-to-date: /home/bradenmeyers/ros2ws/src/holoocean_interfaces/install/holoocean_interfaces/include/holoocean_interfaces/holoocean_interfaces/msg/detail/rgb_camera__rosidl_typesupport_fastrtps_c.h
-- Up-to-date: /home/bradenmeyers/ros2ws/src/holoocean_interfaces/install/holoocean_interfaces/include/holoocean_interfaces/holoocean_interfaces/msg/detail/acoustic_beacon_sensor__rosidl_typesupport_fastrtps_c.h
-- Up-to-date: /home/bradenmeyers/ros2ws/src/holoocean_interfaces/install/holoocean_interfaces/include/holoocean_interfaces/holoocean_interfaces/msg/detail/location_sensor__rosidl_typesupport_fastrtps_c.h
-- Up-to-date: /home/bradenmeyers/ros2ws/src/holoocean_interfaces/install/holoocean_interfaces/include/holoocean_interfaces/holoocean_interfaces/msg/detail/gps_sensor__rosidl_typesupport_fastrtps_c.h
-- Up-to-date: /home/bradenmeyers/ros2ws/src/holoocean_interfaces/install/holoocean_interfaces/include/holoocean_interfaces/holoocean_interfaces/msg/detail/rotation_sensor__rosidl_typesupport_fastrtps_c.h
-- Up-to-date: /home/bradenmeyers/ros2ws/src/holoocean_interfaces/install/holoocean_interfaces/include/holoocean_interfaces/holoocean_interfaces/msg/detail/imaging_sonar__rosidl_typesupport_fastrtps_c.h
-- Up-to-date: /home/bradenmeyers/ros2ws/src/holoocean_interfaces/install/holoocean_interfaces/include/holoocean_interfaces/holoocean_interfaces/msg/detail/imu_sensor__rosidl_typesupport_fastrtps_c.h
-- Up-to-date: /home/bradenmeyers/ros2ws/src/holoocean_interfaces/install/holoocean_interfaces/include/holoocean_interfaces/holoocean_interfaces/msg/detail/velocity_sensor__rosidl_typesupport_fastrtps_c.h
-- Up-to-date: /home/bradenmeyers/ros2ws/src/holoocean_interfaces/install/holoocean_interfaces/lib/libholoocean_interfaces__rosidl_typesupport_fastrtps_c.so
-- Up-to-date: /home/bradenmeyers/ros2ws/src/holoocean_interfaces/install/holoocean_interfaces/include/holoocean_interfaces/holoocean_interfaces
-- Up-to-date: /home/bradenmeyers/ros2ws/src/holoocean_interfaces/install/holoocean_interfaces/include/holoocean_interfaces/holoocean_interfaces/msg
-- Up-to-date: /home/bradenmeyers/ros2ws/src/holoocean_interfaces/install/holoocean_interfaces/include/holoocean_interfaces/holoocean_interfaces/msg/rosidl_typesupport_introspection_c__visibility_control.h
-- Up-to-date: /home/bradenmeyers/ros2ws/src/holoocean_interfaces/install/holoocean_interfaces/include/holoocean_interfaces/holoocean_interfaces/msg/detail
-- Up-to-date: /home/bradenmeyers/ros2ws/src/holoocean_interfaces/install/holoocean_interfaces/include/holoocean_interfaces/holoocean_interfaces/msg/detail/rotation_sensor__rosidl_typesupport_introspection_c.h
-- Up-to-date: /home/bradenmeyers/ros2ws/src/holoocean_interfaces/install/holoocean_interfaces/include/holoocean_interfaces/holoocean_interfaces/msg/detail/gps_sensor__rosidl_typesupport_introspection_c.h
-- Up-to-date: /home/bradenmeyers/ros2ws/src/holoocean_interfaces/install/holoocean_interfaces/include/holoocean_interfaces/holoocean_interfaces/msg/detail/pose_sensor__type_support.c
-- Up-to-date: /home/bradenmeyers/ros2ws/src/holoocean_interfaces/install/holoocean_interfaces/include/holoocean_interfaces/holoocean_interfaces/msg/detail/depth_sensor__type_support.c
-- Up-to-date: /home/bradenmeyers/ros2ws/src/holoocean_interfaces/install/holoocean_interfaces/include/holoocean_interfaces/holoocean_interfaces/msg/detail/dvl_sensor__type_support.c
-- Up-to-date: /home/bradenmeyers/ros2ws/src/holoocean_interfaces/install/holoocean_interfaces/include/holoocean_interfaces/holoocean_interfaces/msg/detail/location_sensor__rosidl_typesupport_introspection_c.h
-- Up-to-date: /home/bradenmeyers/ros2ws/src/holoocean_interfaces/install/holoocean_interfaces/include/holoocean_interfaces/holoocean_interfaces/msg/detail/imu_sensor__rosidl_typesupport_introspection_c.h
-- Up-to-date: /home/bradenmeyers/ros2ws/src/holoocean_interfaces/install/holoocean_interfaces/include/holoocean_interfaces/holoocean_interfaces/msg/detail/imaging_sonar__type_support.c
-- Up-to-date: /home/bradenmeyers/ros2ws/src/holoocean_interfaces/install/holoocean_interfaces/include/holoocean_interfaces/holoocean_interfaces/msg/detail/acoustic_beacon_sensor__rosidl_typesupport_introspection_c.h
-- Up-to-date: /home/bradenmeyers/ros2ws/src/holoocean_interfaces/install/holoocean_interfaces/include/holoocean_interfaces/holoocean_interfaces/msg/detail/imaging_sonar__rosidl_typesupport_introspection_c.h
-- Up-to-date: /home/bradenmeyers/ros2ws/src/holoocean_interfaces/install/holoocean_interfaces/include/holoocean_interfaces/holoocean_interfaces/msg/detail/velocity_sensor__type_support.c
-- Up-to-date: /home/bradenmeyers/ros2ws/src/holoocean_interfaces/install/holoocean_interfaces/include/holoocean_interfaces/holoocean_interfaces/msg/detail/velocity_sensor__rosidl_typesupport_introspection_c.h
-- Up-to-date: /home/bradenmeyers/ros2ws/src/holoocean_interfaces/install/holoocean_interfaces/include/holoocean_interfaces/holoocean_interfaces/msg/detail/pose_sensor__rosidl_typesupport_introspection_c.h
-- Up-to-date: /home/bradenmeyers/ros2ws/src/holoocean_interfaces/install/holoocean_interfaces/include/holoocean_interfaces/holoocean_interfaces/msg/detail/gps_sensor__type_support.c
-- Up-to-date: /home/bradenmeyers/ros2ws/src/holoocean_interfaces/install/holoocean_interfaces/include/holoocean_interfaces/holoocean_interfaces/msg/detail/range_finder_sensor__rosidl_typesupport_introspection_c.h
-- Up-to-date: /home/bradenmeyers/ros2ws/src/holoocean_interfaces/install/holoocean_interfaces/include/holoocean_interfaces/holoocean_interfaces/msg/detail/location_sensor__type_support.c
-- Up-to-date: /home/bradenmeyers/ros2ws/src/holoocean_interfaces/install/holoocean_interfaces/include/holoocean_interfaces/holoocean_interfaces/msg/detail/rotation_sensor__type_support.c
-- Up-to-date: /home/bradenmeyers/ros2ws/src/holoocean_interfaces/install/holoocean_interfaces/include/holoocean_interfaces/holoocean_interfaces/msg/detail/dvl_sensor__rosidl_typesupport_introspection_c.h
-- Up-to-date: /home/bradenmeyers/ros2ws/src/holoocean_interfaces/install/holoocean_interfaces/include/holoocean_interfaces/holoocean_interfaces/msg/detail/rgb_camera__type_support.c
-- Up-to-date: /home/bradenmeyers/ros2ws/src/holoocean_interfaces/install/holoocean_interfaces/include/holoocean_interfaces/holoocean_interfaces/msg/detail/range_finder_sensor__type_support.c
-- Up-to-date: /home/bradenmeyers/ros2ws/src/holoocean_interfaces/install/holoocean_interfaces/include/holoocean_interfaces/holoocean_interfaces/msg/detail/rgb_camera__rosidl_typesupport_introspection_c.h
-- Up-to-date: /home/bradenmeyers/ros2ws/src/holoocean_interfaces/install/holoocean_interfaces/include/holoocean_interfaces/holoocean_interfaces/msg/detail/acoustic_beacon_sensor__type_support.c
-- Up-to-date: /home/bradenmeyers/ros2ws/src/holoocean_interfaces/install/holoocean_interfaces/include/holoocean_interfaces/holoocean_interfaces/msg/detail/imu_sensor__type_support.c
-- Up-to-date: /home/bradenmeyers/ros2ws/src/holoocean_interfaces/install/holoocean_interfaces/include/holoocean_interfaces/holoocean_interfaces/msg/detail/depth_sensor__rosidl_typesupport_introspection_c.h
-- Up-to-date: /home/bradenmeyers/ros2ws/src/holoocean_interfaces/install/holoocean_interfaces/include/holoocean_interfaces/holoocean_interfaces/msg/detail/orientation_sensor__type_support.c
-- Up-to-date: /home/bradenmeyers/ros2ws/src/holoocean_interfaces/install/holoocean_interfaces/include/holoocean_interfaces/holoocean_interfaces/msg/detail/orientation_sensor__rosidl_typesupport_introspection_c.h
-- Up-to-date: /home/bradenmeyers/ros2ws/src/holoocean_interfaces/install/holoocean_interfaces/lib/libholoocean_interfaces__rosidl_typesupport_introspection_c.so
-- Up-to-date: /home/bradenmeyers/ros2ws/src/holoocean_interfaces/install/holoocean_interfaces/lib/libholoocean_interfaces__rosidl_typesupport_c.so
-- Up-to-date: /home/bradenmeyers/ros2ws/src/holoocean_interfaces/install/holoocean_interfaces/include/holoocean_interfaces/holoocean_interfaces
-- Up-to-date: /home/bradenmeyers/ros2ws/src/holoocean_interfaces/install/holoocean_interfaces/include/holoocean_interfaces/holoocean_interfaces/msg
-- Up-to-date: /home/bradenmeyers/ros2ws/src/holoocean_interfaces/install/holoocean_interfaces/include/holoocean_interfaces/holoocean_interfaces/msg/depth_sensor.hpp
-- Up-to-date: /home/bradenmeyers/ros2ws/src/holoocean_interfaces/install/holoocean_interfaces/include/holoocean_interfaces/holoocean_interfaces/msg/range_finder_sensor.hpp
-- Up-to-date: /home/bradenmeyers/ros2ws/src/holoocean_interfaces/install/holoocean_interfaces/include/holoocean_interfaces/holoocean_interfaces/msg/rotation_sensor.hpp
-- Up-to-date: /home/bradenmeyers/ros2ws/src/holoocean_interfaces/install/holoocean_interfaces/include/holoocean_interfaces/holoocean_interfaces/msg/acoustic_beacon_sensor.hpp
-- Up-to-date: /home/bradenmeyers/ros2ws/src/holoocean_interfaces/install/holoocean_interfaces/include/holoocean_interfaces/holoocean_interfaces/msg/velocity_sensor.hpp
-- Up-to-date: /home/bradenmeyers/ros2ws/src/holoocean_interfaces/install/holoocean_interfaces/include/holoocean_interfaces/holoocean_interfaces/msg/dvl_sensor.hpp
-- Up-to-date: /home/bradenmeyers/ros2ws/src/holoocean_interfaces/install/holoocean_interfaces/include/holoocean_interfaces/holoocean_interfaces/msg/imu_sensor.hpp
-- Up-to-date: /home/bradenmeyers/ros2ws/src/holoocean_interfaces/install/holoocean_interfaces/include/holoocean_interfaces/holoocean_interfaces/msg/imaging_sonar.hpp
-- Up-to-date: /home/bradenmeyers/ros2ws/src/holoocean_interfaces/install/holoocean_interfaces/include/holoocean_interfaces/holoocean_interfaces/msg/orientation_sensor.hpp
-- Up-to-date: /home/bradenmeyers/ros2ws/src/holoocean_interfaces/install/holoocean_interfaces/include/holoocean_interfaces/holoocean_interfaces/msg/location_sensor.hpp
-- Up-to-date: /home/bradenmeyers/ros2ws/src/holoocean_interfaces/install/holoocean_interfaces/include/holoocean_interfaces/holoocean_interfaces/msg/gps_sensor.hpp
-- Up-to-date: /home/bradenmeyers/ros2ws/src/holoocean_interfaces/install/holoocean_interfaces/include/holoocean_interfaces/holoocean_interfaces/msg/detail
-- Up-to-date: /home/bradenmeyers/ros2ws/src/holoocean_interfaces/install/holoocean_interfaces/include/holoocean_interfaces/holoocean_interfaces/msg/detail/rgb_camera__struct.hpp
-- Up-to-date: /home/bradenmeyers/ros2ws/src/holoocean_interfaces/install/holoocean_interfaces/include/holoocean_interfaces/holoocean_interfaces/msg/detail/dvl_sensor__builder.hpp
-- Up-to-date: /home/bradenmeyers/ros2ws/src/holoocean_interfaces/install/holoocean_interfaces/include/holoocean_interfaces/holoocean_interfaces/msg/detail/acoustic_beacon_sensor__builder.hpp
-- Up-to-date: /home/bradenmeyers/ros2ws/src/holoocean_interfaces/install/holoocean_interfaces/include/holoocean_interfaces/holoocean_interfaces/msg/detail/acoustic_beacon_sensor__struct.hpp
-- Up-to-date: /home/bradenmeyers/ros2ws/src/holoocean_interfaces/install/holoocean_interfaces/include/holoocean_interfaces/holoocean_interfaces/msg/detail/acoustic_beacon_sensor__traits.hpp
-- Up-to-date: /home/bradenmeyers/ros2ws/src/holoocean_interfaces/install/holoocean_interfaces/include/holoocean_interfaces/holoocean_interfaces/msg/detail/velocity_sensor__traits.hpp
-- Up-to-date: /home/bradenmeyers/ros2ws/src/holoocean_interfaces/install/holoocean_interfaces/include/holoocean_interfaces/holoocean_interfaces/msg/detail/depth_sensor__struct.hpp
-- Up-to-date: /home/bradenmeyers/ros2ws/src/holoocean_interfaces/install/holoocean_interfaces/include/holoocean_interfaces/holoocean_interfaces/msg/detail/imaging_sonar__traits.hpp
-- Up-to-date: /home/bradenmeyers/ros2ws/src/holoocean_interfaces/install/holoocean_interfaces/include/holoocean_interfaces/holoocean_interfaces/msg/detail/imu_sensor__struct.hpp
-- Up-to-date: /home/bradenmeyers/ros2ws/src/holoocean_interfaces/install/holoocean_interfaces/include/holoocean_interfaces/holoocean_interfaces/msg/detail/depth_sensor__traits.hpp
-- Up-to-date: /home/bradenmeyers/ros2ws/src/holoocean_interfaces/install/holoocean_interfaces/include/holoocean_interfaces/holoocean_interfaces/msg/detail/rotation_sensor__builder.hpp
-- Up-to-date: /home/bradenmeyers/ros2ws/src/holoocean_interfaces/install/holoocean_interfaces/include/holoocean_interfaces/holoocean_interfaces/msg/detail/location_sensor__builder.hpp
-- Up-to-date: /home/bradenmeyers/ros2ws/src/holoocean_interfaces/install/holoocean_interfaces/include/holoocean_interfaces/holoocean_interfaces/msg/detail/gps_sensor__traits.hpp
-- Up-to-date: /home/bradenmeyers/ros2ws/src/holoocean_interfaces/install/holoocean_interfaces/include/holoocean_interfaces/holoocean_interfaces/msg/detail/imu_sensor__traits.hpp
-- Up-to-date: /home/bradenmeyers/ros2ws/src/holoocean_interfaces/install/holoocean_interfaces/include/holoocean_interfaces/holoocean_interfaces/msg/detail/rotation_sensor__traits.hpp
-- Up-to-date: /home/bradenmeyers/ros2ws/src/holoocean_interfaces/install/holoocean_interfaces/include/holoocean_interfaces/holoocean_interfaces/msg/detail/gps_sensor__builder.hpp
-- Up-to-date: /home/bradenmeyers/ros2ws/src/holoocean_interfaces/install/holoocean_interfaces/include/holoocean_interfaces/holoocean_interfaces/msg/detail/gps_sensor__struct.hpp
-- Up-to-date: /home/bradenmeyers/ros2ws/src/holoocean_interfaces/install/holoocean_interfaces/include/holoocean_interfaces/holoocean_interfaces/msg/detail/range_finder_sensor__traits.hpp
-- Up-to-date: /home/bradenmeyers/ros2ws/src/holoocean_interfaces/install/holoocean_interfaces/include/holoocean_interfaces/holoocean_interfaces/msg/detail/imaging_sonar__builder.hpp
-- Up-to-date: /home/bradenmeyers/ros2ws/src/holoocean_interfaces/install/holoocean_interfaces/include/holoocean_interfaces/holoocean_interfaces/msg/detail/pose_sensor__traits.hpp
-- Up-to-date: /home/bradenmeyers/ros2ws/src/holoocean_interfaces/install/holoocean_interfaces/include/holoocean_interfaces/holoocean_interfaces/msg/detail/location_sensor__traits.hpp
-- Up-to-date: /home/bradenmeyers/ros2ws/src/holoocean_interfaces/install/holoocean_interfaces/include/holoocean_interfaces/holoocean_interfaces/msg/detail/rgb_camera__builder.hpp
-- Up-to-date: /home/bradenmeyers/ros2ws/src/holoocean_interfaces/install/holoocean_interfaces/include/holoocean_interfaces/holoocean_interfaces/msg/detail/pose_sensor__struct.hpp
-- Up-to-date: /home/bradenmeyers/ros2ws/src/holoocean_interfaces/install/holoocean_interfaces/include/holoocean_interfaces/holoocean_interfaces/msg/detail/location_sensor__struct.hpp
-- Up-to-date: /home/bradenmeyers/ros2ws/src/holoocean_interfaces/install/holoocean_interfaces/include/holoocean_interfaces/holoocean_interfaces/msg/detail/velocity_sensor__builder.hpp
-- Up-to-date: /home/bradenmeyers/ros2ws/src/holoocean_interfaces/install/holoocean_interfaces/include/holoocean_interfaces/holoocean_interfaces/msg/detail/rotation_sensor__struct.hpp
-- Up-to-date: /home/bradenmeyers/ros2ws/src/holoocean_interfaces/install/holoocean_interfaces/include/holoocean_interfaces/holoocean_interfaces/msg/detail/range_finder_sensor__struct.hpp
-- Up-to-date: /home/bradenmeyers/ros2ws/src/holoocean_interfaces/install/holoocean_interfaces/include/holoocean_interfaces/holoocean_interfaces/msg/detail/imu_sensor__builder.hpp
-- Up-to-date: /home/bradenmeyers/ros2ws/src/holoocean_interfaces/install/holoocean_interfaces/include/holoocean_interfaces/holoocean_interfaces/msg/detail/velocity_sensor__struct.hpp
-- Up-to-date: /home/bradenmeyers/ros2ws/src/holoocean_interfaces/install/holoocean_interfaces/include/holoocean_interfaces/holoocean_interfaces/msg/detail/dvl_sensor__struct.hpp
-- Up-to-date: /home/bradenmeyers/ros2ws/src/holoocean_interfaces/install/holoocean_interfaces/include/holoocean_interfaces/holoocean_interfaces/msg/detail/imaging_sonar__struct.hpp
-- Up-to-date: /home/bradenmeyers/ros2ws/src/holoocean_interfaces/install/holoocean_interfaces/include/holoocean_interfaces/holoocean_interfaces/msg/detail/pose_sensor__builder.hpp
-- Up-to-date: /home/bradenmeyers/ros2ws/src/holoocean_interfaces/install/holoocean_interfaces/include/holoocean_interfaces/holoocean_interfaces/msg/detail/orientation_sensor__builder.hpp
-- Up-to-date: /home/bradenmeyers/ros2ws/src/holoocean_interfaces/install/holoocean_interfaces/include/holoocean_interfaces/holoocean_interfaces/msg/detail/dvl_sensor__traits.hpp
-- Up-to-date: /home/bradenmeyers/ros2ws/src/holoocean_interfaces/install/holoocean_interfaces/include/holoocean_interfaces/holoocean_interfaces/msg/detail/depth_sensor__builder.hpp
-- Up-to-date: /home/bradenmeyers/ros2ws/src/holoocean_interfaces/install/holoocean_interfaces/include/holoocean_interfaces/holoocean_interfaces/msg/detail/range_finder_sensor__builder.hpp
-- Up-to-date: /home/bradenmeyers/ros2ws/src/holoocean_interfaces/install/holoocean_interfaces/include/holoocean_interfaces/holoocean_interfaces/msg/detail/orientation_sensor__traits.hpp
-- Up-to-date: /home/bradenmeyers/ros2ws/src/holoocean_interfaces/install/holoocean_interfaces/include/holoocean_interfaces/holoocean_interfaces/msg/detail/rgb_camera__traits.hpp
-- Up-to-date: /home/bradenmeyers/ros2ws/src/holoocean_interfaces/install/holoocean_interfaces/include/holoocean_interfaces/holoocean_interfaces/msg/detail/orientation_sensor__struct.hpp
-- Up-to-date: /home/bradenmeyers/ros2ws/src/holoocean_interfaces/install/holoocean_interfaces/include/holoocean_interfaces/holoocean_interfaces/msg/pose_sensor.hpp
-- Up-to-date: /home/bradenmeyers/ros2ws/src/holoocean_interfaces/install/holoocean_interfaces/include/holoocean_interfaces/holoocean_interfaces/msg/rgb_camera.hpp
-- Up-to-date: /home/bradenmeyers/ros2ws/src/holoocean_interfaces/install/holoocean_interfaces/include/holoocean_interfaces/holoocean_interfaces
-- Up-to-date: /home/bradenmeyers/ros2ws/src/holoocean_interfaces/install/holoocean_interfaces/include/holoocean_interfaces/holoocean_interfaces/msg
-- Up-to-date: /home/bradenmeyers/ros2ws/src/holoocean_interfaces/install/holoocean_interfaces/include/holoocean_interfaces/holoocean_interfaces/msg/rosidl_typesupport_fastrtps_cpp__visibility_control.h
-- Up-to-date: /home/bradenmeyers/ros2ws/src/holoocean_interfaces/install/holoocean_interfaces/include/holoocean_interfaces/holoocean_interfaces/msg/detail
-- Up-to-date: /home/bradenmeyers/ros2ws/src/holoocean_interfaces/install/holoocean_interfaces/include/holoocean_interfaces/holoocean_interfaces/msg/detail/dds_fastrtps
-- Up-to-date: /home/bradenmeyers/ros2ws/src/holoocean_interfaces/install/holoocean_interfaces/include/holoocean_interfaces/holoocean_interfaces/msg/detail/imaging_sonar__rosidl_typesupport_fastrtps_cpp.hpp
-- Up-to-date: /home/bradenmeyers/ros2ws/src/holoocean_interfaces/install/holoocean_interfaces/include/holoocean_interfaces/holoocean_interfaces/msg/detail/gps_sensor__rosidl_typesupport_fastrtps_cpp.hpp
-- Up-to-date: /home/bradenmeyers/ros2ws/src/holoocean_interfaces/install/holoocean_interfaces/include/holoocean_interfaces/holoocean_interfaces/msg/detail/dvl_sensor__rosidl_typesupport_fastrtps_cpp.hpp
-- Up-to-date: /home/bradenmeyers/ros2ws/src/holoocean_interfaces/install/holoocean_interfaces/include/holoocean_interfaces/holoocean_interfaces/msg/detail/rotation_sensor__rosidl_typesupport_fastrtps_cpp.hpp
-- Up-to-date: /home/bradenmeyers/ros2ws/src/holoocean_interfaces/install/holoocean_interfaces/include/holoocean_interfaces/holoocean_interfaces/msg/detail/depth_sensor__rosidl_typesupport_fastrtps_cpp.hpp
-- Up-to-date: /home/bradenmeyers/ros2ws/src/holoocean_interfaces/install/holoocean_interfaces/include/holoocean_interfaces/holoocean_interfaces/msg/detail/acoustic_beacon_sensor__rosidl_typesupport_fastrtps_cpp.hpp
-- Up-to-date: /home/bradenmeyers/ros2ws/src/holoocean_interfaces/install/holoocean_interfaces/include/holoocean_interfaces/holoocean_interfaces/msg/detail/imu_sensor__rosidl_typesupport_fastrtps_cpp.hpp
-- Up-to-date: /home/bradenmeyers/ros2ws/src/holoocean_interfaces/install/holoocean_interfaces/include/holoocean_interfaces/holoocean_interfaces/msg/detail/pose_sensor__rosidl_typesupport_fastrtps_cpp.hpp
-- Up-to-date: /home/bradenmeyers/ros2ws/src/holoocean_interfaces/install/holoocean_interfaces/include/holoocean_interfaces/holoocean_interfaces/msg/detail/rgb_camera__rosidl_typesupport_fastrtps_cpp.hpp
-- Up-to-date: /home/bradenmeyers/ros2ws/src/holoocean_interfaces/install/holoocean_interfaces/include/holoocean_interfaces/holoocean_interfaces/msg/detail/velocity_sensor__rosidl_typesupport_fastrtps_cpp.hpp
-- Up-to-date: /home/bradenmeyers/ros2ws/src/holoocean_interfaces/install/holoocean_interfaces/include/holoocean_interfaces/holoocean_interfaces/msg/detail/range_finder_sensor__rosidl_typesupport_fastrtps_cpp.hpp
-- Up-to-date: /home/bradenmeyers/ros2ws/src/holoocean_interfaces/install/holoocean_interfaces/include/holoocean_interfaces/holoocean_interfaces/msg/detail/location_sensor__rosidl_typesupport_fastrtps_cpp.hpp
-- Up-to-date: /home/bradenmeyers/ros2ws/src/holoocean_interfaces/install/holoocean_interfaces/include/holoocean_interfaces/holoocean_interfaces/msg/detail/orientation_sensor__rosidl_typesupport_fastrtps_cpp.hpp
-- Up-to-date: /home/bradenmeyers/ros2ws/src/holoocean_interfaces/install/holoocean_interfaces/lib/libholoocean_interfaces__rosidl_typesupport_fastrtps_cpp.so
-- Up-to-date: /home/bradenmeyers/ros2ws/src/holoocean_interfaces/install/holoocean_interfaces/include/holoocean_interfaces/holoocean_interfaces
-- Up-to-date: /home/bradenmeyers/ros2ws/src/holoocean_interfaces/install/holoocean_interfaces/include/holoocean_interfaces/holoocean_interfaces/msg
-- Up-to-date: /home/bradenmeyers/ros2ws/src/holoocean_interfaces/install/holoocean_interfaces/include/holoocean_interfaces/holoocean_interfaces/msg/detail
-- Up-to-date: /home/bradenmeyers/ros2ws/src/holoocean_interfaces/install/holoocean_interfaces/include/holoocean_interfaces/holoocean_interfaces/msg/detail/rgb_camera__rosidl_typesupport_introspection_cpp.hpp
-- Up-to-date: /home/bradenmeyers/ros2ws/src/holoocean_interfaces/install/holoocean_interfaces/include/holoocean_interfaces/holoocean_interfaces/msg/detail/dvl_sensor__type_support.cpp
-- Up-to-date: /home/bradenmeyers/ros2ws/src/holoocean_interfaces/install/holoocean_interfaces/include/holoocean_interfaces/holoocean_interfaces/msg/detail/rotation_sensor__type_support.cpp
-- Up-to-date: /home/bradenmeyers/ros2ws/src/holoocean_interfaces/install/holoocean_interfaces/include/holoocean_interfaces/holoocean_interfaces/msg/detail/gps_sensor__rosidl_typesupport_introspection_cpp.hpp
-- Up-to-date: /home/bradenmeyers/ros2ws/src/holoocean_interfaces/install/holoocean_interfaces/include/holoocean_interfaces/holoocean_interfaces/msg/detail/imu_sensor__type_support.cpp
-- Up-to-date: /home/bradenmeyers/ros2ws/src/holoocean_interfaces/install/holoocean_interfaces/include/holoocean_interfaces/holoocean_interfaces/msg/detail/velocity_sensor__rosidl_typesupport_introspection_cpp.hpp
-- Up-to-date: /home/bradenmeyers/ros2ws/src/holoocean_interfaces/install/holoocean_interfaces/include/holoocean_interfaces/holoocean_interfaces/msg/detail/range_finder_sensor__type_support.cpp
-- Up-to-date: /home/bradenmeyers/ros2ws/src/holoocean_interfaces/install/holoocean_interfaces/include/holoocean_interfaces/holoocean_interfaces/msg/detail/pose_sensor__type_support.cpp
-- Up-to-date: /home/bradenmeyers/ros2ws/src/holoocean_interfaces/install/holoocean_interfaces/include/holoocean_interfaces/holoocean_interfaces/msg/detail/pose_sensor__rosidl_typesupport_introspection_cpp.hpp
-- Up-to-date: /home/bradenmeyers/ros2ws/src/holoocean_interfaces/install/holoocean_interfaces/include/holoocean_interfaces/holoocean_interfaces/msg/detail/acoustic_beacon_sensor__type_support.cpp
-- Up-to-date: /home/bradenmeyers/ros2ws/src/holoocean_interfaces/install/holoocean_interfaces/include/holoocean_interfaces/holoocean_interfaces/msg/detail/range_finder_sensor__rosidl_typesupport_introspection_cpp.hpp
-- Up-to-date: /home/bradenmeyers/ros2ws/src/holoocean_interfaces/install/holoocean_interfaces/include/holoocean_interfaces/holoocean_interfaces/msg/detail/gps_sensor__type_support.cpp
-- Up-to-date: /home/bradenmeyers/ros2ws/src/holoocean_interfaces/install/holoocean_interfaces/include/holoocean_interfaces/holoocean_interfaces/msg/detail/imaging_sonar__type_support.cpp
-- Up-to-date: /home/bradenmeyers/ros2ws/src/holoocean_interfaces/install/holoocean_interfaces/include/holoocean_interfaces/holoocean_interfaces/msg/detail/depth_sensor__type_support.cpp
-- Up-to-date: /home/bradenmeyers/ros2ws/src/holoocean_interfaces/install/holoocean_interfaces/include/holoocean_interfaces/holoocean_interfaces/msg/detail/imu_sensor__rosidl_typesupport_introspection_cpp.hpp
-- Up-to-date: /home/bradenmeyers/ros2ws/src/holoocean_interfaces/install/holoocean_interfaces/include/holoocean_interfaces/holoocean_interfaces/msg/detail/orientation_sensor__rosidl_typesupport_introspection_cpp.hpp
-- Up-to-date: /home/bradenmeyers/ros2ws/src/holoocean_interfaces/install/holoocean_interfaces/include/holoocean_interfaces/holoocean_interfaces/msg/detail/location_sensor__rosidl_typesupport_introspection_cpp.hpp
-- Up-to-date: /home/bradenmeyers/ros2ws/src/holoocean_interfaces/install/holoocean_interfaces/include/holoocean_interfaces/holoocean_interfaces/msg/detail/rotation_sensor__rosidl_typesupport_introspection_cpp.hpp
-- Up-to-date: /home/bradenmeyers/ros2ws/src/holoocean_interfaces/install/holoocean_interfaces/include/holoocean_interfaces/holoocean_interfaces/msg/detail/rgb_camera__type_support.cpp
-- Up-to-date: /home/bradenmeyers/ros2ws/src/holoocean_interfaces/install/holoocean_interfaces/include/holoocean_interfaces/holoocean_interfaces/msg/detail/depth_sensor__rosidl_typesupport_introspection_cpp.hpp
-- Up-to-date: /home/bradenmeyers/ros2ws/src/holoocean_interfaces/install/holoocean_interfaces/include/holoocean_interfaces/holoocean_interfaces/msg/detail/dvl_sensor__rosidl_typesupport_introspection_cpp.hpp
-- Up-to-date: /home/bradenmeyers/ros2ws/src/holoocean_interfaces/install/holoocean_interfaces/include/holoocean_interfaces/holoocean_interfaces/msg/detail/imaging_sonar__rosidl_typesupport_introspection_cpp.hpp
-- Up-to-date: /home/bradenmeyers/ros2ws/src/holoocean_interfaces/install/holoocean_interfaces/include/holoocean_interfaces/holoocean_interfaces/msg/detail/location_sensor__type_support.cpp
-- Up-to-date: /home/bradenmeyers/ros2ws/src/holoocean_interfaces/install/holoocean_interfaces/include/holoocean_interfaces/holoocean_interfaces/msg/detail/velocity_sensor__type_support.cpp
-- Up-to-date: /home/bradenmeyers/ros2ws/src/holoocean_interfaces/install/holoocean_interfaces/include/holoocean_interfaces/holoocean_interfaces/msg/detail/acoustic_beacon_sensor__rosidl_typesupport_introspection_cpp.hpp
-- Up-to-date: /home/bradenmeyers/ros2ws/src/holoocean_interfaces/install/holoocean_interfaces/include/holoocean_interfaces/holoocean_interfaces/msg/detail/orientation_sensor__type_support.cpp
-- Up-to-date: /home/bradenmeyers/ros2ws/src/holoocean_interfaces/install/holoocean_interfaces/lib/libholoocean_interfaces__rosidl_typesupport_introspection_cpp.so
-- Up-to-date: /home/bradenmeyers/ros2ws/src/holoocean_interfaces/install/holoocean_interfaces/lib/libholoocean_interfaces__rosidl_typesupport_cpp.so
-- Up-to-date: /home/bradenmeyers/ros2ws/src/holoocean_interfaces/install/holoocean_interfaces/share/holoocean_interfaces/environment/pythonpath.sh
-- Up-to-date: /home/bradenmeyers/ros2ws/src/holoocean_interfaces/install/holoocean_interfaces/share/holoocean_interfaces/environment/pythonpath.dsv
-- Up-to-date: /home/bradenmeyers/ros2ws/src/holoocean_interfaces/install/holoocean_interfaces/local/lib/python3.10/dist-packages/holoocean_interfaces-0.0.0-py3.10.egg-info
-- Installing: /home/bradenmeyers/ros2ws/src/holoocean_interfaces/install/holoocean_interfaces/local/lib/python3.10/dist-packages/holoocean_interfaces-0.0.0-py3.10.egg-info/dependency_links.txt
-- Installing: /home/bradenmeyers/ros2ws/src/holoocean_interfaces/install/holoocean_interfaces/local/lib/python3.10/dist-packages/holoocean_interfaces-0.0.0-py3.10.egg-info/PKG-INFO
-- Installing: /home/bradenmeyers/ros2ws/src/holoocean_interfaces/install/holoocean_interfaces/local/lib/python3.10/dist-packages/holoocean_interfaces-0.0.0-py3.10.egg-info/SOURCES.txt
-- Installing: /home/bradenmeyers/ros2ws/src/holoocean_interfaces/install/holoocean_interfaces/local/lib/python3.10/dist-packages/holoocean_interfaces-0.0.0-py3.10.egg-info/top_level.txt
-- Up-to-date: /home/bradenmeyers/ros2ws/src/holoocean_interfaces/install/holoocean_interfaces/local/lib/python3.10/dist-packages/holoocean_interfaces
-- Up-to-date: /home/bradenmeyers/ros2ws/src/holoocean_interfaces/install/holoocean_interfaces/local/lib/python3.10/dist-packages/holoocean_interfaces/_holoocean_interfaces_s.ep.rosidl_typesupport_fastrtps_c.c
-- Up-to-date: /home/bradenmeyers/ros2ws/src/holoocean_interfaces/install/holoocean_interfaces/local/lib/python3.10/dist-packages/holoocean_interfaces/holoocean_interfaces_s__rosidl_typesupport_c.cpython-310-x86_64-linux-gnu.so
-- Up-to-date: /home/bradenmeyers/ros2ws/src/holoocean_interfaces/install/holoocean_interfaces/local/lib/python3.10/dist-packages/holoocean_interfaces/_holoocean_interfaces_s.ep.rosidl_typesupport_introspection_c.c
-- Up-to-date: /home/bradenmeyers/ros2ws/src/holoocean_interfaces/install/holoocean_interfaces/local/lib/python3.10/dist-packages/holoocean_interfaces/holoocean_interfaces_s__rosidl_typesupport_introspection_c.cpython-310-x86_64-linux-gnu.so
-- Up-to-date: /home/bradenmeyers/ros2ws/src/holoocean_interfaces/install/holoocean_interfaces/local/lib/python3.10/dist-packages/holoocean_interfaces/holoocean_interfaces_s__rosidl_typesupport_fastrtps_c.cpython-310-x86_64-linux-gnu.so
-- Up-to-date: /home/bradenmeyers/ros2ws/src/holoocean_interfaces/install/holoocean_interfaces/local/lib/python3.10/dist-packages/holoocean_interfaces/msg
-- Up-to-date: /home/bradenmeyers/ros2ws/src/holoocean_interfaces/install/holoocean_interfaces/local/lib/python3.10/dist-packages/holoocean_interfaces/msg/_rotation_sensor_s.c
-- Up-to-date: /home/bradenmeyers/ros2ws/src/holoocean_interfaces/install/holoocean_interfaces/local/lib/python3.10/dist-packages/holoocean_interfaces/msg/_pose_sensor.py
-- Up-to-date: /home/bradenmeyers/ros2ws/src/holoocean_interfaces/install/holoocean_interfaces/local/lib/python3.10/dist-packages/holoocean_interfaces/msg/_range_finder_sensor.py
-- Up-to-date: /home/bradenmeyers/ros2ws/src/holoocean_interfaces/install/holoocean_interfaces/local/lib/python3.10/dist-packages/holoocean_interfaces/msg/_location_sensor_s.c
-- Up-to-date: /home/bradenmeyers/ros2ws/src/holoocean_interfaces/install/holoocean_interfaces/local/lib/python3.10/dist-packages/holoocean_interfaces/msg/_acoustic_beacon_sensor_s.c
-- Up-to-date: /home/bradenmeyers/ros2ws/src/holoocean_interfaces/install/holoocean_interfaces/local/lib/python3.10/dist-packages/holoocean_interfaces/msg/_imu_sensor.py
-- Up-to-date: /home/bradenmeyers/ros2ws/src/holoocean_interfaces/install/holoocean_interfaces/local/lib/python3.10/dist-packages/holoocean_interfaces/msg/_rgb_camera_s.c
-- Up-to-date: /home/bradenmeyers/ros2ws/src/holoocean_interfaces/install/holoocean_interfaces/local/lib/python3.10/dist-packages/holoocean_interfaces/msg/_orientation_sensor_s.c
-- Up-to-date: /home/bradenmeyers/ros2ws/src/holoocean_interfaces/install/holoocean_interfaces/local/lib/python3.10/dist-packages/holoocean_interfaces/msg/_depth_sensor.py
-- Up-to-date: /home/bradenmeyers/ros2ws/src/holoocean_interfaces/install/holoocean_interfaces/local/lib/python3.10/dist-packages/holoocean_interfaces/msg/_imu_sensor_s.c
-- Up-to-date: /home/bradenmeyers/ros2ws/src/holoocean_interfaces/install/holoocean_interfaces/local/lib/python3.10/dist-packages/holoocean_interfaces/msg/_gps_sensor_s.c
-- Up-to-date: /home/bradenmeyers/ros2ws/src/holoocean_interfaces/install/holoocean_interfaces/local/lib/python3.10/dist-packages/holoocean_interfaces/msg/_depth_sensor_s.c
-- Up-to-date: /home/bradenmeyers/ros2ws/src/holoocean_interfaces/install/holoocean_interfaces/local/lib/python3.10/dist-packages/holoocean_interfaces/msg/_velocity_sensor.py
-- Up-to-date: /home/bradenmeyers/ros2ws/src/holoocean_interfaces/install/holoocean_interfaces/local/lib/python3.10/dist-packages/holoocean_interfaces/msg/_rgb_camera.py
-- Up-to-date: /home/bradenmeyers/ros2ws/src/holoocean_interfaces/install/holoocean_interfaces/local/lib/python3.10/dist-packages/holoocean_interfaces/msg/_dvl_sensor.py
-- Up-to-date: /home/bradenmeyers/ros2ws/src/holoocean_interfaces/install/holoocean_interfaces/local/lib/python3.10/dist-packages/holoocean_interfaces/msg/_rotation_sensor.py
-- Up-to-date: /home/bradenmeyers/ros2ws/src/holoocean_interfaces/install/holoocean_interfaces/local/lib/python3.10/dist-packages/holoocean_interfaces/msg/_imaging_sonar.py
-- Up-to-date: /home/bradenmeyers/ros2ws/src/holoocean_interfaces/install/holoocean_interfaces/local/lib/python3.10/dist-packages/holoocean_interfaces/msg/_gps_sensor.py
-- Up-to-date: /home/bradenmeyers/ros2ws/src/holoocean_interfaces/install/holoocean_interfaces/local/lib/python3.10/dist-packages/holoocean_interfaces/msg/_orientation_sensor.py
-- Up-to-date: /home/bradenmeyers/ros2ws/src/holoocean_interfaces/install/holoocean_interfaces/local/lib/python3.10/dist-packages/holoocean_interfaces/msg/_pose_sensor_s.c
-- Up-to-date: /home/bradenmeyers/ros2ws/src/holoocean_interfaces/install/holoocean_interfaces/local/lib/python3.10/dist-packages/holoocean_interfaces/msg/_location_sensor.py
-- Up-to-date: /home/bradenmeyers/ros2ws/src/holoocean_interfaces/install/holoocean_interfaces/local/lib/python3.10/dist-packages/holoocean_interfaces/msg/_velocity_sensor_s.c
-- Up-to-date: /home/bradenmeyers/ros2ws/src/holoocean_interfaces/install/holoocean_interfaces/local/lib/python3.10/dist-packages/holoocean_interfaces/msg/_range_finder_sensor_s.c
-- Up-to-date: /home/bradenmeyers/ros2ws/src/holoocean_interfaces/install/holoocean_interfaces/local/lib/python3.10/dist-packages/holoocean_interfaces/msg/_acoustic_beacon_sensor.py
-- Up-to-date: /home/bradenmeyers/ros2ws/src/holoocean_interfaces/install/holoocean_interfaces/local/lib/python3.10/dist-packages/holoocean_interfaces/msg/_dvl_sensor_s.c
-- Up-to-date: /home/bradenmeyers/ros2ws/src/holoocean_interfaces/install/holoocean_interfaces/local/lib/python3.10/dist-packages/holoocean_interfaces/msg/__init__.py
-- Up-to-date: /home/bradenmeyers/ros2ws/src/holoocean_interfaces/install/holoocean_interfaces/local/lib/python3.10/dist-packages/holoocean_interfaces/msg/_imaging_sonar_s.c
-- Up-to-date: /home/bradenmeyers/ros2ws/src/holoocean_interfaces/install/holoocean_interfaces/local/lib/python3.10/dist-packages/holoocean_interfaces/libholoocean_interfaces__rosidl_generator_py.so
-- Up-to-date: /home/bradenmeyers/ros2ws/src/holoocean_interfaces/install/holoocean_interfaces/local/lib/python3.10/dist-packages/holoocean_interfaces/_holoocean_interfaces_s.ep.rosidl_typesupport_c.c
-- Up-to-date: /home/bradenmeyers/ros2ws/src/holoocean_interfaces/install/holoocean_interfaces/local/lib/python3.10/dist-packages/holoocean_interfaces/__init__.py
Listing '/home/bradenmeyers/ros2ws/src/holoocean_interfaces/install/holoocean_interfaces/local/lib/python3.10/dist-packages/holoocean_interfaces'...
Listing '/home/bradenmeyers/ros2ws/src/holoocean_interfaces/install/holoocean_interfaces/local/lib/python3.10/dist-packages/holoocean_interfaces/msg'...
-- Up-to-date: /home/bradenmeyers/ros2ws/src/holoocean_interfaces/install/holoocean_interfaces/local/lib/python3.10/dist-packages/holoocean_interfaces/holoocean_interfaces_s__rosidl_typesupport_fastrtps_c.cpython-310-x86_64-linux-gnu.so
-- Up-to-date: /home/bradenmeyers/ros2ws/src/holoocean_interfaces/install/holoocean_interfaces/local/lib/python3.10/dist-packages/holoocean_interfaces/holoocean_interfaces_s__rosidl_typesupport_introspection_c.cpython-310-x86_64-linux-gnu.so
-- Up-to-date: /home/bradenmeyers/ros2ws/src/holoocean_interfaces/install/holoocean_interfaces/local/lib/python3.10/dist-packages/holoocean_interfaces/holoocean_interfaces_s__rosidl_typesupport_c.cpython-310-x86_64-linux-gnu.so
-- Up-to-date: /home/bradenmeyers/ros2ws/src/holoocean_interfaces/install/holoocean_interfaces/lib/libholoocean_interfaces__rosidl_generator_py.so
-- Up-to-date: /home/bradenmeyers/ros2ws/src/holoocean_interfaces/install/holoocean_interfaces/share/holoocean_interfaces/msg/DVLSensor.idl
-- Up-to-date: /home/bradenmeyers/ros2ws/src/holoocean_interfaces/install/holoocean_interfaces/share/holoocean_interfaces/msg/IMUSensor.idl
-- Up-to-date: /home/bradenmeyers/ros2ws/src/holoocean_interfaces/install/holoocean_interfaces/share/holoocean_interfaces/msg/GPSSensor.idl
-- Up-to-date: /home/bradenmeyers/ros2ws/src/holoocean_interfaces/install/holoocean_interfaces/share/holoocean_interfaces/msg/AcousticBeaconSensor.idl
-- Up-to-date: /home/bradenmeyers/ros2ws/src/holoocean_interfaces/install/holoocean_interfaces/share/holoocean_interfaces/msg/ImagingSonar.idl
-- Up-to-date: /home/bradenmeyers/ros2ws/src/holoocean_interfaces/install/holoocean_interfaces/share/holoocean_interfaces/msg/DepthSensor.idl
-- Up-to-date: /home/bradenmeyers/ros2ws/src/holoocean_interfaces/install/holoocean_interfaces/share/holoocean_interfaces/msg/RGBCamera.idl
-- Up-to-date: /home/bradenmeyers/ros2ws/src/holoocean_interfaces/install/holoocean_interfaces/share/holoocean_interfaces/msg/PoseSensor.idl
-- Up-to-date: /home/bradenmeyers/ros2ws/src/holoocean_interfaces/install/holoocean_interfaces/share/holoocean_interfaces/msg/LocationSensor.idl
-- Up-to-date: /home/bradenmeyers/ros2ws/src/holoocean_interfaces/install/holoocean_interfaces/share/holoocean_interfaces/msg/RangeFinderSensor.idl
-- Up-to-date: /home/bradenmeyers/ros2ws/src/holoocean_interfaces/install/holoocean_interfaces/share/holoocean_interfaces/msg/RotationSensor.idl
-- Up-to-date: /home/bradenmeyers/ros2ws/src/holoocean_interfaces/install/holoocean_interfaces/share/holoocean_interfaces/msg/OrientationSensor.idl
-- Up-to-date: /home/bradenmeyers/ros2ws/src/holoocean_interfaces/install/holoocean_interfaces/share/holoocean_interfaces/msg/VelocitySensor.idl
-- Up-to-date: /home/bradenmeyers/ros2ws/src/holoocean_interfaces/install/holoocean_interfaces/share/holoocean_interfaces/msg/DVLSensor.msg
-- Up-to-date: /home/bradenmeyers/ros2ws/src/holoocean_interfaces/install/holoocean_interfaces/share/holoocean_interfaces/msg/IMUSensor.msg
-- Up-to-date: /home/bradenmeyers/ros2ws/src/holoocean_interfaces/install/holoocean_interfaces/share/holoocean_interfaces/msg/GPSSensor.msg
-- Up-to-date: /home/bradenmeyers/ros2ws/src/holoocean_interfaces/install/holoocean_interfaces/share/holoocean_interfaces/msg/AcousticBeaconSensor.msg
-- Up-to-date: /home/bradenmeyers/ros2ws/src/holoocean_interfaces/install/holoocean_interfaces/share/holoocean_interfaces/msg/ImagingSonar.msg
-- Up-to-date: /home/bradenmeyers/ros2ws/src/holoocean_interfaces/install/holoocean_interfaces/share/holoocean_interfaces/msg/DepthSensor.msg
-- Up-to-date: /home/bradenmeyers/ros2ws/src/holoocean_interfaces/install/holoocean_interfaces/share/holoocean_interfaces/msg/RGBCamera.msg
-- Up-to-date: /home/bradenmeyers/ros2ws/src/holoocean_interfaces/install/holoocean_interfaces/share/holoocean_interfaces/msg/PoseSensor.msg
-- Up-to-date: /home/bradenmeyers/ros2ws/src/holoocean_interfaces/install/holoocean_interfaces/share/holoocean_interfaces/msg/LocationSensor.msg
-- Up-to-date: /home/bradenmeyers/ros2ws/src/holoocean_interfaces/install/holoocean_interfaces/share/holoocean_interfaces/msg/RangeFinderSensor.msg
-- Up-to-date: /home/bradenmeyers/ros2ws/src/holoocean_interfaces/install/holoocean_interfaces/share/holoocean_interfaces/msg/RotationSensor.msg
-- Up-to-date: /home/bradenmeyers/ros2ws/src/holoocean_interfaces/install/holoocean_interfaces/share/holoocean_interfaces/msg/OrientationSensor.msg
-- Up-to-date: /home/bradenmeyers/ros2ws/src/holoocean_interfaces/install/holoocean_interfaces/share/holoocean_interfaces/msg/VelocitySensor.msg
-- Up-to-date: /home/bradenmeyers/ros2ws/src/holoocean_interfaces/install/holoocean_interfaces/share/ament_index/resource_index/package_run_dependencies/holoocean_interfaces
-- Up-to-date: /home/bradenmeyers/ros2ws/src/holoocean_interfaces/install/holoocean_interfaces/share/ament_index/resource_index/parent_prefix_path/holoocean_interfaces
-- Up-to-date: /home/bradenmeyers/ros2ws/src/holoocean_interfaces/install/holoocean_interfaces/share/holoocean_interfaces/environment/ament_prefix_path.sh
-- Up-to-date: /home/bradenmeyers/ros2ws/src/holoocean_interfaces/install/holoocean_interfaces/share/holoocean_interfaces/environment/ament_prefix_path.dsv
-- Up-to-date: /home/bradenmeyers/ros2ws/src/holoocean_interfaces/install/holoocean_interfaces/share/holoocean_interfaces/environment/path.sh
-- Up-to-date: /home/bradenmeyers/ros2ws/src/holoocean_interfaces/install/holoocean_interfaces/share/holoocean_interfaces/environment/path.dsv
-- Up-to-date: /home/bradenmeyers/ros2ws/src/holoocean_interfaces/install/holoocean_interfaces/share/holoocean_interfaces/local_setup.bash
-- Up-to-date: /home/bradenmeyers/ros2ws/src/holoocean_interfaces/install/holoocean_interfaces/share/holoocean_interfaces/local_setup.sh
-- Up-to-date: /home/bradenmeyers/ros2ws/src/holoocean_interfaces/install/holoocean_interfaces/share/holoocean_interfaces/local_setup.zsh
-- Up-to-date: /home/bradenmeyers/ros2ws/src/holoocean_interfaces/install/holoocean_interfaces/share/holoocean_interfaces/local_setup.dsv
-- Installing: /home/bradenmeyers/ros2ws/src/holoocean_interfaces/install/holoocean_interfaces/share/holoocean_interfaces/package.dsv
-- Up-to-date: /home/bradenmeyers/ros2ws/src/holoocean_interfaces/install/holoocean_interfaces/share/ament_index/resource_index/packages/holoocean_interfaces
-- Up-to-date: /home/bradenmeyers/ros2ws/src/holoocean_interfaces/install/holoocean_interfaces/share/holoocean_interfaces/cmake/export_holoocean_interfaces__rosidl_generator_cExport.cmake
-- Up-to-date: /home/bradenmeyers/ros2ws/src/holoocean_interfaces/install/holoocean_interfaces/share/holoocean_interfaces/cmake/export_holoocean_interfaces__rosidl_generator_cExport-noconfig.cmake
-- Up-to-date: /home/bradenmeyers/ros2ws/src/holoocean_interfaces/install/holoocean_interfaces/share/holoocean_interfaces/cmake/export_holoocean_interfaces__rosidl_typesupport_fastrtps_cExport.cmake
-- Up-to-date: /home/bradenmeyers/ros2ws/src/holoocean_interfaces/install/holoocean_interfaces/share/holoocean_interfaces/cmake/export_holoocean_interfaces__rosidl_typesupport_fastrtps_cExport-noconfig.cmake
-- Up-to-date: /home/bradenmeyers/ros2ws/src/holoocean_interfaces/install/holoocean_interfaces/share/holoocean_interfaces/cmake/holoocean_interfaces__rosidl_typesupport_introspection_cExport.cmake
-- Up-to-date: /home/bradenmeyers/ros2ws/src/holoocean_interfaces/install/holoocean_interfaces/share/holoocean_interfaces/cmake/holoocean_interfaces__rosidl_typesupport_introspection_cExport-noconfig.cmake
-- Up-to-date: /home/bradenmeyers/ros2ws/src/holoocean_interfaces/install/holoocean_interfaces/share/holoocean_interfaces/cmake/holoocean_interfaces__rosidl_typesupport_cExport.cmake
-- Up-to-date: /home/bradenmeyers/ros2ws/src/holoocean_interfaces/install/holoocean_interfaces/share/holoocean_interfaces/cmake/holoocean_interfaces__rosidl_typesupport_cExport-noconfig.cmake
-- Up-to-date: /home/bradenmeyers/ros2ws/src/holoocean_interfaces/install/holoocean_interfaces/share/holoocean_interfaces/cmake/export_holoocean_interfaces__rosidl_generator_cppExport.cmake
-- Up-to-date: /home/bradenmeyers/ros2ws/src/holoocean_interfaces/install/holoocean_interfaces/share/holoocean_interfaces/cmake/export_holoocean_interfaces__rosidl_typesupport_fastrtps_cppExport.cmake
-- Up-to-date: /home/bradenmeyers/ros2ws/src/holoocean_interfaces/install/holoocean_interfaces/share/holoocean_interfaces/cmake/export_holoocean_interfaces__rosidl_typesupport_fastrtps_cppExport-noconfig.cmake
-- Up-to-date: /home/bradenmeyers/ros2ws/src/holoocean_interfaces/install/holoocean_interfaces/share/holoocean_interfaces/cmake/holoocean_interfaces__rosidl_typesupport_introspection_cppExport.cmake
-- Up-to-date: /home/bradenmeyers/ros2ws/src/holoocean_interfaces/install/holoocean_interfaces/share/holoocean_interfaces/cmake/holoocean_interfaces__rosidl_typesupport_introspection_cppExport-noconfig.cmake
-- Up-to-date: /home/bradenmeyers/ros2ws/src/holoocean_interfaces/install/holoocean_interfaces/share/holoocean_interfaces/cmake/holoocean_interfaces__rosidl_typesupport_cppExport.cmake
-- Up-to-date: /home/bradenmeyers/ros2ws/src/holoocean_interfaces/install/holoocean_interfaces/share/holoocean_interfaces/cmake/holoocean_interfaces__rosidl_typesupport_cppExport-noconfig.cmake
-- Up-to-date: /home/bradenmeyers/ros2ws/src/holoocean_interfaces/install/holoocean_interfaces/share/holoocean_interfaces/cmake/export_holoocean_interfaces__rosidl_generator_pyExport.cmake
-- Up-to-date: /home/bradenmeyers/ros2ws/src/holoocean_interfaces/install/holoocean_interfaces/share/holoocean_interfaces/cmake/export_holoocean_interfaces__rosidl_generator_pyExport-noconfig.cmake
-- Up-to-date: /home/bradenmeyers/ros2ws/src/holoocean_interfaces/install/holoocean_interfaces/share/holoocean_interfaces/cmake/rosidl_cmake-extras.cmake
-- Up-to-date: /home/bradenmeyers/ros2ws/src/holoocean_interfaces/install/holoocean_interfaces/share/holoocean_interfaces/cmake/ament_cmake_export_dependencies-extras.cmake
-- Up-to-date: /home/bradenmeyers/ros2ws/src/holoocean_interfaces/install/holoocean_interfaces/share/holoocean_interfaces/cmake/ament_cmake_export_include_directories-extras.cmake
-- Up-to-date: /home/bradenmeyers/ros2ws/src/holoocean_interfaces/install/holoocean_interfaces/share/holoocean_interfaces/cmake/ament_cmake_export_libraries-extras.cmake
-- Up-to-date: /home/bradenmeyers/ros2ws/src/holoocean_interfaces/install/holoocean_interfaces/share/holoocean_interfaces/cmake/ament_cmake_export_targets-extras.cmake
-- Up-to-date: /home/bradenmeyers/ros2ws/src/holoocean_interfaces/install/holoocean_interfaces/share/holoocean_interfaces/cmake/rosidl_cmake_export_typesupport_targets-extras.cmake
-- Up-to-date: /home/bradenmeyers/ros2ws/src/holoocean_interfaces/install/holoocean_interfaces/share/holoocean_interfaces/cmake/rosidl_cmake_export_typesupport_libraries-extras.cmake
-- Up-to-date: /home/bradenmeyers/ros2ws/src/holoocean_interfaces/install/holoocean_interfaces/share/holoocean_interfaces/cmake/holoocean_interfacesConfig.cmake
-- Up-to-date: /home/bradenmeyers/ros2ws/src/holoocean_interfaces/install/holoocean_interfaces/share/holoocean_interfaces/cmake/holoocean_interfacesConfig-version.cmake
-- Up-to-date: /home/bradenmeyers/ros2ws/src/holoocean_interfaces/install/holoocean_interfaces/share/holoocean_interfaces/package.xml
