[0.006s] Invoking command in '/home/bradenmeyers/ros2ws/src/holoocean_interfaces/build/holoocean_interfaces': CMAKE_PREFIX_PATH=${CMAKE_PREFIX_PATH}:/opt/ros/humble:/home/bradenmeyers/ros2ws/install/py_pubsub:/home/bradenmeyers/ros2ws/install/python_parameters:/home/bradenmeyers/ros2ws/install/my_package /usr/bin/cmake --build /home/bradenmeyers/ros2ws/src/holoocean_interfaces/build/holoocean_interfaces -- -j20 -l20
[0.044s] [35m[1mConsolidate compiler generated dependencies of target holoocean_interfaces__rosidl_generator_c[0m
[0.050s] [  0%] Built target holoocean_interfaces__cpp
[0.056s] [ 12%] Built target holoocean_interfaces__rosidl_generator_c
[0.057s] [ 12%] Built target ament_cmake_python_copy_holoocean_interfaces
[0.061s] [35m[1mConsolidate compiler generated dependencies of target holoocean_interfaces__rosidl_typesupport_cpp[0m
[0.063s] [35m[1mConsolidate compiler generated dependencies of target holoocean_interfaces__rosidl_typesupport_fastrtps_cpp[0m
[0.063s] [35m[1mConsolidate compiler generated dependencies of target holoocean_interfaces__rosidl_typesupport_introspection_cpp[0m
[0.069s] [35m[1mConsolidate compiler generated dependencies of target holoocean_interfaces__rosidl_typesupport_introspection_c[0m
[0.071s] [35m[1mConsolidate compiler generated dependencies of target holoocean_interfaces__rosidl_typesupport_fastrtps_c[0m
[0.072s] [35m[1mConsolidate compiler generated dependencies of target holoocean_interfaces__rosidl_typesupport_c[0m
[0.086s] [ 32%] Built target holoocean_interfaces__rosidl_typesupport_introspection_c
[0.086s] [ 36%] Built target holoocean_interfaces__rosidl_typesupport_c
[0.088s] [ 54%] Built target holoocean_interfaces__rosidl_typesupport_introspection_cpp
[0.088s] [ 63%] Built target holoocean_interfaces__rosidl_typesupport_cpp
[0.088s] [ 72%] Built target holoocean_interfaces__rosidl_typesupport_fastrtps_cpp
[0.091s] [ 84%] Built target holoocean_interfaces__rosidl_typesupport_fastrtps_c
[0.104s] [ 84%] Built target holoocean_interfaces
[0.120s] [ 85%] Built target holoocean_interfaces__py
[0.131s] [35m[1mConsolidate compiler generated dependencies of target holoocean_interfaces__rosidl_generator_py[0m
[0.148s] [ 96%] Built target holoocean_interfaces__rosidl_generator_py
[0.155s] [35m[1mConsolidate compiler generated dependencies of target holoocean_interfaces__rosidl_typesupport_fastrtps_c__pyext[0m
[0.156s] [35m[1mConsolidate compiler generated dependencies of target holoocean_interfaces__rosidl_typesupport_introspection_c__pyext[0m
[0.156s] [35m[1mConsolidate compiler generated dependencies of target holoocean_interfaces__rosidl_typesupport_c__pyext[0m
[0.166s] [ 99%] Built target holoocean_interfaces__rosidl_typesupport_fastrtps_c__pyext
[0.166s] [ 99%] Built target holoocean_interfaces__rosidl_typesupport_introspection_c__pyext
[0.166s] [100%] Built target holoocean_interfaces__rosidl_typesupport_c__pyext
[0.232s] running egg_info
[0.232s] writing holoocean_interfaces.egg-info/PKG-INFO
[0.232s] writing dependency_links to holoocean_interfaces.egg-info/dependency_links.txt
[0.233s] writing top-level names to holoocean_interfaces.egg-info/top_level.txt
[0.234s] reading manifest file 'holoocean_interfaces.egg-info/SOURCES.txt'
[0.234s] writing manifest file 'holoocean_interfaces.egg-info/SOURCES.txt'
[0.251s] [100%] Built target ament_cmake_python_build_holoocean_interfaces_egg
[0.261s] Invoked command in '/home/bradenmeyers/ros2ws/src/holoocean_interfaces/build/holoocean_interfaces' returned '0': CMAKE_PREFIX_PATH=${CMAKE_PREFIX_PATH}:/opt/ros/humble:/home/bradenmeyers/ros2ws/install/py_pubsub:/home/bradenmeyers/ros2ws/install/python_parameters:/home/bradenmeyers/ros2ws/install/my_package /usr/bin/cmake --build /home/bradenmeyers/ros2ws/src/holoocean_interfaces/build/holoocean_interfaces -- -j20 -l20
[0.446s] Invoking command in '/home/bradenmeyers/ros2ws/src/holoocean_interfaces/build/holoocean_interfaces': CMAKE_PREFIX_PATH=${CMAKE_PREFIX_PATH}:/opt/ros/humble:/home/bradenmeyers/ros2ws/install/py_pubsub:/home/bradenmeyers/ros2ws/install/python_parameters:/home/bradenmeyers/ros2ws/install/my_package /usr/bin/cmake --install /home/bradenmeyers/ros2ws/src/holoocean_interfaces/build/holoocean_interfaces
[0.452s] -- Install configuration: ""
[0.452s] -- Up-to-date: /home/bradenmeyers/ros2ws/src/holoocean_interfaces/install/holoocean_interfaces/share/ament_index/resource_index/rosidl_interfaces/holoocean_interfaces
[0.452s] -- Up-to-date: /home/bradenmeyers/ros2ws/src/holoocean_interfaces/install/holoocean_interfaces/include/holoocean_interfaces/holoocean_interfaces
[0.452s] -- Up-to-date: /home/bradenmeyers/ros2ws/src/holoocean_interfaces/install/holoocean_interfaces/include/holoocean_interfaces/holoocean_interfaces/msg
[0.452s] -- Up-to-date: /home/bradenmeyers/ros2ws/src/holoocean_interfaces/install/holoocean_interfaces/include/holoocean_interfaces/holoocean_interfaces/msg/orientation_sensor.h
[0.453s] -- Up-to-date: /home/bradenmeyers/ros2ws/src/holoocean_interfaces/install/holoocean_interfaces/include/holoocean_interfaces/holoocean_interfaces/msg/pose_sensor.h
[0.453s] -- Up-to-date: /home/bradenmeyers/ros2ws/src/holoocean_interfaces/install/holoocean_interfaces/include/holoocean_interfaces/holoocean_interfaces/msg/imu_sensor.h
[0.453s] -- Up-to-date: /home/bradenmeyers/ros2ws/src/holoocean_interfaces/install/holoocean_interfaces/include/holoocean_interfaces/holoocean_interfaces/msg/acoustic_beacon_sensor.h
[0.453s] -- Up-to-date: /home/bradenmeyers/ros2ws/src/holoocean_interfaces/install/holoocean_interfaces/include/holoocean_interfaces/holoocean_interfaces/msg/location_sensor.h
[0.453s] -- Up-to-date: /home/bradenmeyers/ros2ws/src/holoocean_interfaces/install/holoocean_interfaces/include/holoocean_interfaces/holoocean_interfaces/msg/depth_sensor.h
[0.453s] -- Up-to-date: /home/bradenmeyers/ros2ws/src/holoocean_interfaces/install/holoocean_interfaces/include/holoocean_interfaces/holoocean_interfaces/msg/dvl_sensor.h
[0.453s] -- Up-to-date: /home/bradenmeyers/ros2ws/src/holoocean_interfaces/install/holoocean_interfaces/include/holoocean_interfaces/holoocean_interfaces/msg/imaging_sonar.h
[0.453s] -- Up-to-date: /home/bradenmeyers/ros2ws/src/holoocean_interfaces/install/holoocean_interfaces/include/holoocean_interfaces/holoocean_interfaces/msg/velocity_sensor.h
[0.453s] -- Up-to-date: /home/bradenmeyers/ros2ws/src/holoocean_interfaces/install/holoocean_interfaces/include/holoocean_interfaces/holoocean_interfaces/msg/rgb_camera.h
[0.453s] -- Up-to-date: /home/bradenmeyers/ros2ws/src/holoocean_interfaces/install/holoocean_interfaces/include/holoocean_interfaces/holoocean_interfaces/msg/rosidl_generator_c__visibility_control.h
[0.453s] -- Up-to-date: /home/bradenmeyers/ros2ws/src/holoocean_interfaces/install/holoocean_interfaces/include/holoocean_interfaces/holoocean_interfaces/msg/range_finder_sensor.h
[0.454s] -- Up-to-date: /home/bradenmeyers/ros2ws/src/holoocean_interfaces/install/holoocean_interfaces/include/holoocean_interfaces/holoocean_interfaces/msg/rotation_sensor.h
[0.454s] -- Up-to-date: /home/bradenmeyers/ros2ws/src/holoocean_interfaces/install/holoocean_interfaces/include/holoocean_interfaces/holoocean_interfaces/msg/gps_sensor.h
[0.454s] -- Up-to-date: /home/bradenmeyers/ros2ws/src/holoocean_interfaces/install/holoocean_interfaces/include/holoocean_interfaces/holoocean_interfaces/msg/detail
[0.454s] -- Up-to-date: /home/bradenmeyers/ros2ws/src/holoocean_interfaces/install/holoocean_interfaces/include/holoocean_interfaces/holoocean_interfaces/msg/detail/acoustic_beacon_sensor__functions.c
[0.454s] -- Up-to-date: /home/bradenmeyers/ros2ws/src/holoocean_interfaces/install/holoocean_interfaces/include/holoocean_interfaces/holoocean_interfaces/msg/detail/acoustic_beacon_sensor__struct.h
[0.454s] -- Up-to-date: /home/bradenmeyers/ros2ws/src/holoocean_interfaces/install/holoocean_interfaces/include/holoocean_interfaces/holoocean_interfaces/msg/detail/depth_sensor__struct.h
[0.454s] -- Up-to-date: /home/bradenmeyers/ros2ws/src/holoocean_interfaces/install/holoocean_interfaces/include/holoocean_interfaces/holoocean_interfaces/msg/detail/rgb_camera__functions.h
[0.454s] -- Up-to-date: /home/bradenmeyers/ros2ws/src/holoocean_interfaces/install/holoocean_interfaces/include/holoocean_interfaces/holoocean_interfaces/msg/detail/range_finder_sensor__struct.h
[0.454s] -- Up-to-date: /home/bradenmeyers/ros2ws/src/holoocean_interfaces/install/holoocean_interfaces/include/holoocean_interfaces/holoocean_interfaces/msg/detail/pose_sensor__functions.h
[0.454s] -- Up-to-date: /home/bradenmeyers/ros2ws/src/holoocean_interfaces/install/holoocean_interfaces/include/holoocean_interfaces/holoocean_interfaces/msg/detail/pose_sensor__type_support.h
[0.454s] -- Up-to-date: /home/bradenmeyers/ros2ws/src/holoocean_interfaces/install/holoocean_interfaces/include/holoocean_interfaces/holoocean_interfaces/msg/detail/dvl_sensor__type_support.h
[0.454s] -- Up-to-date: /home/bradenmeyers/ros2ws/src/holoocean_interfaces/install/holoocean_interfaces/include/holoocean_interfaces/holoocean_interfaces/msg/detail/imaging_sonar__functions.h
[0.454s] -- Up-to-date: /home/bradenmeyers/ros2ws/src/holoocean_interfaces/install/holoocean_interfaces/include/holoocean_interfaces/holoocean_interfaces/msg/detail/velocity_sensor__functions.c
[0.454s] -- Up-to-date: /home/bradenmeyers/ros2ws/src/holoocean_interfaces/install/holoocean_interfaces/include/holoocean_interfaces/holoocean_interfaces/msg/detail/dvl_sensor__struct.h
[0.454s] -- Up-to-date: /home/bradenmeyers/ros2ws/src/holoocean_interfaces/install/holoocean_interfaces/include/holoocean_interfaces/holoocean_interfaces/msg/detail/range_finder_sensor__type_support.h
[0.454s] -- Up-to-date: /home/bradenmeyers/ros2ws/src/holoocean_interfaces/install/holoocean_interfaces/include/holoocean_interfaces/holoocean_interfaces/msg/detail/orientation_sensor__type_support.h
[0.454s] -- Up-to-date: /home/bradenmeyers/ros2ws/src/holoocean_interfaces/install/holoocean_interfaces/include/holoocean_interfaces/holoocean_interfaces/msg/detail/location_sensor__type_support.h
[0.454s] -- Up-to-date: /home/bradenmeyers/ros2ws/src/holoocean_interfaces/install/holoocean_interfaces/include/holoocean_interfaces/holoocean_interfaces/msg/detail/rotation_sensor__functions.c
[0.454s] -- Up-to-date: /home/bradenmeyers/ros2ws/src/holoocean_interfaces/install/holoocean_interfaces/include/holoocean_interfaces/holoocean_interfaces/msg/detail/imu_sensor__struct.h
[0.454s] -- Up-to-date: /home/bradenmeyers/ros2ws/src/holoocean_interfaces/install/holoocean_interfaces/include/holoocean_interfaces/holoocean_interfaces/msg/detail/rotation_sensor__struct.h
[0.454s] -- Up-to-date: /home/bradenmeyers/ros2ws/src/holoocean_interfaces/install/holoocean_interfaces/include/holoocean_interfaces/holoocean_interfaces/msg/detail/orientation_sensor__struct.h
[0.454s] -- Up-to-date: /home/bradenmeyers/ros2ws/src/holoocean_interfaces/install/holoocean_interfaces/include/holoocean_interfaces/holoocean_interfaces/msg/detail/velocity_sensor__functions.h
[0.454s] -- Up-to-date: /home/bradenmeyers/ros2ws/src/holoocean_interfaces/install/holoocean_interfaces/include/holoocean_interfaces/holoocean_interfaces/msg/detail/location_sensor__functions.c
[0.455s] -- Up-to-date: /home/bradenmeyers/ros2ws/src/holoocean_interfaces/install/holoocean_interfaces/include/holoocean_interfaces/holoocean_interfaces/msg/detail/orientation_sensor__functions.c
[0.455s] -- Up-to-date: /home/bradenmeyers/ros2ws/src/holoocean_interfaces/install/holoocean_interfaces/include/holoocean_interfaces/holoocean_interfaces/msg/detail/orientation_sensor__functions.h
[0.455s] -- Up-to-date: /home/bradenmeyers/ros2ws/src/holoocean_interfaces/install/holoocean_interfaces/include/holoocean_interfaces/holoocean_interfaces/msg/detail/depth_sensor__type_support.h
[0.455s] -- Up-to-date: /home/bradenmeyers/ros2ws/src/holoocean_interfaces/install/holoocean_interfaces/include/holoocean_interfaces/holoocean_interfaces/msg/detail/range_finder_sensor__functions.h
[0.455s] -- Up-to-date: /home/bradenmeyers/ros2ws/src/holoocean_interfaces/install/holoocean_interfaces/include/holoocean_interfaces/holoocean_interfaces/msg/detail/location_sensor__struct.h
[0.455s] -- Up-to-date: /home/bradenmeyers/ros2ws/src/holoocean_interfaces/install/holoocean_interfaces/include/holoocean_interfaces/holoocean_interfaces/msg/detail/imu_sensor__functions.h
[0.455s] -- Up-to-date: /home/bradenmeyers/ros2ws/src/holoocean_interfaces/install/holoocean_interfaces/include/holoocean_interfaces/holoocean_interfaces/msg/detail/pose_sensor__struct.h
[0.455s] -- Up-to-date: /home/bradenmeyers/ros2ws/src/holoocean_interfaces/install/holoocean_interfaces/include/holoocean_interfaces/holoocean_interfaces/msg/detail/rgb_camera__struct.h
[0.455s] -- Up-to-date: /home/bradenmeyers/ros2ws/src/holoocean_interfaces/install/holoocean_interfaces/include/holoocean_interfaces/holoocean_interfaces/msg/detail/gps_sensor__type_support.h
[0.455s] -- Up-to-date: /home/bradenmeyers/ros2ws/src/holoocean_interfaces/install/holoocean_interfaces/include/holoocean_interfaces/holoocean_interfaces/msg/detail/imaging_sonar__struct.h
[0.455s] -- Up-to-date: /home/bradenmeyers/ros2ws/src/holoocean_interfaces/install/holoocean_interfaces/include/holoocean_interfaces/holoocean_interfaces/msg/detail/depth_sensor__functions.h
[0.455s] -- Up-to-date: /home/bradenmeyers/ros2ws/src/holoocean_interfaces/install/holoocean_interfaces/include/holoocean_interfaces/holoocean_interfaces/msg/detail/depth_sensor__functions.c
[0.455s] -- Up-to-date: /home/bradenmeyers/ros2ws/src/holoocean_interfaces/install/holoocean_interfaces/include/holoocean_interfaces/holoocean_interfaces/msg/detail/gps_sensor__struct.h
[0.455s] -- Up-to-date: /home/bradenmeyers/ros2ws/src/holoocean_interfaces/install/holoocean_interfaces/include/holoocean_interfaces/holoocean_interfaces/msg/detail/rgb_camera__functions.c
[0.455s] -- Up-to-date: /home/bradenmeyers/ros2ws/src/holoocean_interfaces/install/holoocean_interfaces/include/holoocean_interfaces/holoocean_interfaces/msg/detail/gps_sensor__functions.h
[0.455s] -- Up-to-date: /home/bradenmeyers/ros2ws/src/holoocean_interfaces/install/holoocean_interfaces/include/holoocean_interfaces/holoocean_interfaces/msg/detail/gps_sensor__functions.c
[0.455s] -- Up-to-date: /home/bradenmeyers/ros2ws/src/holoocean_interfaces/install/holoocean_interfaces/include/holoocean_interfaces/holoocean_interfaces/msg/detail/dvl_sensor__functions.h
[0.455s] -- Up-to-date: /home/bradenmeyers/ros2ws/src/holoocean_interfaces/install/holoocean_interfaces/include/holoocean_interfaces/holoocean_interfaces/msg/detail/velocity_sensor__struct.h
[0.455s] -- Up-to-date: /home/bradenmeyers/ros2ws/src/holoocean_interfaces/install/holoocean_interfaces/include/holoocean_interfaces/holoocean_interfaces/msg/detail/imaging_sonar__type_support.h
[0.455s] -- Up-to-date: /home/bradenmeyers/ros2ws/src/holoocean_interfaces/install/holoocean_interfaces/include/holoocean_interfaces/holoocean_interfaces/msg/detail/acoustic_beacon_sensor__type_support.h
[0.455s] -- Up-to-date: /home/bradenmeyers/ros2ws/src/holoocean_interfaces/install/holoocean_interfaces/include/holoocean_interfaces/holoocean_interfaces/msg/detail/rotation_sensor__functions.h
[0.455s] -- Up-to-date: /home/bradenmeyers/ros2ws/src/holoocean_interfaces/install/holoocean_interfaces/include/holoocean_interfaces/holoocean_interfaces/msg/detail/pose_sensor__functions.c
[0.455s] -- Up-to-date: /home/bradenmeyers/ros2ws/src/holoocean_interfaces/install/holoocean_interfaces/include/holoocean_interfaces/holoocean_interfaces/msg/detail/acoustic_beacon_sensor__functions.h
[0.455s] -- Up-to-date: /home/bradenmeyers/ros2ws/src/holoocean_interfaces/install/holoocean_interfaces/include/holoocean_interfaces/holoocean_interfaces/msg/detail/imu_sensor__type_support.h
[0.455s] -- Up-to-date: /home/bradenmeyers/ros2ws/src/holoocean_interfaces/install/holoocean_interfaces/include/holoocean_interfaces/holoocean_interfaces/msg/detail/location_sensor__functions.h
[0.456s] -- Up-to-date: /home/bradenmeyers/ros2ws/src/holoocean_interfaces/install/holoocean_interfaces/include/holoocean_interfaces/holoocean_interfaces/msg/detail/dvl_sensor__functions.c
[0.456s] -- Up-to-date: /home/bradenmeyers/ros2ws/src/holoocean_interfaces/install/holoocean_interfaces/include/holoocean_interfaces/holoocean_interfaces/msg/detail/rgb_camera__type_support.h
[0.456s] -- Up-to-date: /home/bradenmeyers/ros2ws/src/holoocean_interfaces/install/holoocean_interfaces/include/holoocean_interfaces/holoocean_interfaces/msg/detail/imaging_sonar__functions.c
[0.456s] -- Up-to-date: /home/bradenmeyers/ros2ws/src/holoocean_interfaces/install/holoocean_interfaces/include/holoocean_interfaces/holoocean_interfaces/msg/detail/imu_sensor__functions.c
[0.456s] -- Up-to-date: /home/bradenmeyers/ros2ws/src/holoocean_interfaces/install/holoocean_interfaces/include/holoocean_interfaces/holoocean_interfaces/msg/detail/range_finder_sensor__functions.c
[0.456s] -- Up-to-date: /home/bradenmeyers/ros2ws/src/holoocean_interfaces/install/holoocean_interfaces/include/holoocean_interfaces/holoocean_interfaces/msg/detail/velocity_sensor__type_support.h
[0.456s] -- Up-to-date: /home/bradenmeyers/ros2ws/src/holoocean_interfaces/install/holoocean_interfaces/include/holoocean_interfaces/holoocean_interfaces/msg/detail/rotation_sensor__type_support.h
[0.456s] -- Up-to-date: /home/bradenmeyers/ros2ws/src/holoocean_interfaces/install/holoocean_interfaces/share/holoocean_interfaces/environment/library_path.sh
[0.456s] -- Up-to-date: /home/bradenmeyers/ros2ws/src/holoocean_interfaces/install/holoocean_interfaces/share/holoocean_interfaces/environment/library_path.dsv
[0.456s] -- Up-to-date: /home/bradenmeyers/ros2ws/src/holoocean_interfaces/install/holoocean_interfaces/lib/libholoocean_interfaces__rosidl_generator_c.so
[0.456s] -- Up-to-date: /home/bradenmeyers/ros2ws/src/holoocean_interfaces/install/holoocean_interfaces/include/holoocean_interfaces/holoocean_interfaces
[0.456s] -- Up-to-date: /home/bradenmeyers/ros2ws/src/holoocean_interfaces/install/holoocean_interfaces/include/holoocean_interfaces/holoocean_interfaces/msg
[0.456s] -- Up-to-date: /home/bradenmeyers/ros2ws/src/holoocean_interfaces/install/holoocean_interfaces/include/holoocean_interfaces/holoocean_interfaces/msg/rosidl_typesupport_fastrtps_c__visibility_control.h
[0.456s] -- Up-to-date: /home/bradenmeyers/ros2ws/src/holoocean_interfaces/install/holoocean_interfaces/include/holoocean_interfaces/holoocean_interfaces/msg/detail
[0.456s] -- Up-to-date: /home/bradenmeyers/ros2ws/src/holoocean_interfaces/install/holoocean_interfaces/include/holoocean_interfaces/holoocean_interfaces/msg/detail/range_finder_sensor__rosidl_typesupport_fastrtps_c.h
[0.456s] -- Up-to-date: /home/bradenmeyers/ros2ws/src/holoocean_interfaces/install/holoocean_interfaces/include/holoocean_interfaces/holoocean_interfaces/msg/detail/pose_sensor__rosidl_typesupport_fastrtps_c.h
[0.456s] -- Up-to-date: /home/bradenmeyers/ros2ws/src/holoocean_interfaces/install/holoocean_interfaces/include/holoocean_interfaces/holoocean_interfaces/msg/detail/depth_sensor__rosidl_typesupport_fastrtps_c.h
[0.456s] -- Up-to-date: /home/bradenmeyers/ros2ws/src/holoocean_interfaces/install/holoocean_interfaces/include/holoocean_interfaces/holoocean_interfaces/msg/detail/orientation_sensor__rosidl_typesupport_fastrtps_c.h
[0.456s] -- Up-to-date: /home/bradenmeyers/ros2ws/src/holoocean_interfaces/install/holoocean_interfaces/include/holoocean_interfaces/holoocean_interfaces/msg/detail/dvl_sensor__rosidl_typesupport_fastrtps_c.h
[0.456s] -- Up-to-date: /home/bradenmeyers/ros2ws/src/holoocean_interfaces/install/holoocean_interfaces/include/holoocean_interfaces/holoocean_interfaces/msg/detail/rgb_camera__rosidl_typesupport_fastrtps_c.h
[0.456s] -- Up-to-date: /home/bradenmeyers/ros2ws/src/holoocean_interfaces/install/holoocean_interfaces/include/holoocean_interfaces/holoocean_interfaces/msg/detail/acoustic_beacon_sensor__rosidl_typesupport_fastrtps_c.h
[0.456s] -- Up-to-date: /home/bradenmeyers/ros2ws/src/holoocean_interfaces/install/holoocean_interfaces/include/holoocean_interfaces/holoocean_interfaces/msg/detail/location_sensor__rosidl_typesupport_fastrtps_c.h
[0.456s] -- Up-to-date: /home/bradenmeyers/ros2ws/src/holoocean_interfaces/install/holoocean_interfaces/include/holoocean_interfaces/holoocean_interfaces/msg/detail/gps_sensor__rosidl_typesupport_fastrtps_c.h
[0.456s] -- Up-to-date: /home/bradenmeyers/ros2ws/src/holoocean_interfaces/install/holoocean_interfaces/include/holoocean_interfaces/holoocean_interfaces/msg/detail/rotation_sensor__rosidl_typesupport_fastrtps_c.h
[0.457s] -- Up-to-date: /home/bradenmeyers/ros2ws/src/holoocean_interfaces/install/holoocean_interfaces/include/holoocean_interfaces/holoocean_interfaces/msg/detail/imaging_sonar__rosidl_typesupport_fastrtps_c.h
[0.457s] -- Up-to-date: /home/bradenmeyers/ros2ws/src/holoocean_interfaces/install/holoocean_interfaces/include/holoocean_interfaces/holoocean_interfaces/msg/detail/imu_sensor__rosidl_typesupport_fastrtps_c.h
[0.457s] -- Up-to-date: /home/bradenmeyers/ros2ws/src/holoocean_interfaces/install/holoocean_interfaces/include/holoocean_interfaces/holoocean_interfaces/msg/detail/velocity_sensor__rosidl_typesupport_fastrtps_c.h
[0.457s] -- Up-to-date: /home/bradenmeyers/ros2ws/src/holoocean_interfaces/install/holoocean_interfaces/lib/libholoocean_interfaces__rosidl_typesupport_fastrtps_c.so
[0.457s] -- Up-to-date: /home/bradenmeyers/ros2ws/src/holoocean_interfaces/install/holoocean_interfaces/include/holoocean_interfaces/holoocean_interfaces
[0.457s] -- Up-to-date: /home/bradenmeyers/ros2ws/src/holoocean_interfaces/install/holoocean_interfaces/include/holoocean_interfaces/holoocean_interfaces/msg
[0.457s] -- Up-to-date: /home/bradenmeyers/ros2ws/src/holoocean_interfaces/install/holoocean_interfaces/include/holoocean_interfaces/holoocean_interfaces/msg/rosidl_typesupport_introspection_c__visibility_control.h
[0.457s] -- Up-to-date: /home/bradenmeyers/ros2ws/src/holoocean_interfaces/install/holoocean_interfaces/include/holoocean_interfaces/holoocean_interfaces/msg/detail
[0.457s] -- Up-to-date: /home/bradenmeyers/ros2ws/src/holoocean_interfaces/install/holoocean_interfaces/include/holoocean_interfaces/holoocean_interfaces/msg/detail/rotation_sensor__rosidl_typesupport_introspection_c.h
[0.457s] -- Up-to-date: /home/bradenmeyers/ros2ws/src/holoocean_interfaces/install/holoocean_interfaces/include/holoocean_interfaces/holoocean_interfaces/msg/detail/gps_sensor__rosidl_typesupport_introspection_c.h
[0.457s] -- Up-to-date: /home/bradenmeyers/ros2ws/src/holoocean_interfaces/install/holoocean_interfaces/include/holoocean_interfaces/holoocean_interfaces/msg/detail/pose_sensor__type_support.c
[0.457s] -- Up-to-date: /home/bradenmeyers/ros2ws/src/holoocean_interfaces/install/holoocean_interfaces/include/holoocean_interfaces/holoocean_interfaces/msg/detail/depth_sensor__type_support.c
[0.457s] -- Up-to-date: /home/bradenmeyers/ros2ws/src/holoocean_interfaces/install/holoocean_interfaces/include/holoocean_interfaces/holoocean_interfaces/msg/detail/dvl_sensor__type_support.c
[0.457s] -- Up-to-date: /home/bradenmeyers/ros2ws/src/holoocean_interfaces/install/holoocean_interfaces/include/holoocean_interfaces/holoocean_interfaces/msg/detail/location_sensor__rosidl_typesupport_introspection_c.h
[0.457s] -- Up-to-date: /home/bradenmeyers/ros2ws/src/holoocean_interfaces/install/holoocean_interfaces/include/holoocean_interfaces/holoocean_interfaces/msg/detail/imu_sensor__rosidl_typesupport_introspection_c.h
[0.457s] -- Up-to-date: /home/bradenmeyers/ros2ws/src/holoocean_interfaces/install/holoocean_interfaces/include/holoocean_interfaces/holoocean_interfaces/msg/detail/imaging_sonar__type_support.c
[0.457s] -- Up-to-date: /home/bradenmeyers/ros2ws/src/holoocean_interfaces/install/holoocean_interfaces/include/holoocean_interfaces/holoocean_interfaces/msg/detail/acoustic_beacon_sensor__rosidl_typesupport_introspection_c.h
[0.457s] -- Up-to-date: /home/bradenmeyers/ros2ws/src/holoocean_interfaces/install/holoocean_interfaces/include/holoocean_interfaces/holoocean_interfaces/msg/detail/imaging_sonar__rosidl_typesupport_introspection_c.h
[0.457s] -- Up-to-date: /home/bradenmeyers/ros2ws/src/holoocean_interfaces/install/holoocean_interfaces/include/holoocean_interfaces/holoocean_interfaces/msg/detail/velocity_sensor__type_support.c
[0.457s] -- Up-to-date: /home/bradenmeyers/ros2ws/src/holoocean_interfaces/install/holoocean_interfaces/include/holoocean_interfaces/holoocean_interfaces/msg/detail/velocity_sensor__rosidl_typesupport_introspection_c.h
[0.457s] -- Up-to-date: /home/bradenmeyers/ros2ws/src/holoocean_interfaces/install/holoocean_interfaces/include/holoocean_interfaces/holoocean_interfaces/msg/detail/pose_sensor__rosidl_typesupport_introspection_c.h
[0.457s] -- Up-to-date: /home/bradenmeyers/ros2ws/src/holoocean_interfaces/install/holoocean_interfaces/include/holoocean_interfaces/holoocean_interfaces/msg/detail/gps_sensor__type_support.c
[0.457s] -- Up-to-date: /home/bradenmeyers/ros2ws/src/holoocean_interfaces/install/holoocean_interfaces/include/holoocean_interfaces/holoocean_interfaces/msg/detail/range_finder_sensor__rosidl_typesupport_introspection_c.h
[0.457s] -- Up-to-date: /home/bradenmeyers/ros2ws/src/holoocean_interfaces/install/holoocean_interfaces/include/holoocean_interfaces/holoocean_interfaces/msg/detail/location_sensor__type_support.c
[0.457s] -- Up-to-date: /home/bradenmeyers/ros2ws/src/holoocean_interfaces/install/holoocean_interfaces/include/holoocean_interfaces/holoocean_interfaces/msg/detail/rotation_sensor__type_support.c
[0.457s] -- Up-to-date: /home/bradenmeyers/ros2ws/src/holoocean_interfaces/install/holoocean_interfaces/include/holoocean_interfaces/holoocean_interfaces/msg/detail/dvl_sensor__rosidl_typesupport_introspection_c.h
[0.457s] -- Up-to-date: /home/bradenmeyers/ros2ws/src/holoocean_interfaces/install/holoocean_interfaces/include/holoocean_interfaces/holoocean_interfaces/msg/detail/rgb_camera__type_support.c
[0.457s] -- Up-to-date: /home/bradenmeyers/ros2ws/src/holoocean_interfaces/install/holoocean_interfaces/include/holoocean_interfaces/holoocean_interfaces/msg/detail/range_finder_sensor__type_support.c
[0.457s] -- Up-to-date: /home/bradenmeyers/ros2ws/src/holoocean_interfaces/install/holoocean_interfaces/include/holoocean_interfaces/holoocean_interfaces/msg/detail/rgb_camera__rosidl_typesupport_introspection_c.h
[0.458s] -- Up-to-date: /home/bradenmeyers/ros2ws/src/holoocean_interfaces/install/holoocean_interfaces/include/holoocean_interfaces/holoocean_interfaces/msg/detail/acoustic_beacon_sensor__type_support.c
[0.458s] -- Up-to-date: /home/bradenmeyers/ros2ws/src/holoocean_interfaces/install/holoocean_interfaces/include/holoocean_interfaces/holoocean_interfaces/msg/detail/imu_sensor__type_support.c
[0.458s] -- Up-to-date: /home/bradenmeyers/ros2ws/src/holoocean_interfaces/install/holoocean_interfaces/include/holoocean_interfaces/holoocean_interfaces/msg/detail/depth_sensor__rosidl_typesupport_introspection_c.h
[0.458s] -- Up-to-date: /home/bradenmeyers/ros2ws/src/holoocean_interfaces/install/holoocean_interfaces/include/holoocean_interfaces/holoocean_interfaces/msg/detail/orientation_sensor__type_support.c
[0.458s] -- Up-to-date: /home/bradenmeyers/ros2ws/src/holoocean_interfaces/install/holoocean_interfaces/include/holoocean_interfaces/holoocean_interfaces/msg/detail/orientation_sensor__rosidl_typesupport_introspection_c.h
[0.458s] -- Up-to-date: /home/bradenmeyers/ros2ws/src/holoocean_interfaces/install/holoocean_interfaces/lib/libholoocean_interfaces__rosidl_typesupport_introspection_c.so
[0.458s] -- Up-to-date: /home/bradenmeyers/ros2ws/src/holoocean_interfaces/install/holoocean_interfaces/lib/libholoocean_interfaces__rosidl_typesupport_c.so
[0.458s] -- Up-to-date: /home/bradenmeyers/ros2ws/src/holoocean_interfaces/install/holoocean_interfaces/include/holoocean_interfaces/holoocean_interfaces
[0.458s] -- Up-to-date: /home/bradenmeyers/ros2ws/src/holoocean_interfaces/install/holoocean_interfaces/include/holoocean_interfaces/holoocean_interfaces/msg
[0.458s] -- Up-to-date: /home/bradenmeyers/ros2ws/src/holoocean_interfaces/install/holoocean_interfaces/include/holoocean_interfaces/holoocean_interfaces/msg/depth_sensor.hpp
[0.458s] -- Up-to-date: /home/bradenmeyers/ros2ws/src/holoocean_interfaces/install/holoocean_interfaces/include/holoocean_interfaces/holoocean_interfaces/msg/range_finder_sensor.hpp
[0.458s] -- Up-to-date: /home/bradenmeyers/ros2ws/src/holoocean_interfaces/install/holoocean_interfaces/include/holoocean_interfaces/holoocean_interfaces/msg/rotation_sensor.hpp
[0.458s] -- Up-to-date: /home/bradenmeyers/ros2ws/src/holoocean_interfaces/install/holoocean_interfaces/include/holoocean_interfaces/holoocean_interfaces/msg/acoustic_beacon_sensor.hpp
[0.458s] -- Up-to-date: /home/bradenmeyers/ros2ws/src/holoocean_interfaces/install/holoocean_interfaces/include/holoocean_interfaces/holoocean_interfaces/msg/velocity_sensor.hpp
[0.458s] -- Up-to-date: /home/bradenmeyers/ros2ws/src/holoocean_interfaces/install/holoocean_interfaces/include/holoocean_interfaces/holoocean_interfaces/msg/dvl_sensor.hpp
[0.458s] -- Up-to-date: /home/bradenmeyers/ros2ws/src/holoocean_interfaces/install/holoocean_interfaces/include/holoocean_interfaces/holoocean_interfaces/msg/imu_sensor.hpp
[0.458s] -- Up-to-date: /home/bradenmeyers/ros2ws/src/holoocean_interfaces/install/holoocean_interfaces/include/holoocean_interfaces/holoocean_interfaces/msg/imaging_sonar.hpp
[0.458s] -- Up-to-date: /home/bradenmeyers/ros2ws/src/holoocean_interfaces/install/holoocean_interfaces/include/holoocean_interfaces/holoocean_interfaces/msg/orientation_sensor.hpp
[0.458s] -- Up-to-date: /home/bradenmeyers/ros2ws/src/holoocean_interfaces/install/holoocean_interfaces/include/holoocean_interfaces/holoocean_interfaces/msg/location_sensor.hpp
[0.458s] -- Up-to-date: /home/bradenmeyers/ros2ws/src/holoocean_interfaces/install/holoocean_interfaces/include/holoocean_interfaces/holoocean_interfaces/msg/gps_sensor.hpp
[0.458s] -- Up-to-date: /home/bradenmeyers/ros2ws/src/holoocean_interfaces/install/holoocean_interfaces/include/holoocean_interfaces/holoocean_interfaces/msg/detail
[0.458s] -- Up-to-date: /home/bradenmeyers/ros2ws/src/holoocean_interfaces/install/holoocean_interfaces/include/holoocean_interfaces/holoocean_interfaces/msg/detail/rgb_camera__struct.hpp
[0.458s] -- Up-to-date: /home/bradenmeyers/ros2ws/src/holoocean_interfaces/install/holoocean_interfaces/include/holoocean_interfaces/holoocean_interfaces/msg/detail/dvl_sensor__builder.hpp
[0.458s] -- Up-to-date: /home/bradenmeyers/ros2ws/src/holoocean_interfaces/install/holoocean_interfaces/include/holoocean_interfaces/holoocean_interfaces/msg/detail/acoustic_beacon_sensor__builder.hpp
[0.458s] -- Up-to-date: /home/bradenmeyers/ros2ws/src/holoocean_interfaces/install/holoocean_interfaces/include/holoocean_interfaces/holoocean_interfaces/msg/detail/acoustic_beacon_sensor__struct.hpp
[0.458s] -- Up-to-date: /home/bradenmeyers/ros2ws/src/holoocean_interfaces/install/holoocean_interfaces/include/holoocean_interfaces/holoocean_interfaces/msg/detail/acoustic_beacon_sensor__traits.hpp
[0.458s] -- Up-to-date: /home/bradenmeyers/ros2ws/src/holoocean_interfaces/install/holoocean_interfaces/include/holoocean_interfaces/holoocean_interfaces/msg/detail/velocity_sensor__traits.hpp
[0.458s] -- Up-to-date: /home/bradenmeyers/ros2ws/src/holoocean_interfaces/install/holoocean_interfaces/include/holoocean_interfaces/holoocean_interfaces/msg/detail/depth_sensor__struct.hpp
[0.458s] -- Up-to-date: /home/bradenmeyers/ros2ws/src/holoocean_interfaces/install/holoocean_interfaces/include/holoocean_interfaces/holoocean_interfaces/msg/detail/imaging_sonar__traits.hpp
[0.458s] -- Up-to-date: /home/bradenmeyers/ros2ws/src/holoocean_interfaces/install/holoocean_interfaces/include/holoocean_interfaces/holoocean_interfaces/msg/detail/imu_sensor__struct.hpp
[0.458s] -- Up-to-date: /home/bradenmeyers/ros2ws/src/holoocean_interfaces/install/holoocean_interfaces/include/holoocean_interfaces/holoocean_interfaces/msg/detail/depth_sensor__traits.hpp
[0.458s] -- Up-to-date: /home/bradenmeyers/ros2ws/src/holoocean_interfaces/install/holoocean_interfaces/include/holoocean_interfaces/holoocean_interfaces/msg/detail/rotation_sensor__builder.hpp
[0.458s] -- Up-to-date: /home/bradenmeyers/ros2ws/src/holoocean_interfaces/install/holoocean_interfaces/include/holoocean_interfaces/holoocean_interfaces/msg/detail/location_sensor__builder.hpp
[0.458s] -- Up-to-date: /home/bradenmeyers/ros2ws/src/holoocean_interfaces/install/holoocean_interfaces/include/holoocean_interfaces/holoocean_interfaces/msg/detail/gps_sensor__traits.hpp
[0.458s] -- Up-to-date: /home/bradenmeyers/ros2ws/src/holoocean_interfaces/install/holoocean_interfaces/include/holoocean_interfaces/holoocean_interfaces/msg/detail/imu_sensor__traits.hpp
[0.459s] -- Up-to-date: /home/bradenmeyers/ros2ws/src/holoocean_interfaces/install/holoocean_interfaces/include/holoocean_interfaces/holoocean_interfaces/msg/detail/rotation_sensor__traits.hpp
[0.459s] -- Up-to-date: /home/bradenmeyers/ros2ws/src/holoocean_interfaces/install/holoocean_interfaces/include/holoocean_interfaces/holoocean_interfaces/msg/detail/gps_sensor__builder.hpp
[0.459s] -- Up-to-date: /home/bradenmeyers/ros2ws/src/holoocean_interfaces/install/holoocean_interfaces/include/holoocean_interfaces/holoocean_interfaces/msg/detail/gps_sensor__struct.hpp
[0.459s] -- Up-to-date: /home/bradenmeyers/ros2ws/src/holoocean_interfaces/install/holoocean_interfaces/include/holoocean_interfaces/holoocean_interfaces/msg/detail/range_finder_sensor__traits.hpp
[0.459s] -- Up-to-date: /home/bradenmeyers/ros2ws/src/holoocean_interfaces/install/holoocean_interfaces/include/holoocean_interfaces/holoocean_interfaces/msg/detail/imaging_sonar__builder.hpp
[0.459s] -- Up-to-date: /home/bradenmeyers/ros2ws/src/holoocean_interfaces/install/holoocean_interfaces/include/holoocean_interfaces/holoocean_interfaces/msg/detail/pose_sensor__traits.hpp
[0.459s] -- Up-to-date: /home/bradenmeyers/ros2ws/src/holoocean_interfaces/install/holoocean_interfaces/include/holoocean_interfaces/holoocean_interfaces/msg/detail/location_sensor__traits.hpp
[0.459s] -- Up-to-date: /home/bradenmeyers/ros2ws/src/holoocean_interfaces/install/holoocean_interfaces/include/holoocean_interfaces/holoocean_interfaces/msg/detail/rgb_camera__builder.hpp
[0.459s] -- Up-to-date: /home/bradenmeyers/ros2ws/src/holoocean_interfaces/install/holoocean_interfaces/include/holoocean_interfaces/holoocean_interfaces/msg/detail/pose_sensor__struct.hpp
[0.459s] -- Up-to-date: /home/bradenmeyers/ros2ws/src/holoocean_interfaces/install/holoocean_interfaces/include/holoocean_interfaces/holoocean_interfaces/msg/detail/location_sensor__struct.hpp
[0.459s] -- Up-to-date: /home/bradenmeyers/ros2ws/src/holoocean_interfaces/install/holoocean_interfaces/include/holoocean_interfaces/holoocean_interfaces/msg/detail/velocity_sensor__builder.hpp
[0.459s] -- Up-to-date: /home/bradenmeyers/ros2ws/src/holoocean_interfaces/install/holoocean_interfaces/include/holoocean_interfaces/holoocean_interfaces/msg/detail/rotation_sensor__struct.hpp
[0.459s] -- Up-to-date: /home/bradenmeyers/ros2ws/src/holoocean_interfaces/install/holoocean_interfaces/include/holoocean_interfaces/holoocean_interfaces/msg/detail/range_finder_sensor__struct.hpp
[0.459s] -- Up-to-date: /home/bradenmeyers/ros2ws/src/holoocean_interfaces/install/holoocean_interfaces/include/holoocean_interfaces/holoocean_interfaces/msg/detail/imu_sensor__builder.hpp
[0.459s] -- Up-to-date: /home/bradenmeyers/ros2ws/src/holoocean_interfaces/install/holoocean_interfaces/include/holoocean_interfaces/holoocean_interfaces/msg/detail/velocity_sensor__struct.hpp
[0.459s] -- Up-to-date: /home/bradenmeyers/ros2ws/src/holoocean_interfaces/install/holoocean_interfaces/include/holoocean_interfaces/holoocean_interfaces/msg/detail/dvl_sensor__struct.hpp
[0.459s] -- Up-to-date: /home/bradenmeyers/ros2ws/src/holoocean_interfaces/install/holoocean_interfaces/include/holoocean_interfaces/holoocean_interfaces/msg/detail/imaging_sonar__struct.hpp
[0.459s] -- Up-to-date: /home/bradenmeyers/ros2ws/src/holoocean_interfaces/install/holoocean_interfaces/include/holoocean_interfaces/holoocean_interfaces/msg/detail/pose_sensor__builder.hpp
[0.459s] -- Up-to-date: /home/bradenmeyers/ros2ws/src/holoocean_interfaces/install/holoocean_interfaces/include/holoocean_interfaces/holoocean_interfaces/msg/detail/orientation_sensor__builder.hpp
[0.459s] -- Up-to-date: /home/bradenmeyers/ros2ws/src/holoocean_interfaces/install/holoocean_interfaces/include/holoocean_interfaces/holoocean_interfaces/msg/detail/dvl_sensor__traits.hpp
[0.459s] -- Up-to-date: /home/bradenmeyers/ros2ws/src/holoocean_interfaces/install/holoocean_interfaces/include/holoocean_interfaces/holoocean_interfaces/msg/detail/depth_sensor__builder.hpp
[0.459s] -- Up-to-date: /home/bradenmeyers/ros2ws/src/holoocean_interfaces/install/holoocean_interfaces/include/holoocean_interfaces/holoocean_interfaces/msg/detail/range_finder_sensor__builder.hpp
[0.459s] -- Up-to-date: /home/bradenmeyers/ros2ws/src/holoocean_interfaces/install/holoocean_interfaces/include/holoocean_interfaces/holoocean_interfaces/msg/detail/orientation_sensor__traits.hpp
[0.459s] -- Up-to-date: /home/bradenmeyers/ros2ws/src/holoocean_interfaces/install/holoocean_interfaces/include/holoocean_interfaces/holoocean_interfaces/msg/detail/rgb_camera__traits.hpp
[0.459s] -- Up-to-date: /home/bradenmeyers/ros2ws/src/holoocean_interfaces/install/holoocean_interfaces/include/holoocean_interfaces/holoocean_interfaces/msg/detail/orientation_sensor__struct.hpp
[0.459s] -- Up-to-date: /home/bradenmeyers/ros2ws/src/holoocean_interfaces/install/holoocean_interfaces/include/holoocean_interfaces/holoocean_interfaces/msg/pose_sensor.hpp
[0.459s] -- Up-to-date: /home/bradenmeyers/ros2ws/src/holoocean_interfaces/install/holoocean_interfaces/include/holoocean_interfaces/holoocean_interfaces/msg/rgb_camera.hpp
[0.459s] -- Up-to-date: /home/bradenmeyers/ros2ws/src/holoocean_interfaces/install/holoocean_interfaces/include/holoocean_interfaces/holoocean_interfaces
[0.459s] -- Up-to-date: /home/bradenmeyers/ros2ws/src/holoocean_interfaces/install/holoocean_interfaces/include/holoocean_interfaces/holoocean_interfaces/msg
[0.459s] -- Up-to-date: /home/bradenmeyers/ros2ws/src/holoocean_interfaces/install/holoocean_interfaces/include/holoocean_interfaces/holoocean_interfaces/msg/rosidl_typesupport_fastrtps_cpp__visibility_control.h
[0.459s] -- Up-to-date: /home/bradenmeyers/ros2ws/src/holoocean_interfaces/install/holoocean_interfaces/include/holoocean_interfaces/holoocean_interfaces/msg/detail
[0.459s] -- Up-to-date: /home/bradenmeyers/ros2ws/src/holoocean_interfaces/install/holoocean_interfaces/include/holoocean_interfaces/holoocean_interfaces/msg/detail/dds_fastrtps
[0.459s] -- Up-to-date: /home/bradenmeyers/ros2ws/src/holoocean_interfaces/install/holoocean_interfaces/include/holoocean_interfaces/holoocean_interfaces/msg/detail/imaging_sonar__rosidl_typesupport_fastrtps_cpp.hpp
[0.460s] -- Up-to-date: /home/bradenmeyers/ros2ws/src/holoocean_interfaces/install/holoocean_interfaces/include/holoocean_interfaces/holoocean_interfaces/msg/detail/gps_sensor__rosidl_typesupport_fastrtps_cpp.hpp
[0.460s] -- Up-to-date: /home/bradenmeyers/ros2ws/src/holoocean_interfaces/install/holoocean_interfaces/include/holoocean_interfaces/holoocean_interfaces/msg/detail/dvl_sensor__rosidl_typesupport_fastrtps_cpp.hpp
[0.460s] -- Up-to-date: /home/bradenmeyers/ros2ws/src/holoocean_interfaces/install/holoocean_interfaces/include/holoocean_interfaces/holoocean_interfaces/msg/detail/rotation_sensor__rosidl_typesupport_fastrtps_cpp.hpp
[0.460s] -- Up-to-date: /home/bradenmeyers/ros2ws/src/holoocean_interfaces/install/holoocean_interfaces/include/holoocean_interfaces/holoocean_interfaces/msg/detail/depth_sensor__rosidl_typesupport_fastrtps_cpp.hpp
[0.460s] -- Up-to-date: /home/bradenmeyers/ros2ws/src/holoocean_interfaces/install/holoocean_interfaces/include/holoocean_interfaces/holoocean_interfaces/msg/detail/acoustic_beacon_sensor__rosidl_typesupport_fastrtps_cpp.hpp
[0.460s] -- Up-to-date: /home/bradenmeyers/ros2ws/src/holoocean_interfaces/install/holoocean_interfaces/include/holoocean_interfaces/holoocean_interfaces/msg/detail/imu_sensor__rosidl_typesupport_fastrtps_cpp.hpp
[0.460s] -- Up-to-date: /home/bradenmeyers/ros2ws/src/holoocean_interfaces/install/holoocean_interfaces/include/holoocean_interfaces/holoocean_interfaces/msg/detail/pose_sensor__rosidl_typesupport_fastrtps_cpp.hpp
[0.460s] -- Up-to-date: /home/bradenmeyers/ros2ws/src/holoocean_interfaces/install/holoocean_interfaces/include/holoocean_interfaces/holoocean_interfaces/msg/detail/rgb_camera__rosidl_typesupport_fastrtps_cpp.hpp
[0.460s] -- Up-to-date: /home/bradenmeyers/ros2ws/src/holoocean_interfaces/install/holoocean_interfaces/include/holoocean_interfaces/holoocean_interfaces/msg/detail/velocity_sensor__rosidl_typesupport_fastrtps_cpp.hpp
[0.460s] -- Up-to-date: /home/bradenmeyers/ros2ws/src/holoocean_interfaces/install/holoocean_interfaces/include/holoocean_interfaces/holoocean_interfaces/msg/detail/range_finder_sensor__rosidl_typesupport_fastrtps_cpp.hpp
[0.460s] -- Up-to-date: /home/bradenmeyers/ros2ws/src/holoocean_interfaces/install/holoocean_interfaces/include/holoocean_interfaces/holoocean_interfaces/msg/detail/location_sensor__rosidl_typesupport_fastrtps_cpp.hpp
[0.460s] -- Up-to-date: /home/bradenmeyers/ros2ws/src/holoocean_interfaces/install/holoocean_interfaces/include/holoocean_interfaces/holoocean_interfaces/msg/detail/orientation_sensor__rosidl_typesupport_fastrtps_cpp.hpp
[0.460s] -- Up-to-date: /home/bradenmeyers/ros2ws/src/holoocean_interfaces/install/holoocean_interfaces/lib/libholoocean_interfaces__rosidl_typesupport_fastrtps_cpp.so
[0.460s] -- Up-to-date: /home/bradenmeyers/ros2ws/src/holoocean_interfaces/install/holoocean_interfaces/include/holoocean_interfaces/holoocean_interfaces
[0.460s] -- Up-to-date: /home/bradenmeyers/ros2ws/src/holoocean_interfaces/install/holoocean_interfaces/include/holoocean_interfaces/holoocean_interfaces/msg
[0.460s] -- Up-to-date: /home/bradenmeyers/ros2ws/src/holoocean_interfaces/install/holoocean_interfaces/include/holoocean_interfaces/holoocean_interfaces/msg/detail
[0.460s] -- Up-to-date: /home/bradenmeyers/ros2ws/src/holoocean_interfaces/install/holoocean_interfaces/include/holoocean_interfaces/holoocean_interfaces/msg/detail/rgb_camera__rosidl_typesupport_introspection_cpp.hpp
[0.460s] -- Up-to-date: /home/bradenmeyers/ros2ws/src/holoocean_interfaces/install/holoocean_interfaces/include/holoocean_interfaces/holoocean_interfaces/msg/detail/dvl_sensor__type_support.cpp
[0.460s] -- Up-to-date: /home/bradenmeyers/ros2ws/src/holoocean_interfaces/install/holoocean_interfaces/include/holoocean_interfaces/holoocean_interfaces/msg/detail/rotation_sensor__type_support.cpp
[0.460s] -- Up-to-date: /home/bradenmeyers/ros2ws/src/holoocean_interfaces/install/holoocean_interfaces/include/holoocean_interfaces/holoocean_interfaces/msg/detail/gps_sensor__rosidl_typesupport_introspection_cpp.hpp
[0.460s] -- Up-to-date: /home/bradenmeyers/ros2ws/src/holoocean_interfaces/install/holoocean_interfaces/include/holoocean_interfaces/holoocean_interfaces/msg/detail/imu_sensor__type_support.cpp
[0.460s] -- Up-to-date: /home/bradenmeyers/ros2ws/src/holoocean_interfaces/install/holoocean_interfaces/include/holoocean_interfaces/holoocean_interfaces/msg/detail/velocity_sensor__rosidl_typesupport_introspection_cpp.hpp
[0.460s] -- Up-to-date: /home/bradenmeyers/ros2ws/src/holoocean_interfaces/install/holoocean_interfaces/include/holoocean_interfaces/holoocean_interfaces/msg/detail/range_finder_sensor__type_support.cpp
[0.460s] -- Up-to-date: /home/bradenmeyers/ros2ws/src/holoocean_interfaces/install/holoocean_interfaces/include/holoocean_interfaces/holoocean_interfaces/msg/detail/pose_sensor__type_support.cpp
[0.460s] -- Up-to-date: /home/bradenmeyers/ros2ws/src/holoocean_interfaces/install/holoocean_interfaces/include/holoocean_interfaces/holoocean_interfaces/msg/detail/pose_sensor__rosidl_typesupport_introspection_cpp.hpp
[0.460s] -- Up-to-date: /home/bradenmeyers/ros2ws/src/holoocean_interfaces/install/holoocean_interfaces/include/holoocean_interfaces/holoocean_interfaces/msg/detail/acoustic_beacon_sensor__type_support.cpp
[0.460s] -- Up-to-date: /home/bradenmeyers/ros2ws/src/holoocean_interfaces/install/holoocean_interfaces/include/holoocean_interfaces/holoocean_interfaces/msg/detail/range_finder_sensor__rosidl_typesupport_introspection_cpp.hpp
[0.460s] -- Up-to-date: /home/bradenmeyers/ros2ws/src/holoocean_interfaces/install/holoocean_interfaces/include/holoocean_interfaces/holoocean_interfaces/msg/detail/gps_sensor__type_support.cpp
[0.460s] -- Up-to-date: /home/bradenmeyers/ros2ws/src/holoocean_interfaces/install/holoocean_interfaces/include/holoocean_interfaces/holoocean_interfaces/msg/detail/imaging_sonar__type_support.cpp
[0.460s] -- Up-to-date: /home/bradenmeyers/ros2ws/src/holoocean_interfaces/install/holoocean_interfaces/include/holoocean_interfaces/holoocean_interfaces/msg/detail/depth_sensor__type_support.cpp
[0.460s] -- Up-to-date: /home/bradenmeyers/ros2ws/src/holoocean_interfaces/install/holoocean_interfaces/include/holoocean_interfaces/holoocean_interfaces/msg/detail/imu_sensor__rosidl_typesupport_introspection_cpp.hpp
[0.460s] -- Up-to-date: /home/bradenmeyers/ros2ws/src/holoocean_interfaces/install/holoocean_interfaces/include/holoocean_interfaces/holoocean_interfaces/msg/detail/orientation_sensor__rosidl_typesupport_introspection_cpp.hpp
[0.460s] -- Up-to-date: /home/bradenmeyers/ros2ws/src/holoocean_interfaces/install/holoocean_interfaces/include/holoocean_interfaces/holoocean_interfaces/msg/detail/location_sensor__rosidl_typesupport_introspection_cpp.hpp
[0.460s] -- Up-to-date: /home/bradenmeyers/ros2ws/src/holoocean_interfaces/install/holoocean_interfaces/include/holoocean_interfaces/holoocean_interfaces/msg/detail/rotation_sensor__rosidl_typesupport_introspection_cpp.hpp
[0.460s] -- Up-to-date: /home/bradenmeyers/ros2ws/src/holoocean_interfaces/install/holoocean_interfaces/include/holoocean_interfaces/holoocean_interfaces/msg/detail/rgb_camera__type_support.cpp
[0.460s] -- Up-to-date: /home/bradenmeyers/ros2ws/src/holoocean_interfaces/install/holoocean_interfaces/include/holoocean_interfaces/holoocean_interfaces/msg/detail/depth_sensor__rosidl_typesupport_introspection_cpp.hpp
[0.460s] -- Up-to-date: /home/bradenmeyers/ros2ws/src/holoocean_interfaces/install/holoocean_interfaces/include/holoocean_interfaces/holoocean_interfaces/msg/detail/dvl_sensor__rosidl_typesupport_introspection_cpp.hpp
[0.461s] -- Up-to-date: /home/bradenmeyers/ros2ws/src/holoocean_interfaces/install/holoocean_interfaces/include/holoocean_interfaces/holoocean_interfaces/msg/detail/imaging_sonar__rosidl_typesupport_introspection_cpp.hpp
[0.461s] -- Up-to-date: /home/bradenmeyers/ros2ws/src/holoocean_interfaces/install/holoocean_interfaces/include/holoocean_interfaces/holoocean_interfaces/msg/detail/location_sensor__type_support.cpp
[0.461s] -- Up-to-date: /home/bradenmeyers/ros2ws/src/holoocean_interfaces/install/holoocean_interfaces/include/holoocean_interfaces/holoocean_interfaces/msg/detail/velocity_sensor__type_support.cpp
[0.461s] -- Up-to-date: /home/bradenmeyers/ros2ws/src/holoocean_interfaces/install/holoocean_interfaces/include/holoocean_interfaces/holoocean_interfaces/msg/detail/acoustic_beacon_sensor__rosidl_typesupport_introspection_cpp.hpp
[0.461s] -- Up-to-date: /home/bradenmeyers/ros2ws/src/holoocean_interfaces/install/holoocean_interfaces/include/holoocean_interfaces/holoocean_interfaces/msg/detail/orientation_sensor__type_support.cpp
[0.461s] -- Up-to-date: /home/bradenmeyers/ros2ws/src/holoocean_interfaces/install/holoocean_interfaces/lib/libholoocean_interfaces__rosidl_typesupport_introspection_cpp.so
[0.461s] -- Up-to-date: /home/bradenmeyers/ros2ws/src/holoocean_interfaces/install/holoocean_interfaces/lib/libholoocean_interfaces__rosidl_typesupport_cpp.so
[0.461s] -- Up-to-date: /home/bradenmeyers/ros2ws/src/holoocean_interfaces/install/holoocean_interfaces/share/holoocean_interfaces/environment/pythonpath.sh
[0.461s] -- Up-to-date: /home/bradenmeyers/ros2ws/src/holoocean_interfaces/install/holoocean_interfaces/share/holoocean_interfaces/environment/pythonpath.dsv
[0.461s] -- Up-to-date: /home/bradenmeyers/ros2ws/src/holoocean_interfaces/install/holoocean_interfaces/local/lib/python3.10/dist-packages/holoocean_interfaces-0.0.0-py3.10.egg-info
[0.461s] -- Installing: /home/bradenmeyers/ros2ws/src/holoocean_interfaces/install/holoocean_interfaces/local/lib/python3.10/dist-packages/holoocean_interfaces-0.0.0-py3.10.egg-info/dependency_links.txt
[0.461s] -- Installing: /home/bradenmeyers/ros2ws/src/holoocean_interfaces/install/holoocean_interfaces/local/lib/python3.10/dist-packages/holoocean_interfaces-0.0.0-py3.10.egg-info/PKG-INFO
[0.461s] -- Installing: /home/bradenmeyers/ros2ws/src/holoocean_interfaces/install/holoocean_interfaces/local/lib/python3.10/dist-packages/holoocean_interfaces-0.0.0-py3.10.egg-info/SOURCES.txt
[0.461s] -- Installing: /home/bradenmeyers/ros2ws/src/holoocean_interfaces/install/holoocean_interfaces/local/lib/python3.10/dist-packages/holoocean_interfaces-0.0.0-py3.10.egg-info/top_level.txt
[0.461s] -- Up-to-date: /home/bradenmeyers/ros2ws/src/holoocean_interfaces/install/holoocean_interfaces/local/lib/python3.10/dist-packages/holoocean_interfaces
[0.461s] -- Up-to-date: /home/bradenmeyers/ros2ws/src/holoocean_interfaces/install/holoocean_interfaces/local/lib/python3.10/dist-packages/holoocean_interfaces/_holoocean_interfaces_s.ep.rosidl_typesupport_fastrtps_c.c
[0.461s] -- Up-to-date: /home/bradenmeyers/ros2ws/src/holoocean_interfaces/install/holoocean_interfaces/local/lib/python3.10/dist-packages/holoocean_interfaces/holoocean_interfaces_s__rosidl_typesupport_c.cpython-310-x86_64-linux-gnu.so
[0.461s] -- Up-to-date: /home/bradenmeyers/ros2ws/src/holoocean_interfaces/install/holoocean_interfaces/local/lib/python3.10/dist-packages/holoocean_interfaces/_holoocean_interfaces_s.ep.rosidl_typesupport_introspection_c.c
[0.461s] -- Up-to-date: /home/bradenmeyers/ros2ws/src/holoocean_interfaces/install/holoocean_interfaces/local/lib/python3.10/dist-packages/holoocean_interfaces/holoocean_interfaces_s__rosidl_typesupport_introspection_c.cpython-310-x86_64-linux-gnu.so
[0.461s] -- Up-to-date: /home/bradenmeyers/ros2ws/src/holoocean_interfaces/install/holoocean_interfaces/local/lib/python3.10/dist-packages/holoocean_interfaces/holoocean_interfaces_s__rosidl_typesupport_fastrtps_c.cpython-310-x86_64-linux-gnu.so
[0.461s] -- Up-to-date: /home/bradenmeyers/ros2ws/src/holoocean_interfaces/install/holoocean_interfaces/local/lib/python3.10/dist-packages/holoocean_interfaces/msg
[0.461s] -- Up-to-date: /home/bradenmeyers/ros2ws/src/holoocean_interfaces/install/holoocean_interfaces/local/lib/python3.10/dist-packages/holoocean_interfaces/msg/_rotation_sensor_s.c
[0.461s] -- Up-to-date: /home/bradenmeyers/ros2ws/src/holoocean_interfaces/install/holoocean_interfaces/local/lib/python3.10/dist-packages/holoocean_interfaces/msg/_pose_sensor.py
[0.461s] -- Up-to-date: /home/bradenmeyers/ros2ws/src/holoocean_interfaces/install/holoocean_interfaces/local/lib/python3.10/dist-packages/holoocean_interfaces/msg/_range_finder_sensor.py
[0.461s] -- Up-to-date: /home/bradenmeyers/ros2ws/src/holoocean_interfaces/install/holoocean_interfaces/local/lib/python3.10/dist-packages/holoocean_interfaces/msg/_location_sensor_s.c
[0.461s] -- Up-to-date: /home/bradenmeyers/ros2ws/src/holoocean_interfaces/install/holoocean_interfaces/local/lib/python3.10/dist-packages/holoocean_interfaces/msg/_acoustic_beacon_sensor_s.c
[0.461s] -- Up-to-date: /home/bradenmeyers/ros2ws/src/holoocean_interfaces/install/holoocean_interfaces/local/lib/python3.10/dist-packages/holoocean_interfaces/msg/_imu_sensor.py
[0.461s] -- Up-to-date: /home/bradenmeyers/ros2ws/src/holoocean_interfaces/install/holoocean_interfaces/local/lib/python3.10/dist-packages/holoocean_interfaces/msg/_rgb_camera_s.c
[0.461s] -- Up-to-date: /home/bradenmeyers/ros2ws/src/holoocean_interfaces/install/holoocean_interfaces/local/lib/python3.10/dist-packages/holoocean_interfaces/msg/_orientation_sensor_s.c
[0.461s] -- Up-to-date: /home/bradenmeyers/ros2ws/src/holoocean_interfaces/install/holoocean_interfaces/local/lib/python3.10/dist-packages/holoocean_interfaces/msg/_depth_sensor.py
[0.461s] -- Up-to-date: /home/bradenmeyers/ros2ws/src/holoocean_interfaces/install/holoocean_interfaces/local/lib/python3.10/dist-packages/holoocean_interfaces/msg/_imu_sensor_s.c
[0.461s] -- Up-to-date: /home/bradenmeyers/ros2ws/src/holoocean_interfaces/install/holoocean_interfaces/local/lib/python3.10/dist-packages/holoocean_interfaces/msg/_gps_sensor_s.c
[0.461s] -- Up-to-date: /home/bradenmeyers/ros2ws/src/holoocean_interfaces/install/holoocean_interfaces/local/lib/python3.10/dist-packages/holoocean_interfaces/msg/_depth_sensor_s.c
[0.462s] -- Up-to-date: /home/bradenmeyers/ros2ws/src/holoocean_interfaces/install/holoocean_interfaces/local/lib/python3.10/dist-packages/holoocean_interfaces/msg/_velocity_sensor.py
[0.462s] -- Up-to-date: /home/bradenmeyers/ros2ws/src/holoocean_interfaces/install/holoocean_interfaces/local/lib/python3.10/dist-packages/holoocean_interfaces/msg/_rgb_camera.py
[0.462s] -- Up-to-date: /home/bradenmeyers/ros2ws/src/holoocean_interfaces/install/holoocean_interfaces/local/lib/python3.10/dist-packages/holoocean_interfaces/msg/_dvl_sensor.py
[0.462s] -- Up-to-date: /home/bradenmeyers/ros2ws/src/holoocean_interfaces/install/holoocean_interfaces/local/lib/python3.10/dist-packages/holoocean_interfaces/msg/_rotation_sensor.py
[0.462s] -- Up-to-date: /home/bradenmeyers/ros2ws/src/holoocean_interfaces/install/holoocean_interfaces/local/lib/python3.10/dist-packages/holoocean_interfaces/msg/_imaging_sonar.py
[0.462s] -- Up-to-date: /home/bradenmeyers/ros2ws/src/holoocean_interfaces/install/holoocean_interfaces/local/lib/python3.10/dist-packages/holoocean_interfaces/msg/_gps_sensor.py
[0.462s] -- Up-to-date: /home/bradenmeyers/ros2ws/src/holoocean_interfaces/install/holoocean_interfaces/local/lib/python3.10/dist-packages/holoocean_interfaces/msg/_orientation_sensor.py
[0.462s] -- Up-to-date: /home/bradenmeyers/ros2ws/src/holoocean_interfaces/install/holoocean_interfaces/local/lib/python3.10/dist-packages/holoocean_interfaces/msg/_pose_sensor_s.c
[0.462s] -- Up-to-date: /home/bradenmeyers/ros2ws/src/holoocean_interfaces/install/holoocean_interfaces/local/lib/python3.10/dist-packages/holoocean_interfaces/msg/_location_sensor.py
[0.462s] -- Up-to-date: /home/bradenmeyers/ros2ws/src/holoocean_interfaces/install/holoocean_interfaces/local/lib/python3.10/dist-packages/holoocean_interfaces/msg/_velocity_sensor_s.c
[0.462s] -- Up-to-date: /home/bradenmeyers/ros2ws/src/holoocean_interfaces/install/holoocean_interfaces/local/lib/python3.10/dist-packages/holoocean_interfaces/msg/_range_finder_sensor_s.c
[0.462s] -- Up-to-date: /home/bradenmeyers/ros2ws/src/holoocean_interfaces/install/holoocean_interfaces/local/lib/python3.10/dist-packages/holoocean_interfaces/msg/_acoustic_beacon_sensor.py
[0.462s] -- Up-to-date: /home/bradenmeyers/ros2ws/src/holoocean_interfaces/install/holoocean_interfaces/local/lib/python3.10/dist-packages/holoocean_interfaces/msg/_dvl_sensor_s.c
[0.462s] -- Up-to-date: /home/bradenmeyers/ros2ws/src/holoocean_interfaces/install/holoocean_interfaces/local/lib/python3.10/dist-packages/holoocean_interfaces/msg/__init__.py
[0.462s] -- Up-to-date: /home/bradenmeyers/ros2ws/src/holoocean_interfaces/install/holoocean_interfaces/local/lib/python3.10/dist-packages/holoocean_interfaces/msg/_imaging_sonar_s.c
[0.462s] -- Up-to-date: /home/bradenmeyers/ros2ws/src/holoocean_interfaces/install/holoocean_interfaces/local/lib/python3.10/dist-packages/holoocean_interfaces/libholoocean_interfaces__rosidl_generator_py.so
[0.462s] -- Up-to-date: /home/bradenmeyers/ros2ws/src/holoocean_interfaces/install/holoocean_interfaces/local/lib/python3.10/dist-packages/holoocean_interfaces/_holoocean_interfaces_s.ep.rosidl_typesupport_c.c
[0.462s] -- Up-to-date: /home/bradenmeyers/ros2ws/src/holoocean_interfaces/install/holoocean_interfaces/local/lib/python3.10/dist-packages/holoocean_interfaces/__init__.py
[0.479s] Listing '/home/bradenmeyers/ros2ws/src/holoocean_interfaces/install/holoocean_interfaces/local/lib/python3.10/dist-packages/holoocean_interfaces'...
[0.479s] Listing '/home/bradenmeyers/ros2ws/src/holoocean_interfaces/install/holoocean_interfaces/local/lib/python3.10/dist-packages/holoocean_interfaces/msg'...
[0.482s] -- Up-to-date: /home/bradenmeyers/ros2ws/src/holoocean_interfaces/install/holoocean_interfaces/local/lib/python3.10/dist-packages/holoocean_interfaces/holoocean_interfaces_s__rosidl_typesupport_fastrtps_c.cpython-310-x86_64-linux-gnu.so
[0.482s] -- Up-to-date: /home/bradenmeyers/ros2ws/src/holoocean_interfaces/install/holoocean_interfaces/local/lib/python3.10/dist-packages/holoocean_interfaces/holoocean_interfaces_s__rosidl_typesupport_introspection_c.cpython-310-x86_64-linux-gnu.so
[0.482s] -- Up-to-date: /home/bradenmeyers/ros2ws/src/holoocean_interfaces/install/holoocean_interfaces/local/lib/python3.10/dist-packages/holoocean_interfaces/holoocean_interfaces_s__rosidl_typesupport_c.cpython-310-x86_64-linux-gnu.so
[0.482s] -- Up-to-date: /home/bradenmeyers/ros2ws/src/holoocean_interfaces/install/holoocean_interfaces/lib/libholoocean_interfaces__rosidl_generator_py.so
[0.483s] -- Up-to-date: /home/bradenmeyers/ros2ws/src/holoocean_interfaces/install/holoocean_interfaces/share/holoocean_interfaces/msg/DVLSensor.idl
[0.483s] -- Up-to-date: /home/bradenmeyers/ros2ws/src/holoocean_interfaces/install/holoocean_interfaces/share/holoocean_interfaces/msg/IMUSensor.idl
[0.483s] -- Up-to-date: /home/bradenmeyers/ros2ws/src/holoocean_interfaces/install/holoocean_interfaces/share/holoocean_interfaces/msg/GPSSensor.idl
[0.483s] -- Up-to-date: /home/bradenmeyers/ros2ws/src/holoocean_interfaces/install/holoocean_interfaces/share/holoocean_interfaces/msg/AcousticBeaconSensor.idl
[0.483s] -- Up-to-date: /home/bradenmeyers/ros2ws/src/holoocean_interfaces/install/holoocean_interfaces/share/holoocean_interfaces/msg/ImagingSonar.idl
[0.483s] -- Up-to-date: /home/bradenmeyers/ros2ws/src/holoocean_interfaces/install/holoocean_interfaces/share/holoocean_interfaces/msg/DepthSensor.idl
[0.483s] -- Up-to-date: /home/bradenmeyers/ros2ws/src/holoocean_interfaces/install/holoocean_interfaces/share/holoocean_interfaces/msg/RGBCamera.idl
[0.483s] -- Up-to-date: /home/bradenmeyers/ros2ws/src/holoocean_interfaces/install/holoocean_interfaces/share/holoocean_interfaces/msg/PoseSensor.idl
[0.483s] -- Up-to-date: /home/bradenmeyers/ros2ws/src/holoocean_interfaces/install/holoocean_interfaces/share/holoocean_interfaces/msg/LocationSensor.idl
[0.483s] -- Up-to-date: /home/bradenmeyers/ros2ws/src/holoocean_interfaces/install/holoocean_interfaces/share/holoocean_interfaces/msg/RangeFinderSensor.idl
[0.483s] -- Up-to-date: /home/bradenmeyers/ros2ws/src/holoocean_interfaces/install/holoocean_interfaces/share/holoocean_interfaces/msg/RotationSensor.idl
[0.483s] -- Up-to-date: /home/bradenmeyers/ros2ws/src/holoocean_interfaces/install/holoocean_interfaces/share/holoocean_interfaces/msg/OrientationSensor.idl
[0.483s] -- Up-to-date: /home/bradenmeyers/ros2ws/src/holoocean_interfaces/install/holoocean_interfaces/share/holoocean_interfaces/msg/VelocitySensor.idl
[0.483s] -- Up-to-date: /home/bradenmeyers/ros2ws/src/holoocean_interfaces/install/holoocean_interfaces/share/holoocean_interfaces/msg/DVLSensor.msg
[0.483s] -- Up-to-date: /home/bradenmeyers/ros2ws/src/holoocean_interfaces/install/holoocean_interfaces/share/holoocean_interfaces/msg/IMUSensor.msg
[0.483s] -- Up-to-date: /home/bradenmeyers/ros2ws/src/holoocean_interfaces/install/holoocean_interfaces/share/holoocean_interfaces/msg/GPSSensor.msg
[0.483s] -- Up-to-date: /home/bradenmeyers/ros2ws/src/holoocean_interfaces/install/holoocean_interfaces/share/holoocean_interfaces/msg/AcousticBeaconSensor.msg
[0.483s] -- Up-to-date: /home/bradenmeyers/ros2ws/src/holoocean_interfaces/install/holoocean_interfaces/share/holoocean_interfaces/msg/ImagingSonar.msg
[0.484s] -- Up-to-date: /home/bradenmeyers/ros2ws/src/holoocean_interfaces/install/holoocean_interfaces/share/holoocean_interfaces/msg/DepthSensor.msg
[0.484s] -- Up-to-date: /home/bradenmeyers/ros2ws/src/holoocean_interfaces/install/holoocean_interfaces/share/holoocean_interfaces/msg/RGBCamera.msg
[0.484s] -- Up-to-date: /home/bradenmeyers/ros2ws/src/holoocean_interfaces/install/holoocean_interfaces/share/holoocean_interfaces/msg/PoseSensor.msg
[0.484s] -- Up-to-date: /home/bradenmeyers/ros2ws/src/holoocean_interfaces/install/holoocean_interfaces/share/holoocean_interfaces/msg/LocationSensor.msg
[0.484s] -- Up-to-date: /home/bradenmeyers/ros2ws/src/holoocean_interfaces/install/holoocean_interfaces/share/holoocean_interfaces/msg/RangeFinderSensor.msg
[0.484s] -- Up-to-date: /home/bradenmeyers/ros2ws/src/holoocean_interfaces/install/holoocean_interfaces/share/holoocean_interfaces/msg/RotationSensor.msg
[0.484s] -- Up-to-date: /home/bradenmeyers/ros2ws/src/holoocean_interfaces/install/holoocean_interfaces/share/holoocean_interfaces/msg/OrientationSensor.msg
[0.484s] -- Up-to-date: /home/bradenmeyers/ros2ws/src/holoocean_interfaces/install/holoocean_interfaces/share/holoocean_interfaces/msg/VelocitySensor.msg
[0.484s] -- Up-to-date: /home/bradenmeyers/ros2ws/src/holoocean_interfaces/install/holoocean_interfaces/share/ament_index/resource_index/package_run_dependencies/holoocean_interfaces
[0.484s] -- Up-to-date: /home/bradenmeyers/ros2ws/src/holoocean_interfaces/install/holoocean_interfaces/share/ament_index/resource_index/parent_prefix_path/holoocean_interfaces
[0.484s] -- Up-to-date: /home/bradenmeyers/ros2ws/src/holoocean_interfaces/install/holoocean_interfaces/share/holoocean_interfaces/environment/ament_prefix_path.sh
[0.484s] -- Up-to-date: /home/bradenmeyers/ros2ws/src/holoocean_interfaces/install/holoocean_interfaces/share/holoocean_interfaces/environment/ament_prefix_path.dsv
[0.484s] -- Up-to-date: /home/bradenmeyers/ros2ws/src/holoocean_interfaces/install/holoocean_interfaces/share/holoocean_interfaces/environment/path.sh
[0.484s] -- Up-to-date: /home/bradenmeyers/ros2ws/src/holoocean_interfaces/install/holoocean_interfaces/share/holoocean_interfaces/environment/path.dsv
[0.484s] -- Up-to-date: /home/bradenmeyers/ros2ws/src/holoocean_interfaces/install/holoocean_interfaces/share/holoocean_interfaces/local_setup.bash
[0.484s] -- Up-to-date: /home/bradenmeyers/ros2ws/src/holoocean_interfaces/install/holoocean_interfaces/share/holoocean_interfaces/local_setup.sh
[0.484s] -- Up-to-date: /home/bradenmeyers/ros2ws/src/holoocean_interfaces/install/holoocean_interfaces/share/holoocean_interfaces/local_setup.zsh
[0.484s] -- Up-to-date: /home/bradenmeyers/ros2ws/src/holoocean_interfaces/install/holoocean_interfaces/share/holoocean_interfaces/local_setup.dsv
[0.484s] -- Installing: /home/bradenmeyers/ros2ws/src/holoocean_interfaces/install/holoocean_interfaces/share/holoocean_interfaces/package.dsv
[0.484s] -- Up-to-date: /home/bradenmeyers/ros2ws/src/holoocean_interfaces/install/holoocean_interfaces/share/ament_index/resource_index/packages/holoocean_interfaces
[0.484s] -- Up-to-date: /home/bradenmeyers/ros2ws/src/holoocean_interfaces/install/holoocean_interfaces/share/holoocean_interfaces/cmake/export_holoocean_interfaces__rosidl_generator_cExport.cmake
[0.484s] -- Up-to-date: /home/bradenmeyers/ros2ws/src/holoocean_interfaces/install/holoocean_interfaces/share/holoocean_interfaces/cmake/export_holoocean_interfaces__rosidl_generator_cExport-noconfig.cmake
[0.484s] -- Up-to-date: /home/bradenmeyers/ros2ws/src/holoocean_interfaces/install/holoocean_interfaces/share/holoocean_interfaces/cmake/export_holoocean_interfaces__rosidl_typesupport_fastrtps_cExport.cmake
[0.484s] -- Up-to-date: /home/bradenmeyers/ros2ws/src/holoocean_interfaces/install/holoocean_interfaces/share/holoocean_interfaces/cmake/export_holoocean_interfaces__rosidl_typesupport_fastrtps_cExport-noconfig.cmake
[0.484s] -- Up-to-date: /home/bradenmeyers/ros2ws/src/holoocean_interfaces/install/holoocean_interfaces/share/holoocean_interfaces/cmake/holoocean_interfaces__rosidl_typesupport_introspection_cExport.cmake
[0.484s] -- Up-to-date: /home/bradenmeyers/ros2ws/src/holoocean_interfaces/install/holoocean_interfaces/share/holoocean_interfaces/cmake/holoocean_interfaces__rosidl_typesupport_introspection_cExport-noconfig.cmake
[0.485s] -- Up-to-date: /home/bradenmeyers/ros2ws/src/holoocean_interfaces/install/holoocean_interfaces/share/holoocean_interfaces/cmake/holoocean_interfaces__rosidl_typesupport_cExport.cmake
[0.485s] -- Up-to-date: /home/bradenmeyers/ros2ws/src/holoocean_interfaces/install/holoocean_interfaces/share/holoocean_interfaces/cmake/holoocean_interfaces__rosidl_typesupport_cExport-noconfig.cmake
[0.485s] -- Up-to-date: /home/bradenmeyers/ros2ws/src/holoocean_interfaces/install/holoocean_interfaces/share/holoocean_interfaces/cmake/export_holoocean_interfaces__rosidl_generator_cppExport.cmake
[0.485s] -- Up-to-date: /home/bradenmeyers/ros2ws/src/holoocean_interfaces/install/holoocean_interfaces/share/holoocean_interfaces/cmake/export_holoocean_interfaces__rosidl_typesupport_fastrtps_cppExport.cmake
[0.485s] -- Up-to-date: /home/bradenmeyers/ros2ws/src/holoocean_interfaces/install/holoocean_interfaces/share/holoocean_interfaces/cmake/export_holoocean_interfaces__rosidl_typesupport_fastrtps_cppExport-noconfig.cmake
[0.485s] -- Up-to-date: /home/bradenmeyers/ros2ws/src/holoocean_interfaces/install/holoocean_interfaces/share/holoocean_interfaces/cmake/holoocean_interfaces__rosidl_typesupport_introspection_cppExport.cmake
[0.485s] -- Up-to-date: /home/bradenmeyers/ros2ws/src/holoocean_interfaces/install/holoocean_interfaces/share/holoocean_interfaces/cmake/holoocean_interfaces__rosidl_typesupport_introspection_cppExport-noconfig.cmake
[0.485s] -- Up-to-date: /home/bradenmeyers/ros2ws/src/holoocean_interfaces/install/holoocean_interfaces/share/holoocean_interfaces/cmake/holoocean_interfaces__rosidl_typesupport_cppExport.cmake
[0.485s] -- Up-to-date: /home/bradenmeyers/ros2ws/src/holoocean_interfaces/install/holoocean_interfaces/share/holoocean_interfaces/cmake/holoocean_interfaces__rosidl_typesupport_cppExport-noconfig.cmake
[0.485s] -- Up-to-date: /home/bradenmeyers/ros2ws/src/holoocean_interfaces/install/holoocean_interfaces/share/holoocean_interfaces/cmake/export_holoocean_interfaces__rosidl_generator_pyExport.cmake
[0.485s] -- Up-to-date: /home/bradenmeyers/ros2ws/src/holoocean_interfaces/install/holoocean_interfaces/share/holoocean_interfaces/cmake/export_holoocean_interfaces__rosidl_generator_pyExport-noconfig.cmake
[0.485s] -- Up-to-date: /home/bradenmeyers/ros2ws/src/holoocean_interfaces/install/holoocean_interfaces/share/holoocean_interfaces/cmake/rosidl_cmake-extras.cmake
[0.485s] -- Up-to-date: /home/bradenmeyers/ros2ws/src/holoocean_interfaces/install/holoocean_interfaces/share/holoocean_interfaces/cmake/ament_cmake_export_dependencies-extras.cmake
[0.485s] -- Up-to-date: /home/bradenmeyers/ros2ws/src/holoocean_interfaces/install/holoocean_interfaces/share/holoocean_interfaces/cmake/ament_cmake_export_include_directories-extras.cmake
[0.485s] -- Up-to-date: /home/bradenmeyers/ros2ws/src/holoocean_interfaces/install/holoocean_interfaces/share/holoocean_interfaces/cmake/ament_cmake_export_libraries-extras.cmake
[0.485s] -- Up-to-date: /home/bradenmeyers/ros2ws/src/holoocean_interfaces/install/holoocean_interfaces/share/holoocean_interfaces/cmake/ament_cmake_export_targets-extras.cmake
[0.485s] -- Up-to-date: /home/bradenmeyers/ros2ws/src/holoocean_interfaces/install/holoocean_interfaces/share/holoocean_interfaces/cmake/rosidl_cmake_export_typesupport_targets-extras.cmake
[0.485s] -- Up-to-date: /home/bradenmeyers/ros2ws/src/holoocean_interfaces/install/holoocean_interfaces/share/holoocean_interfaces/cmake/rosidl_cmake_export_typesupport_libraries-extras.cmake
[0.485s] -- Up-to-date: /home/bradenmeyers/ros2ws/src/holoocean_interfaces/install/holoocean_interfaces/share/holoocean_interfaces/cmake/holoocean_interfacesConfig.cmake
[0.485s] -- Up-to-date: /home/bradenmeyers/ros2ws/src/holoocean_interfaces/install/holoocean_interfaces/share/holoocean_interfaces/cmake/holoocean_interfacesConfig-version.cmake
[0.485s] -- Up-to-date: /home/bradenmeyers/ros2ws/src/holoocean_interfaces/install/holoocean_interfaces/share/holoocean_interfaces/package.xml
[0.486s] Invoked command in '/home/bradenmeyers/ros2ws/src/holoocean_interfaces/build/holoocean_interfaces' returned '0': CMAKE_PREFIX_PATH=${CMAKE_PREFIX_PATH}:/opt/ros/humble:/home/bradenmeyers/ros2ws/install/py_pubsub:/home/bradenmeyers/ros2ws/install/python_parameters:/home/bradenmeyers/ros2ws/install/my_package /usr/bin/cmake --install /home/bradenmeyers/ros2ws/src/holoocean_interfaces/build/holoocean_interfaces
